{"/home/user/Beachl-Turnier/src/context/tournamentActions.ts": {"path":"/home/user/Beachl-Turnier/src/context/tournamentActions.ts","statementMap":{"0":{"start":{"line":62,"column":45},"end":{"line":66,"column":null}}},"fnMap":{},"branchMap":{},"s":{"0":0},"f":{},"b":{},"meta":{"lastBranch":0,"lastFunction":0,"lastStatement":1,"seen":{"s:62:45:66:Infinity":0}}}
,"/home/user/Beachl-Turnier/src/context/tournamentReducer.ts": {"path":"/home/user/Beachl-Turnier/src/context/tournamentReducer.ts","statementMap":{"0":{"start":{"line":15,"column":27},"end":{"line":16,"column":null}},"1":{"start":{"line":16,"column":2},"end":{"line":16,"column":null}},"2":{"start":{"line":19,"column":2},"end":{"line":1036,"column":null}},"3":{"start":{"line":21,"column":6},"end":{"line":21,"column":null}},"4":{"start":{"line":24,"column":21},"end":{"line":24,"column":null}},"5":{"start":{"line":25,"column":20},"end":{"line":29,"column":null}},"6":{"start":{"line":25,"column":52},"end":{"line":29,"column":8}},"7":{"start":{"line":31,"column":12},"end":{"line":31,"column":null}},"8":{"start":{"line":32,"column":12},"end":{"line":32,"column":null}},"9":{"start":{"line":33,"column":12},"end":{"line":33,"column":null}},"10":{"start":{"line":37,"column":6},"end":{"line":45,"column":null}},"11":{"start":{"line":38,"column":8},"end":{"line":38,"column":null}},"12":{"start":{"line":39,"column":6},"end":{"line":45,"column":null}},"13":{"start":{"line":40,"column":8},"end":{"line":40,"column":null}},"14":{"start":{"line":41,"column":6},"end":{"line":45,"column":null}},"15":{"start":{"line":42,"column":8},"end":{"line":42,"column":null}},"16":{"start":{"line":44,"column":8},"end":{"line":44,"column":null}},"17":{"start":{"line":49,"column":6},"end":{"line":59,"column":null}},"18":{"start":{"line":50,"column":14},"end":{"line":54,"column":null}},"19":{"start":{"line":55,"column":8},"end":{"line":58,"column":null}},"20":{"start":{"line":61,"column":40},"end":{"line":98,"column":null}},"21":{"start":{"line":74,"column":35},"end":{"line":84,"column":10}},"22":{"start":{"line":101,"column":48},"end":{"line":115,"column":null}},"23":{"start":{"line":117,"column":6},"end":{"line":122,"column":null}},"24":{"start":{"line":126,"column":6},"end":{"line":126,"column":null}},"25":{"start":{"line":129,"column":6},"end":{"line":136,"column":null}},"26":{"start":{"line":132,"column":10},"end":{"line":134,"column":null}},"27":{"start":{"line":140,"column":23},"end":{"line":140,"column":null}},"28":{"start":{"line":141,"column":25},"end":{"line":141,"column":null}},"29":{"start":{"line":141,"column":53},"end":{"line":141,"column":83}},"30":{"start":{"line":144,"column":24},"end":{"line":148,"column":null}},"31":{"start":{"line":150,"column":6},"end":{"line":186,"column":null}},"32":{"start":{"line":153,"column":10},"end":{"line":153,"column":null}},"33":{"start":{"line":153,"column":46},"end":{"line":153,"column":null}},"34":{"start":{"line":155,"column":10},"end":{"line":155,"column":null}},"35":{"start":{"line":155,"column":44},"end":{"line":155,"column":null}},"36":{"start":{"line":157,"column":10},"end":{"line":170,"column":null}},"37":{"start":{"line":174,"column":10},"end":{"line":174,"column":null}},"38":{"start":{"line":174,"column":48},"end":{"line":174,"column":null}},"39":{"start":{"line":175,"column":10},"end":{"line":184,"column":null}},"40":{"start":{"line":179,"column":14},"end":{"line":181,"column":null}},"41":{"start":{"line":190,"column":32},"end":{"line":190,"column":null}},"42":{"start":{"line":190,"column":60},"end":{"line":190,"column":83}},"43":{"start":{"line":191,"column":6},"end":{"line":191,"column":null}},"44":{"start":{"line":191,"column":30},"end":{"line":191,"column":null}},"45":{"start":{"line":193,"column":12},"end":{"line":193,"column":null}},"46":{"start":{"line":194,"column":27},"end":{"line":194,"column":null}},"47":{"start":{"line":195,"column":26},"end":{"line":195,"column":null}},"48":{"start":{"line":198,"column":6},"end":{"line":239,"column":null}},"49":{"start":{"line":199,"column":8},"end":{"line":199,"column":null}},"50":{"start":{"line":199,"column":37},"end":{"line":199,"column":null}},"51":{"start":{"line":201,"column":22},"end":{"line":201,"column":null}},"52":{"start":{"line":202,"column":27},"end":{"line":202,"column":null}},"53":{"start":{"line":203,"column":29},"end":{"line":203,"column":null}},"54":{"start":{"line":205,"column":10},"end":{"line":229,"column":null}},"55":{"start":{"line":206,"column":12},"end":{"line":206,"column":null}},"56":{"start":{"line":207,"column":10},"end":{"line":229,"column":null}},"57":{"start":{"line":208,"column":12},"end":{"line":208,"column":null}},"58":{"start":{"line":209,"column":12},"end":{"line":209,"column":null}},"59":{"start":{"line":210,"column":10},"end":{"line":229,"column":null}},"60":{"start":{"line":212,"column":12},"end":{"line":212,"column":null}},"61":{"start":{"line":214,"column":12},"end":{"line":228,"column":null}},"62":{"start":{"line":215,"column":14},"end":{"line":227,"column":null}},"63":{"start":{"line":215,"column":52},"end":{"line":227,"column":16}},"64":{"start":{"line":231,"column":8},"end":{"line":238,"column":null}},"65":{"start":{"line":242,"column":6},"end":{"line":309,"column":null}},"66":{"start":{"line":243,"column":34},"end":{"line":243,"column":null}},"67":{"start":{"line":243,"column":59},"end":{"line":243,"column":82}},"68":{"start":{"line":244,"column":8},"end":{"line":308,"column":null}},"69":{"start":{"line":249,"column":10},"end":{"line":271,"column":null}},"70":{"start":{"line":250,"column":18},"end":{"line":253,"column":null}},"71":{"start":{"line":254,"column":12},"end":{"line":254,"column":null}},"72":{"start":{"line":255,"column":12},"end":{"line":255,"column":null}},"73":{"start":{"line":256,"column":10},"end":{"line":271,"column":null}},"74":{"start":{"line":257,"column":18},"end":{"line":260,"column":null}},"75":{"start":{"line":261,"column":12},"end":{"line":261,"column":null}},"76":{"start":{"line":262,"column":12},"end":{"line":262,"column":null}},"77":{"start":{"line":265,"column":18},"end":{"line":268,"column":null}},"78":{"start":{"line":269,"column":12},"end":{"line":269,"column":null}},"79":{"start":{"line":270,"column":12},"end":{"line":270,"column":null}},"80":{"start":{"line":274,"column":30},"end":{"line":274,"column":null}},"81":{"start":{"line":275,"column":47},"end":{"line":281,"column":null}},"82":{"start":{"line":284,"column":10},"end":{"line":284,"column":null}},"83":{"start":{"line":287,"column":36},"end":{"line":287,"column":null}},"84":{"start":{"line":287,"column":60},"end":{"line":287,"column":80}},"85":{"start":{"line":288,"column":10},"end":{"line":307,"column":null}},"86":{"start":{"line":289,"column":12},"end":{"line":306,"column":null}},"87":{"start":{"line":290,"column":14},"end":{"line":290,"column":null}},"88":{"start":{"line":290,"column":40},"end":{"line":290,"column":null}},"89":{"start":{"line":292,"column":34},"end":{"line":292,"column":null}},"90":{"start":{"line":292,"column":53},"end":{"line":292,"column":91}},"91":{"start":{"line":293,"column":14},"end":{"line":293,"column":null}},"92":{"start":{"line":293,"column":31},"end":{"line":293,"column":null}},"93":{"start":{"line":294,"column":14},"end":{"line":305,"column":null}},"94":{"start":{"line":312,"column":6},"end":{"line":356,"column":null}},"95":{"start":{"line":313,"column":34},"end":{"line":313,"column":null}},"96":{"start":{"line":313,"column":59},"end":{"line":313,"column":82}},"97":{"start":{"line":314,"column":8},"end":{"line":355,"column":null}},"98":{"start":{"line":315,"column":16},"end":{"line":318,"column":null}},"99":{"start":{"line":319,"column":36},"end":{"line":319,"column":null}},"100":{"start":{"line":322,"column":30},"end":{"line":322,"column":null}},"101":{"start":{"line":323,"column":46},"end":{"line":329,"column":null}},"102":{"start":{"line":332,"column":10},"end":{"line":332,"column":null}},"103":{"start":{"line":335,"column":36},"end":{"line":335,"column":null}},"104":{"start":{"line":335,"column":60},"end":{"line":335,"column":80}},"105":{"start":{"line":336,"column":10},"end":{"line":354,"column":null}},"106":{"start":{"line":337,"column":12},"end":{"line":353,"column":null}},"107":{"start":{"line":338,"column":14},"end":{"line":338,"column":null}},"108":{"start":{"line":338,"column":40},"end":{"line":338,"column":null}},"109":{"start":{"line":339,"column":33},"end":{"line":339,"column":null}},"110":{"start":{"line":339,"column":52},"end":{"line":339,"column":89}},"111":{"start":{"line":340,"column":14},"end":{"line":340,"column":null}},"112":{"start":{"line":340,"column":30},"end":{"line":340,"column":null}},"113":{"start":{"line":341,"column":14},"end":{"line":352,"column":null}},"114":{"start":{"line":358,"column":6},"end":{"line":362,"column":null}},"115":{"start":{"line":366,"column":32},"end":{"line":366,"column":null}},"116":{"start":{"line":366,"column":60},"end":{"line":366,"column":83}},"117":{"start":{"line":367,"column":6},"end":{"line":367,"column":null}},"118":{"start":{"line":367,"column":30},"end":{"line":367,"column":null}},"119":{"start":{"line":369,"column":27},"end":{"line":369,"column":null}},"120":{"start":{"line":370,"column":26},"end":{"line":370,"column":null}},"121":{"start":{"line":372,"column":6},"end":{"line":394,"column":null}},"122":{"start":{"line":373,"column":26},"end":{"line":373,"column":null}},"123":{"start":{"line":373,"column":50},"end":{"line":373,"column":88}},"124":{"start":{"line":374,"column":8},"end":{"line":393,"column":null}},"125":{"start":{"line":376,"column":32},"end":{"line":378,"column":null}},"126":{"start":{"line":377,"column":25},"end":{"line":377,"column":64}},"127":{"start":{"line":378,"column":22},"end":{"line":378,"column":36}},"128":{"start":{"line":380,"column":10},"end":{"line":380,"column":null}},"129":{"start":{"line":380,"column":54},"end":{"line":380,"column":83}},"130":{"start":{"line":383,"column":10},"end":{"line":392,"column":null}},"131":{"start":{"line":384,"column":12},"end":{"line":384,"column":null}},"132":{"start":{"line":384,"column":56},"end":{"line":384,"column":null}},"133":{"start":{"line":385,"column":12},"end":{"line":391,"column":null}},"134":{"start":{"line":387,"column":43},"end":{"line":387,"column":82}},"135":{"start":{"line":397,"column":6},"end":{"line":423,"column":null}},"136":{"start":{"line":398,"column":8},"end":{"line":398,"column":null}},"137":{"start":{"line":398,"column":37},"end":{"line":398,"column":null}},"138":{"start":{"line":401,"column":31},"end":{"line":411,"column":null}},"139":{"start":{"line":401,"column":52},"end":{"line":411,"column":10}},"140":{"start":{"line":413,"column":8},"end":{"line":422,"column":null}},"141":{"start":{"line":425,"column":6},"end":{"line":429,"column":null}},"142":{"start":{"line":433,"column":6},"end":{"line":450,"column":null}},"143":{"start":{"line":436,"column":10},"end":{"line":436,"column":null}},"144":{"start":{"line":436,"column":52},"end":{"line":436,"column":null}},"145":{"start":{"line":438,"column":33},"end":{"line":442,"column":null}},"146":{"start":{"line":439,"column":12},"end":{"line":441,"column":null}},"147":{"start":{"line":444,"column":10},"end":{"line":448,"column":null}},"148":{"start":{"line":454,"column":12},"end":{"line":454,"column":null}},"149":{"start":{"line":455,"column":27},"end":{"line":455,"column":null}},"150":{"start":{"line":458,"column":6},"end":{"line":552,"column":null}},"151":{"start":{"line":459,"column":8},"end":{"line":459,"column":null}},"152":{"start":{"line":459,"column":50},"end":{"line":459,"column":null}},"153":{"start":{"line":461,"column":29},"end":{"line":473,"column":null}},"154":{"start":{"line":462,"column":10},"end":{"line":462,"column":null}},"155":{"start":{"line":462,"column":47},"end":{"line":462,"column":null}},"156":{"start":{"line":464,"column":25},"end":{"line":464,"column":null}},"157":{"start":{"line":465,"column":25},"end":{"line":465,"column":null}},"158":{"start":{"line":466,"column":10},"end":{"line":469,"column":null}},"159":{"start":{"line":467,"column":12},"end":{"line":468,"column":null}},"160":{"start":{"line":467,"column":43},"end":{"line":467,"column":null}},"161":{"start":{"line":467,"column":43},"end":{"line":468,"column":null}},"162":{"start":{"line":468,"column":48},"end":{"line":468,"column":null}},"163":{"start":{"line":471,"column":27},"end":{"line":471,"column":null}},"164":{"start":{"line":472,"column":10},"end":{"line":472,"column":null}},"165":{"start":{"line":476,"column":8},"end":{"line":508,"column":null}},"166":{"start":{"line":477,"column":10},"end":{"line":477,"column":null}},"167":{"start":{"line":480,"column":33},"end":{"line":480,"column":null}},"168":{"start":{"line":480,"column":58},"end":{"line":480,"column":89}},"169":{"start":{"line":481,"column":10},"end":{"line":507,"column":null}},"170":{"start":{"line":482,"column":33},"end":{"line":482,"column":null}},"171":{"start":{"line":482,"column":60},"end":{"line":482,"column":108}},"172":{"start":{"line":483,"column":37},"end":{"line":483,"column":null}},"173":{"start":{"line":483,"column":61},"end":{"line":483,"column":85}},"174":{"start":{"line":485,"column":12},"end":{"line":506,"column":null}},"175":{"start":{"line":487,"column":39},"end":{"line":489,"column":null}},"176":{"start":{"line":488,"column":47},"end":{"line":488,"column":72}},"177":{"start":{"line":491,"column":14},"end":{"line":505,"column":null}},"178":{"start":{"line":492,"column":16},"end":{"line":504,"column":null}},"179":{"start":{"line":493,"column":18},"end":{"line":497,"column":null}},"180":{"start":{"line":498,"column":16},"end":{"line":504,"column":null}},"181":{"start":{"line":499,"column":18},"end":{"line":503,"column":null}},"182":{"start":{"line":511,"column":10},"end":{"line":513,"column":null}},"183":{"start":{"line":512,"column":12},"end":{"line":512,"column":null}},"184":{"start":{"line":516,"column":10},"end":{"line":518,"column":null}},"185":{"start":{"line":517,"column":12},"end":{"line":517,"column":null}},"186":{"start":{"line":521,"column":26},"end":{"line":521,"column":null}},"187":{"start":{"line":522,"column":31},"end":{"line":522,"column":null}},"188":{"start":{"line":524,"column":10},"end":{"line":539,"column":null}},"189":{"start":{"line":526,"column":12},"end":{"line":532,"column":null}},"190":{"start":{"line":534,"column":12},"end":{"line":538,"column":null}},"191":{"start":{"line":541,"column":31},"end":{"line":541,"column":null}},"192":{"start":{"line":541,"column":57},"end":{"line":541,"column":107}},"193":{"start":{"line":542,"column":43},"end":{"line":542,"column":null}},"194":{"start":{"line":542,"column":68},"end":{"line":542,"column":122}},"195":{"start":{"line":544,"column":8},"end":{"line":551,"column":null}},"196":{"start":{"line":555,"column":34},"end":{"line":555,"column":null}},"197":{"start":{"line":555,"column":59},"end":{"line":555,"column":95}},"198":{"start":{"line":556,"column":6},"end":{"line":622,"column":null}},"199":{"start":{"line":563,"column":32},"end":{"line":563,"column":null}},"200":{"start":{"line":564,"column":35},"end":{"line":566,"column":null}},"201":{"start":{"line":565,"column":15},"end":{"line":565,"column":null}},"202":{"start":{"line":568,"column":8},"end":{"line":621,"column":null}},"203":{"start":{"line":573,"column":10},"end":{"line":611,"column":null}},"204":{"start":{"line":574,"column":18},"end":{"line":578,"column":null}},"205":{"start":{"line":579,"column":12},"end":{"line":579,"column":null}},"206":{"start":{"line":580,"column":12},"end":{"line":580,"column":null}},"207":{"start":{"line":581,"column":10},"end":{"line":611,"column":null}},"208":{"start":{"line":582,"column":18},"end":{"line":586,"column":null}},"209":{"start":{"line":587,"column":12},"end":{"line":587,"column":null}},"210":{"start":{"line":588,"column":12},"end":{"line":588,"column":null}},"211":{"start":{"line":591,"column":18},"end":{"line":595,"column":null}},"212":{"start":{"line":596,"column":12},"end":{"line":596,"column":null}},"213":{"start":{"line":597,"column":12},"end":{"line":597,"column":null}},"214":{"start":{"line":600,"column":12},"end":{"line":610,"column":null}},"215":{"start":{"line":601,"column":14},"end":{"line":609,"column":null}},"216":{"start":{"line":614,"column":10},"end":{"line":620,"column":null}},"217":{"start":{"line":615,"column":12},"end":{"line":615,"column":null}},"218":{"start":{"line":615,"column":48},"end":{"line":615,"column":null}},"219":{"start":{"line":616,"column":12},"end":{"line":619,"column":null}},"220":{"start":{"line":625,"column":26},"end":{"line":625,"column":null}},"221":{"start":{"line":625,"column":51},"end":{"line":625,"column":87}},"222":{"start":{"line":626,"column":6},"end":{"line":646,"column":null}},"223":{"start":{"line":632,"column":34},"end":{"line":634,"column":null}},"224":{"start":{"line":633,"column":15},"end":{"line":633,"column":null}},"225":{"start":{"line":636,"column":8},"end":{"line":645,"column":null}},"226":{"start":{"line":637,"column":16},"end":{"line":637,"column":null}},"227":{"start":{"line":638,"column":35},"end":{"line":638,"column":null}},"228":{"start":{"line":641,"column":10},"end":{"line":644,"column":null}},"229":{"start":{"line":642,"column":12},"end":{"line":642,"column":null}},"230":{"start":{"line":642,"column":47},"end":{"line":642,"column":null}},"231":{"start":{"line":643,"column":12},"end":{"line":643,"column":null}},"232":{"start":{"line":648,"column":6},"end":{"line":651,"column":null}},"233":{"start":{"line":655,"column":33},"end":{"line":655,"column":null}},"234":{"start":{"line":655,"column":61},"end":{"line":655,"column":84}},"235":{"start":{"line":656,"column":6},"end":{"line":656,"column":null}},"236":{"start":{"line":656,"column":31},"end":{"line":656,"column":null}},"237":{"start":{"line":659,"column":6},"end":{"line":675,"column":null}},"238":{"start":{"line":660,"column":14},"end":{"line":660,"column":null}},"239":{"start":{"line":660,"column":61},"end":{"line":660,"column":100}},"240":{"start":{"line":661,"column":8},"end":{"line":674,"column":null}},"241":{"start":{"line":662,"column":40},"end":{"line":662,"column":null}},"242":{"start":{"line":662,"column":66},"end":{"line":662,"column":80}},"243":{"start":{"line":663,"column":33},"end":{"line":665,"column":null}},"244":{"start":{"line":664,"column":17},"end":{"line":664,"column":null}},"245":{"start":{"line":666,"column":10},"end":{"line":673,"column":null}},"246":{"start":{"line":669,"column":61},"end":{"line":669,"column":100}},"247":{"start":{"line":678,"column":29},"end":{"line":678,"column":null}},"248":{"start":{"line":678,"column":59},"end":{"line":678,"column":82}},"249":{"start":{"line":679,"column":6},"end":{"line":685,"column":null}},"250":{"start":{"line":689,"column":6},"end":{"line":721,"column":null}},"251":{"start":{"line":692,"column":10},"end":{"line":692,"column":null}},"252":{"start":{"line":692,"column":39},"end":{"line":692,"column":null}},"253":{"start":{"line":693,"column":10},"end":{"line":693,"column":null}},"254":{"start":{"line":693,"column":36},"end":{"line":693,"column":null}},"255":{"start":{"line":695,"column":31},"end":{"line":695,"column":null}},"256":{"start":{"line":696,"column":28},"end":{"line":696,"column":null}},"257":{"start":{"line":698,"column":10},"end":{"line":700,"column":null}},"258":{"start":{"line":699,"column":12},"end":{"line":699,"column":null}},"259":{"start":{"line":702,"column":16},"end":{"line":708,"column":null}},"260":{"start":{"line":710,"column":10},"end":{"line":712,"column":null}},"261":{"start":{"line":711,"column":12},"end":{"line":711,"column":null}},"262":{"start":{"line":714,"column":10},"end":{"line":719,"column":null}},"263":{"start":{"line":725,"column":47},"end":{"line":725,"column":null}},"264":{"start":{"line":726,"column":31},"end":{"line":726,"column":null}},"265":{"start":{"line":726,"column":59},"end":{"line":726,"column":86}},"266":{"start":{"line":728,"column":6},"end":{"line":728,"column":null}},"267":{"start":{"line":728,"column":29},"end":{"line":728,"column":null}},"268":{"start":{"line":731,"column":29},"end":{"line":733,"column":null}},"269":{"start":{"line":732,"column":13},"end":{"line":732,"column":null}},"270":{"start":{"line":734,"column":6},"end":{"line":734,"column":null}},"271":{"start":{"line":734,"column":26},"end":{"line":734,"column":null}},"272":{"start":{"line":737,"column":63},"end":{"line":740,"column":null}},"273":{"start":{"line":742,"column":12},"end":{"line":742,"column":null}},"274":{"start":{"line":743,"column":23},"end":{"line":743,"column":null}},"275":{"start":{"line":744,"column":24},"end":{"line":744,"column":null}},"276":{"start":{"line":747,"column":6},"end":{"line":789,"column":null}},"277":{"start":{"line":748,"column":8},"end":{"line":748,"column":null}},"278":{"start":{"line":749,"column":50},"end":{"line":768,"column":null}},"279":{"start":{"line":769,"column":8},"end":{"line":769,"column":null}},"280":{"start":{"line":772,"column":8},"end":{"line":788,"column":null}},"281":{"start":{"line":773,"column":10},"end":{"line":773,"column":null}},"282":{"start":{"line":773,"column":36},"end":{"line":773,"column":null}},"283":{"start":{"line":774,"column":28},"end":{"line":774,"column":null}},"284":{"start":{"line":774,"column":58},"end":{"line":774,"column":65}},"285":{"start":{"line":775,"column":10},"end":{"line":787,"column":null}},"286":{"start":{"line":792,"column":40},"end":{"line":799,"column":null}},"287":{"start":{"line":802,"column":41},"end":{"line":809,"column":null}},"288":{"start":{"line":811,"column":6},"end":{"line":820,"column":null}},"289":{"start":{"line":814,"column":43},"end":{"line":814,"column":70}},"290":{"start":{"line":824,"column":42},"end":{"line":824,"column":null}},"291":{"start":{"line":825,"column":12},"end":{"line":825,"column":null}},"292":{"start":{"line":825,"column":59},"end":{"line":825,"column":79}},"293":{"start":{"line":826,"column":6},"end":{"line":828,"column":null}},"294":{"start":{"line":827,"column":8},"end":{"line":827,"column":null}},"295":{"start":{"line":830,"column":20},"end":{"line":830,"column":null}},"296":{"start":{"line":832,"column":6},"end":{"line":840,"column":null}},"297":{"start":{"line":835,"column":10},"end":{"line":837,"column":null}},"298":{"start":{"line":844,"column":26},"end":{"line":844,"column":null}},"299":{"start":{"line":845,"column":12},"end":{"line":845,"column":null}},"300":{"start":{"line":845,"column":59},"end":{"line":845,"column":79}},"301":{"start":{"line":846,"column":6},"end":{"line":846,"column":null}},"302":{"start":{"line":846,"column":22},"end":{"line":846,"column":null}},"303":{"start":{"line":849,"column":36},"end":{"line":849,"column":null}},"304":{"start":{"line":849,"column":62},"end":{"line":849,"column":76}},"305":{"start":{"line":850,"column":29},"end":{"line":852,"column":null}},"306":{"start":{"line":851,"column":13},"end":{"line":851,"column":null}},"307":{"start":{"line":854,"column":6},"end":{"line":861,"column":null}},"308":{"start":{"line":857,"column":57},"end":{"line":857,"column":77}},"309":{"start":{"line":865,"column":39},"end":{"line":865,"column":null}},"310":{"start":{"line":866,"column":6},"end":{"line":882,"column":null}},"311":{"start":{"line":869,"column":10},"end":{"line":869,"column":null}},"312":{"start":{"line":869,"column":37},"end":{"line":869,"column":null}},"313":{"start":{"line":870,"column":10},"end":{"line":870,"column":null}},"314":{"start":{"line":870,"column":65},"end":{"line":870,"column":null}},"315":{"start":{"line":872,"column":10},"end":{"line":880,"column":null}},"316":{"start":{"line":886,"column":47},"end":{"line":886,"column":null}},"317":{"start":{"line":887,"column":31},"end":{"line":887,"column":null}},"318":{"start":{"line":887,"column":59},"end":{"line":887,"column":86}},"319":{"start":{"line":889,"column":6},"end":{"line":889,"column":null}},"320":{"start":{"line":889,"column":77},"end":{"line":889,"column":null}},"321":{"start":{"line":890,"column":6},"end":{"line":890,"column":null}},"322":{"start":{"line":890,"column":82},"end":{"line":890,"column":null}},"323":{"start":{"line":893,"column":30},"end":{"line":893,"column":null}},"324":{"start":{"line":894,"column":31},"end":{"line":896,"column":null}},"325":{"start":{"line":895,"column":13},"end":{"line":895,"column":null}},"326":{"start":{"line":897,"column":6},"end":{"line":897,"column":null}},"327":{"start":{"line":897,"column":28},"end":{"line":897,"column":null}},"328":{"start":{"line":905,"column":6},"end":{"line":938,"column":null}},"329":{"start":{"line":907,"column":14},"end":{"line":911,"column":null}},"330":{"start":{"line":912,"column":8},"end":{"line":912,"column":null}},"331":{"start":{"line":913,"column":8},"end":{"line":913,"column":null}},"332":{"start":{"line":914,"column":8},"end":{"line":914,"column":null}},"333":{"start":{"line":915,"column":8},"end":{"line":915,"column":null}},"334":{"start":{"line":916,"column":6},"end":{"line":938,"column":null}},"335":{"start":{"line":918,"column":14},"end":{"line":922,"column":null}},"336":{"start":{"line":923,"column":8},"end":{"line":923,"column":null}},"337":{"start":{"line":924,"column":8},"end":{"line":924,"column":null}},"338":{"start":{"line":925,"column":8},"end":{"line":925,"column":null}},"339":{"start":{"line":926,"column":8},"end":{"line":926,"column":null}},"340":{"start":{"line":929,"column":14},"end":{"line":933,"column":null}},"341":{"start":{"line":934,"column":8},"end":{"line":934,"column":null}},"342":{"start":{"line":935,"column":8},"end":{"line":935,"column":null}},"343":{"start":{"line":936,"column":8},"end":{"line":936,"column":null}},"344":{"start":{"line":937,"column":8},"end":{"line":937,"column":null}},"345":{"start":{"line":940,"column":12},"end":{"line":940,"column":null}},"346":{"start":{"line":941,"column":23},"end":{"line":941,"column":null}},"347":{"start":{"line":942,"column":24},"end":{"line":942,"column":null}},"348":{"start":{"line":945,"column":6},"end":{"line":987,"column":null}},"349":{"start":{"line":946,"column":8},"end":{"line":946,"column":null}},"350":{"start":{"line":947,"column":50},"end":{"line":966,"column":null}},"351":{"start":{"line":967,"column":8},"end":{"line":967,"column":null}},"352":{"start":{"line":970,"column":8},"end":{"line":986,"column":null}},"353":{"start":{"line":971,"column":10},"end":{"line":971,"column":null}},"354":{"start":{"line":971,"column":36},"end":{"line":971,"column":null}},"355":{"start":{"line":972,"column":28},"end":{"line":972,"column":null}},"356":{"start":{"line":972,"column":58},"end":{"line":972,"column":65}},"357":{"start":{"line":973,"column":10},"end":{"line":985,"column":null}},"358":{"start":{"line":990,"column":40},"end":{"line":997,"column":null}},"359":{"start":{"line":1000,"column":28},"end":{"line":1000,"column":null}},"360":{"start":{"line":1001,"column":6},"end":{"line":1008,"column":null}},"361":{"start":{"line":1002,"column":8},"end":{"line":1007,"column":null}},"362":{"start":{"line":1011,"column":43},"end":{"line":1020,"column":null}},"363":{"start":{"line":1022,"column":6},"end":{"line":1031,"column":null}},"364":{"start":{"line":1025,"column":43},"end":{"line":1025,"column":70}},"365":{"start":{"line":1035,"column":6},"end":{"line":1035,"column":null}}},"fnMap":{"0":{"name":"(anonymous_0)","decl":{"start":{"line":15,"column":27},"end":{"line":15,"column":28}},"loc":{"start":{"line":16,"column":2},"end":{"line":16,"column":null}},"line":16},"1":{"name":"tournamentReducer","decl":{"start":{"line":18,"column":16},"end":{"line":18,"column":34}},"loc":{"start":{"line":18,"column":101},"end":{"line":1037,"column":null}},"line":18},"2":{"name":"(anonymous_2)","decl":{"start":{"line":25,"column":37},"end":{"line":25,"column":38}},"loc":{"start":{"line":25,"column":52},"end":{"line":29,"column":8}},"line":25},"3":{"name":"(anonymous_3)","decl":{"start":{"line":74,"column":29},"end":{"line":74,"column":35}},"loc":{"start":{"line":74,"column":35},"end":{"line":84,"column":10}},"line":74},"4":{"name":"(anonymous_4)","decl":{"start":{"line":131,"column":43},"end":{"line":131,"column":null}},"loc":{"start":{"line":132,"column":10},"end":{"line":134,"column":null}},"line":132},"5":{"name":"(anonymous_5)","decl":{"start":{"line":141,"column":48},"end":{"line":141,"column":53}},"loc":{"start":{"line":141,"column":53},"end":{"line":141,"column":83}},"line":141},"6":{"name":"(anonymous_6)","decl":{"start":{"line":152,"column":43},"end":{"line":152,"column":48}},"loc":{"start":{"line":152,"column":48},"end":{"line":171,"column":9}},"line":152},"7":{"name":"(anonymous_7)","decl":{"start":{"line":173,"column":49},"end":{"line":173,"column":54}},"loc":{"start":{"line":173,"column":54},"end":{"line":185,"column":9}},"line":173},"8":{"name":"(anonymous_8)","decl":{"start":{"line":178,"column":33},"end":{"line":178,"column":null}},"loc":{"start":{"line":179,"column":14},"end":{"line":181,"column":null}},"line":179},"9":{"name":"(anonymous_9)","decl":{"start":{"line":190,"column":55},"end":{"line":190,"column":60}},"loc":{"start":{"line":190,"column":60},"end":{"line":190,"column":83}},"line":190},"10":{"name":"(anonymous_10)","decl":{"start":{"line":198,"column":42},"end":{"line":198,"column":47}},"loc":{"start":{"line":198,"column":47},"end":{"line":239,"column":7}},"line":198},"11":{"name":"(anonymous_11)","decl":{"start":{"line":214,"column":63},"end":{"line":214,"column":null}},"loc":{"start":{"line":215,"column":14},"end":{"line":227,"column":null}},"line":215},"12":{"name":"(anonymous_12)","decl":{"start":{"line":215,"column":32},"end":{"line":215,"column":33}},"loc":{"start":{"line":215,"column":52},"end":{"line":227,"column":16}},"line":215},"13":{"name":"(anonymous_13)","decl":{"start":{"line":243,"column":54},"end":{"line":243,"column":59}},"loc":{"start":{"line":243,"column":59},"end":{"line":243,"column":82}},"line":243},"14":{"name":"(anonymous_14)","decl":{"start":{"line":287,"column":55},"end":{"line":287,"column":60}},"loc":{"start":{"line":287,"column":60},"end":{"line":287,"column":80}},"line":287},"15":{"name":"(anonymous_15)","decl":{"start":{"line":289,"column":46},"end":{"line":289,"column":51}},"loc":{"start":{"line":289,"column":51},"end":{"line":306,"column":13}},"line":289},"16":{"name":"(anonymous_16)","decl":{"start":{"line":292,"column":48},"end":{"line":292,"column":53}},"loc":{"start":{"line":292,"column":53},"end":{"line":292,"column":91}},"line":292},"17":{"name":"(anonymous_17)","decl":{"start":{"line":313,"column":54},"end":{"line":313,"column":59}},"loc":{"start":{"line":313,"column":59},"end":{"line":313,"column":82}},"line":313},"18":{"name":"(anonymous_18)","decl":{"start":{"line":335,"column":55},"end":{"line":335,"column":60}},"loc":{"start":{"line":335,"column":60},"end":{"line":335,"column":80}},"line":335},"19":{"name":"(anonymous_19)","decl":{"start":{"line":337,"column":46},"end":{"line":337,"column":51}},"loc":{"start":{"line":337,"column":51},"end":{"line":353,"column":13}},"line":337},"20":{"name":"(anonymous_20)","decl":{"start":{"line":339,"column":47},"end":{"line":339,"column":52}},"loc":{"start":{"line":339,"column":52},"end":{"line":339,"column":89}},"line":339},"21":{"name":"(anonymous_21)","decl":{"start":{"line":366,"column":55},"end":{"line":366,"column":60}},"loc":{"start":{"line":366,"column":60},"end":{"line":366,"column":83}},"line":366},"22":{"name":"(anonymous_22)","decl":{"start":{"line":373,"column":45},"end":{"line":373,"column":50}},"loc":{"start":{"line":373,"column":50},"end":{"line":373,"column":88}},"line":373},"23":{"name":"(anonymous_23)","decl":{"start":{"line":377,"column":20},"end":{"line":377,"column":25}},"loc":{"start":{"line":377,"column":25},"end":{"line":377,"column":64}},"line":377},"24":{"name":"(anonymous_24)","decl":{"start":{"line":378,"column":17},"end":{"line":378,"column":22}},"loc":{"start":{"line":378,"column":22},"end":{"line":378,"column":36}},"line":378},"25":{"name":"(anonymous_25)","decl":{"start":{"line":380,"column":49},"end":{"line":380,"column":54}},"loc":{"start":{"line":380,"column":54},"end":{"line":380,"column":83}},"line":380},"26":{"name":"(anonymous_26)","decl":{"start":{"line":383,"column":44},"end":{"line":383,"column":49}},"loc":{"start":{"line":383,"column":49},"end":{"line":392,"column":11}},"line":383},"27":{"name":"(anonymous_27)","decl":{"start":{"line":387,"column":38},"end":{"line":387,"column":43}},"loc":{"start":{"line":387,"column":43},"end":{"line":387,"column":82}},"line":387},"28":{"name":"(anonymous_28)","decl":{"start":{"line":397,"column":42},"end":{"line":397,"column":47}},"loc":{"start":{"line":397,"column":47},"end":{"line":423,"column":7}},"line":397},"29":{"name":"(anonymous_29)","decl":{"start":{"line":401,"column":43},"end":{"line":401,"column":52}},"loc":{"start":{"line":401,"column":52},"end":{"line":411,"column":10}},"line":401},"30":{"name":"(anonymous_30)","decl":{"start":{"line":435,"column":43},"end":{"line":435,"column":48}},"loc":{"start":{"line":435,"column":48},"end":{"line":449,"column":9}},"line":435},"31":{"name":"(anonymous_31)","decl":{"start":{"line":438,"column":47},"end":{"line":438,"column":null}},"loc":{"start":{"line":439,"column":12},"end":{"line":441,"column":null}},"line":439},"32":{"name":"(anonymous_32)","decl":{"start":{"line":458,"column":42},"end":{"line":458,"column":47}},"loc":{"start":{"line":458,"column":47},"end":{"line":552,"column":7}},"line":458},"33":{"name":"(anonymous_33)","decl":{"start":{"line":461,"column":43},"end":{"line":461,"column":48}},"loc":{"start":{"line":461,"column":48},"end":{"line":473,"column":9}},"line":461},"34":{"name":"(anonymous_34)","decl":{"start":{"line":466,"column":27},"end":{"line":466,"column":36}},"loc":{"start":{"line":466,"column":36},"end":{"line":469,"column":11}},"line":466},"35":{"name":"(anonymous_35)","decl":{"start":{"line":480,"column":53},"end":{"line":480,"column":58}},"loc":{"start":{"line":480,"column":58},"end":{"line":480,"column":89}},"line":480},"36":{"name":"(anonymous_36)","decl":{"start":{"line":482,"column":55},"end":{"line":482,"column":60}},"loc":{"start":{"line":482,"column":60},"end":{"line":482,"column":108}},"line":482},"37":{"name":"(anonymous_37)","decl":{"start":{"line":483,"column":56},"end":{"line":483,"column":61}},"loc":{"start":{"line":483,"column":61},"end":{"line":483,"column":85}},"line":483},"38":{"name":"(anonymous_38)","decl":{"start":{"line":488,"column":41},"end":{"line":488,"column":47}},"loc":{"start":{"line":488,"column":47},"end":{"line":488,"column":72}},"line":488},"39":{"name":"(anonymous_39)","decl":{"start":{"line":541,"column":52},"end":{"line":541,"column":57}},"loc":{"start":{"line":541,"column":57},"end":{"line":541,"column":107}},"line":541},"40":{"name":"(anonymous_40)","decl":{"start":{"line":542,"column":63},"end":{"line":542,"column":68}},"loc":{"start":{"line":542,"column":68},"end":{"line":542,"column":122}},"line":542},"41":{"name":"(anonymous_41)","decl":{"start":{"line":555,"column":54},"end":{"line":555,"column":59}},"loc":{"start":{"line":555,"column":59},"end":{"line":555,"column":95}},"line":555},"42":{"name":"(anonymous_42)","decl":{"start":{"line":565,"column":10},"end":{"line":565,"column":15}},"loc":{"start":{"line":565,"column":15},"end":{"line":565,"column":null}},"line":565},"43":{"name":"(anonymous_43)","decl":{"start":{"line":614,"column":46},"end":{"line":614,"column":51}},"loc":{"start":{"line":614,"column":51},"end":{"line":620,"column":11}},"line":614},"44":{"name":"(anonymous_44)","decl":{"start":{"line":625,"column":46},"end":{"line":625,"column":51}},"loc":{"start":{"line":625,"column":51},"end":{"line":625,"column":87}},"line":625},"45":{"name":"(anonymous_45)","decl":{"start":{"line":633,"column":10},"end":{"line":633,"column":15}},"loc":{"start":{"line":633,"column":15},"end":{"line":633,"column":null}},"line":633},"46":{"name":"(anonymous_46)","decl":{"start":{"line":641,"column":46},"end":{"line":641,"column":51}},"loc":{"start":{"line":641,"column":51},"end":{"line":644,"column":11}},"line":641},"47":{"name":"(anonymous_47)","decl":{"start":{"line":655,"column":56},"end":{"line":655,"column":61}},"loc":{"start":{"line":655,"column":61},"end":{"line":655,"column":84}},"line":655},"48":{"name":"(anonymous_48)","decl":{"start":{"line":660,"column":56},"end":{"line":660,"column":61}},"loc":{"start":{"line":660,"column":61},"end":{"line":660,"column":100}},"line":660},"49":{"name":"(anonymous_49)","decl":{"start":{"line":662,"column":61},"end":{"line":662,"column":66}},"loc":{"start":{"line":662,"column":66},"end":{"line":662,"column":80}},"line":662},"50":{"name":"(anonymous_50)","decl":{"start":{"line":664,"column":12},"end":{"line":664,"column":17}},"loc":{"start":{"line":664,"column":17},"end":{"line":664,"column":null}},"line":664},"51":{"name":"(anonymous_51)","decl":{"start":{"line":669,"column":56},"end":{"line":669,"column":61}},"loc":{"start":{"line":669,"column":61},"end":{"line":669,"column":100}},"line":669},"52":{"name":"(anonymous_52)","decl":{"start":{"line":678,"column":54},"end":{"line":678,"column":59}},"loc":{"start":{"line":678,"column":59},"end":{"line":678,"column":82}},"line":678},"53":{"name":"(anonymous_53)","decl":{"start":{"line":691,"column":43},"end":{"line":691,"column":48}},"loc":{"start":{"line":691,"column":48},"end":{"line":720,"column":9}},"line":691},"54":{"name":"(anonymous_54)","decl":{"start":{"line":726,"column":54},"end":{"line":726,"column":59}},"loc":{"start":{"line":726,"column":59},"end":{"line":726,"column":86}},"line":726},"55":{"name":"(anonymous_55)","decl":{"start":{"line":732,"column":8},"end":{"line":732,"column":13}},"loc":{"start":{"line":732,"column":13},"end":{"line":732,"column":null}},"line":732},"56":{"name":"(anonymous_56)","decl":{"start":{"line":772,"column":36},"end":{"line":772,"column":41}},"loc":{"start":{"line":772,"column":41},"end":{"line":788,"column":9}},"line":772},"57":{"name":"(anonymous_57)","decl":{"start":{"line":774,"column":53},"end":{"line":774,"column":58}},"loc":{"start":{"line":774,"column":58},"end":{"line":774,"column":65}},"line":774},"58":{"name":"(anonymous_58)","decl":{"start":{"line":814,"column":38},"end":{"line":814,"column":43}},"loc":{"start":{"line":814,"column":43},"end":{"line":814,"column":70}},"line":814},"59":{"name":"(anonymous_59)","decl":{"start":{"line":825,"column":54},"end":{"line":825,"column":59}},"loc":{"start":{"line":825,"column":59},"end":{"line":825,"column":79}},"line":825},"60":{"name":"(anonymous_60)","decl":{"start":{"line":834,"column":49},"end":{"line":834,"column":null}},"loc":{"start":{"line":835,"column":10},"end":{"line":837,"column":null}},"line":835},"61":{"name":"(anonymous_61)","decl":{"start":{"line":845,"column":54},"end":{"line":845,"column":59}},"loc":{"start":{"line":845,"column":59},"end":{"line":845,"column":79}},"line":845},"62":{"name":"(anonymous_62)","decl":{"start":{"line":849,"column":57},"end":{"line":849,"column":62}},"loc":{"start":{"line":849,"column":62},"end":{"line":849,"column":76}},"line":849},"63":{"name":"(anonymous_63)","decl":{"start":{"line":851,"column":8},"end":{"line":851,"column":13}},"loc":{"start":{"line":851,"column":13},"end":{"line":851,"column":null}},"line":851},"64":{"name":"(anonymous_64)","decl":{"start":{"line":857,"column":52},"end":{"line":857,"column":57}},"loc":{"start":{"line":857,"column":57},"end":{"line":857,"column":77}},"line":857},"65":{"name":"(anonymous_65)","decl":{"start":{"line":868,"column":43},"end":{"line":868,"column":48}},"loc":{"start":{"line":868,"column":48},"end":{"line":881,"column":9}},"line":868},"66":{"name":"(anonymous_66)","decl":{"start":{"line":887,"column":54},"end":{"line":887,"column":59}},"loc":{"start":{"line":887,"column":59},"end":{"line":887,"column":86}},"line":887},"67":{"name":"(anonymous_67)","decl":{"start":{"line":895,"column":8},"end":{"line":895,"column":13}},"loc":{"start":{"line":895,"column":13},"end":{"line":895,"column":null}},"line":895},"68":{"name":"(anonymous_68)","decl":{"start":{"line":970,"column":36},"end":{"line":970,"column":41}},"loc":{"start":{"line":970,"column":41},"end":{"line":986,"column":9}},"line":970},"69":{"name":"(anonymous_69)","decl":{"start":{"line":972,"column":53},"end":{"line":972,"column":58}},"loc":{"start":{"line":972,"column":58},"end":{"line":972,"column":65}},"line":972},"70":{"name":"(anonymous_70)","decl":{"start":{"line":1025,"column":38},"end":{"line":1025,"column":43}},"loc":{"start":{"line":1025,"column":43},"end":{"line":1025,"column":70}},"line":1025}},"branchMap":{"0":{"loc":{"start":{"line":16,"column":2},"end":{"line":16,"column":null}},"type":"binary-expr","locations":[{"start":{"line":16,"column":2},"end":{"line":16,"column":30}},{"start":{"line":16,"column":30},"end":{"line":16,"column":68}},{"start":{"line":16,"column":68},"end":{"line":16,"column":null}}],"line":16},"1":{"loc":{"start":{"line":19,"column":2},"end":{"line":1036,"column":null}},"type":"switch","locations":[{"start":{"line":20,"column":4},"end":{"line":21,"column":null}},{"start":{"line":23,"column":4},"end":{"line":123,"column":null}},{"start":{"line":125,"column":4},"end":{"line":126,"column":null}},{"start":{"line":128,"column":4},"end":{"line":137,"column":null}},{"start":{"line":139,"column":4},"end":{"line":187,"column":null}},{"start":{"line":189,"column":4},"end":{"line":363,"column":null}},{"start":{"line":365,"column":4},"end":{"line":430,"column":null}},{"start":{"line":432,"column":4},"end":{"line":451,"column":null}},{"start":{"line":453,"column":4},"end":{"line":652,"column":null}},{"start":{"line":654,"column":4},"end":{"line":686,"column":null}},{"start":{"line":688,"column":4},"end":{"line":722,"column":null}},{"start":{"line":724,"column":4},"end":{"line":821,"column":null}},{"start":{"line":823,"column":4},"end":{"line":841,"column":null}},{"start":{"line":843,"column":4},"end":{"line":862,"column":null}},{"start":{"line":864,"column":4},"end":{"line":883,"column":null}},{"start":{"line":885,"column":4},"end":{"line":1032,"column":null}},{"start":{"line":1034,"column":4},"end":{"line":1035,"column":null}}],"line":19},"2":{"loc":{"start":{"line":37,"column":6},"end":{"line":45,"column":null}},"type":"if","locations":[{"start":{"line":37,"column":6},"end":{"line":45,"column":null}},{"start":{"line":39,"column":6},"end":{"line":45,"column":null}}],"line":37},"3":{"loc":{"start":{"line":39,"column":6},"end":{"line":45,"column":null}},"type":"if","locations":[{"start":{"line":39,"column":6},"end":{"line":45,"column":null}},{"start":{"line":41,"column":6},"end":{"line":45,"column":null}}],"line":39},"4":{"loc":{"start":{"line":41,"column":6},"end":{"line":45,"column":null}},"type":"if","locations":[{"start":{"line":41,"column":6},"end":{"line":45,"column":null}},{"start":{"line":43,"column":13},"end":{"line":45,"column":null}}],"line":41},"5":{"loc":{"start":{"line":49,"column":6},"end":{"line":59,"column":null}},"type":"if","locations":[{"start":{"line":49,"column":6},"end":{"line":59,"column":null}},{"start":{},"end":{}}],"line":49},"6":{"loc":{"start":{"line":49,"column":10},"end":{"line":49,"column":72}},"type":"binary-expr","locations":[{"start":{"line":49,"column":10},"end":{"line":49,"column":47}},{"start":{"line":49,"column":47},"end":{"line":49,"column":72}}],"line":49},"7":{"loc":{"start":{"line":85,"column":22},"end":{"line":85,"column":null}},"type":"cond-expr","locations":[{"start":{"line":85,"column":50},"end":{"line":85,"column":54}},{"start":{"line":85,"column":54},"end":{"line":85,"column":null}}],"line":85},"8":{"loc":{"start":{"line":120,"column":25},"end":{"line":120,"column":50}},"type":"binary-expr","locations":[{"start":{"line":120,"column":25},"end":{"line":120,"column":45}},{"start":{"line":120,"column":45},"end":{"line":120,"column":50}}],"line":120},"9":{"loc":{"start":{"line":132,"column":10},"end":{"line":134,"column":null}},"type":"cond-expr","locations":[{"start":{"line":133,"column":14},"end":{"line":133,"column":null}},{"start":{"line":134,"column":14},"end":{"line":134,"column":null}}],"line":132},"10":{"loc":{"start":{"line":144,"column":24},"end":{"line":148,"column":null}},"type":"cond-expr","locations":[{"start":{"line":145,"column":10},"end":{"line":145,"column":null}},{"start":{"line":146,"column":10},"end":{"line":148,"column":null}}],"line":144},"11":{"loc":{"start":{"line":146,"column":10},"end":{"line":148,"column":null}},"type":"cond-expr","locations":[{"start":{"line":147,"column":12},"end":{"line":147,"column":null}},{"start":{"line":148,"column":12},"end":{"line":148,"column":null}}],"line":146},"12":{"loc":{"start":{"line":153,"column":10},"end":{"line":153,"column":null}},"type":"if","locations":[{"start":{"line":153,"column":10},"end":{"line":153,"column":null}},{"start":{},"end":{}}],"line":153},"13":{"loc":{"start":{"line":155,"column":10},"end":{"line":155,"column":null}},"type":"if","locations":[{"start":{"line":155,"column":10},"end":{"line":155,"column":null}},{"start":{},"end":{}}],"line":155},"14":{"loc":{"start":{"line":173,"column":21},"end":{"line":173,"column":45}},"type":"binary-expr","locations":[{"start":{"line":173,"column":21},"end":{"line":173,"column":41}},{"start":{"line":173,"column":41},"end":{"line":173,"column":45}}],"line":173},"15":{"loc":{"start":{"line":174,"column":10},"end":{"line":174,"column":null}},"type":"if","locations":[{"start":{"line":174,"column":10},"end":{"line":174,"column":null}},{"start":{},"end":{}}],"line":174},"16":{"loc":{"start":{"line":179,"column":14},"end":{"line":181,"column":null}},"type":"cond-expr","locations":[{"start":{"line":180,"column":18},"end":{"line":180,"column":null}},{"start":{"line":181,"column":18},"end":{"line":181,"column":null}}],"line":179},"17":{"loc":{"start":{"line":191,"column":6},"end":{"line":191,"column":null}},"type":"if","locations":[{"start":{"line":191,"column":6},"end":{"line":191,"column":null}},{"start":{},"end":{}}],"line":191},"18":{"loc":{"start":{"line":195,"column":26},"end":{"line":195,"column":null}},"type":"binary-expr","locations":[{"start":{"line":195,"column":26},"end":{"line":195,"column":46}},{"start":{"line":195,"column":46},"end":{"line":195,"column":null}}],"line":195},"19":{"loc":{"start":{"line":199,"column":8},"end":{"line":199,"column":null}},"type":"if","locations":[{"start":{"line":199,"column":8},"end":{"line":199,"column":null}},{"start":{},"end":{}}],"line":199},"20":{"loc":{"start":{"line":205,"column":10},"end":{"line":229,"column":null}},"type":"if","locations":[{"start":{"line":205,"column":10},"end":{"line":229,"column":null}},{"start":{"line":207,"column":10},"end":{"line":229,"column":null}}],"line":205},"21":{"loc":{"start":{"line":207,"column":10},"end":{"line":229,"column":null}},"type":"if","locations":[{"start":{"line":207,"column":10},"end":{"line":229,"column":null}},{"start":{"line":210,"column":10},"end":{"line":229,"column":null}}],"line":207},"22":{"loc":{"start":{"line":210,"column":10},"end":{"line":229,"column":null}},"type":"if","locations":[{"start":{"line":210,"column":10},"end":{"line":229,"column":null}},{"start":{},"end":{}}],"line":210},"23":{"loc":{"start":{"line":210,"column":21},"end":{"line":210,"column":73}},"type":"binary-expr","locations":[{"start":{"line":210,"column":21},"end":{"line":210,"column":53}},{"start":{"line":210,"column":53},"end":{"line":210,"column":73}}],"line":210},"24":{"loc":{"start":{"line":242,"column":6},"end":{"line":309,"column":null}},"type":"if","locations":[{"start":{"line":242,"column":6},"end":{"line":309,"column":null}},{"start":{},"end":{}}],"line":242},"25":{"loc":{"start":{"line":242,"column":10},"end":{"line":242,"column":94}},"type":"binary-expr","locations":[{"start":{"line":242,"column":10},"end":{"line":242,"column":58}},{"start":{"line":242,"column":58},"end":{"line":242,"column":94}}],"line":242},"26":{"loc":{"start":{"line":244,"column":8},"end":{"line":308,"column":null}},"type":"if","locations":[{"start":{"line":244,"column":8},"end":{"line":308,"column":null}},{"start":{},"end":{}}],"line":244},"27":{"loc":{"start":{"line":249,"column":10},"end":{"line":271,"column":null}},"type":"if","locations":[{"start":{"line":249,"column":10},"end":{"line":271,"column":null}},{"start":{"line":256,"column":10},"end":{"line":271,"column":null}}],"line":249},"28":{"loc":{"start":{"line":256,"column":10},"end":{"line":271,"column":null}},"type":"if","locations":[{"start":{"line":256,"column":10},"end":{"line":271,"column":null}},{"start":{"line":263,"column":17},"end":{"line":271,"column":null}}],"line":256},"29":{"loc":{"start":{"line":274,"column":30},"end":{"line":274,"column":null}},"type":"binary-expr","locations":[{"start":{"line":274,"column":30},"end":{"line":274,"column":63}},{"start":{"line":274,"column":48},"end":{"line":274,"column":null}}],"line":274},"30":{"loc":{"start":{"line":288,"column":10},"end":{"line":307,"column":null}},"type":"if","locations":[{"start":{"line":288,"column":10},"end":{"line":307,"column":null}},{"start":{},"end":{}}],"line":288},"31":{"loc":{"start":{"line":290,"column":14},"end":{"line":290,"column":null}},"type":"if","locations":[{"start":{"line":290,"column":14},"end":{"line":290,"column":null}},{"start":{},"end":{}}],"line":290},"32":{"loc":{"start":{"line":293,"column":14},"end":{"line":293,"column":null}},"type":"if","locations":[{"start":{"line":293,"column":14},"end":{"line":293,"column":null}},{"start":{},"end":{}}],"line":293},"33":{"loc":{"start":{"line":312,"column":6},"end":{"line":356,"column":null}},"type":"if","locations":[{"start":{"line":312,"column":6},"end":{"line":356,"column":null}},{"start":{},"end":{}}],"line":312},"34":{"loc":{"start":{"line":312,"column":10},"end":{"line":312,"column":92}},"type":"binary-expr","locations":[{"start":{"line":312,"column":10},"end":{"line":312,"column":56}},{"start":{"line":312,"column":56},"end":{"line":312,"column":92}}],"line":312},"35":{"loc":{"start":{"line":314,"column":8},"end":{"line":355,"column":null}},"type":"if","locations":[{"start":{"line":314,"column":8},"end":{"line":355,"column":null}},{"start":{},"end":{}}],"line":314},"36":{"loc":{"start":{"line":322,"column":30},"end":{"line":322,"column":null}},"type":"binary-expr","locations":[{"start":{"line":322,"column":30},"end":{"line":322,"column":63}},{"start":{"line":322,"column":48},"end":{"line":322,"column":null}}],"line":322},"37":{"loc":{"start":{"line":336,"column":10},"end":{"line":354,"column":null}},"type":"if","locations":[{"start":{"line":336,"column":10},"end":{"line":354,"column":null}},{"start":{},"end":{}}],"line":336},"38":{"loc":{"start":{"line":338,"column":14},"end":{"line":338,"column":null}},"type":"if","locations":[{"start":{"line":338,"column":14},"end":{"line":338,"column":null}},{"start":{},"end":{}}],"line":338},"39":{"loc":{"start":{"line":340,"column":14},"end":{"line":340,"column":null}},"type":"if","locations":[{"start":{"line":340,"column":14},"end":{"line":340,"column":null}},{"start":{},"end":{}}],"line":340},"40":{"loc":{"start":{"line":367,"column":6},"end":{"line":367,"column":null}},"type":"if","locations":[{"start":{"line":367,"column":6},"end":{"line":367,"column":null}},{"start":{},"end":{}}],"line":367},"41":{"loc":{"start":{"line":370,"column":26},"end":{"line":370,"column":null}},"type":"binary-expr","locations":[{"start":{"line":370,"column":26},"end":{"line":370,"column":46}},{"start":{"line":370,"column":46},"end":{"line":370,"column":null}}],"line":370},"42":{"loc":{"start":{"line":372,"column":6},"end":{"line":394,"column":null}},"type":"if","locations":[{"start":{"line":372,"column":6},"end":{"line":394,"column":null}},{"start":{},"end":{}}],"line":372},"43":{"loc":{"start":{"line":374,"column":8},"end":{"line":393,"column":null}},"type":"if","locations":[{"start":{"line":374,"column":8},"end":{"line":393,"column":null}},{"start":{},"end":{}}],"line":374},"44":{"loc":{"start":{"line":384,"column":12},"end":{"line":384,"column":null}},"type":"if","locations":[{"start":{"line":384,"column":12},"end":{"line":384,"column":null}},{"start":{},"end":{}}],"line":384},"45":{"loc":{"start":{"line":398,"column":8},"end":{"line":398,"column":null}},"type":"if","locations":[{"start":{"line":398,"column":8},"end":{"line":398,"column":null}},{"start":{},"end":{}}],"line":398},"46":{"loc":{"start":{"line":417,"column":24},"end":{"line":417,"column":null}},"type":"cond-expr","locations":[{"start":{"line":417,"column":47},"end":{"line":417,"column":51}},{"start":{"line":417,"column":51},"end":{"line":417,"column":null}}],"line":417},"47":{"loc":{"start":{"line":436,"column":10},"end":{"line":436,"column":null}},"type":"if","locations":[{"start":{"line":436,"column":10},"end":{"line":436,"column":null}},{"start":{},"end":{}}],"line":436},"48":{"loc":{"start":{"line":439,"column":12},"end":{"line":441,"column":null}},"type":"cond-expr","locations":[{"start":{"line":440,"column":16},"end":{"line":440,"column":null}},{"start":{"line":441,"column":16},"end":{"line":441,"column":null}}],"line":439},"49":{"loc":{"start":{"line":459,"column":8},"end":{"line":459,"column":null}},"type":"if","locations":[{"start":{"line":459,"column":8},"end":{"line":459,"column":null}},{"start":{},"end":{}}],"line":459},"50":{"loc":{"start":{"line":462,"column":10},"end":{"line":462,"column":null}},"type":"if","locations":[{"start":{"line":462,"column":10},"end":{"line":462,"column":null}},{"start":{},"end":{}}],"line":462},"51":{"loc":{"start":{"line":467,"column":12},"end":{"line":468,"column":null}},"type":"if","locations":[{"start":{"line":467,"column":12},"end":{"line":468,"column":null}},{"start":{"line":467,"column":43},"end":{"line":468,"column":null}}],"line":467},"52":{"loc":{"start":{"line":467,"column":43},"end":{"line":468,"column":null}},"type":"if","locations":[{"start":{"line":467,"column":43},"end":{"line":468,"column":null}},{"start":{},"end":{}}],"line":467},"53":{"loc":{"start":{"line":471,"column":27},"end":{"line":471,"column":null}},"type":"cond-expr","locations":[{"start":{"line":471,"column":49},"end":{"line":471,"column":61}},{"start":{"line":471,"column":61},"end":{"line":471,"column":null}}],"line":471},"54":{"loc":{"start":{"line":476,"column":8},"end":{"line":508,"column":null}},"type":"if","locations":[{"start":{"line":476,"column":8},"end":{"line":508,"column":null}},{"start":{},"end":{}}],"line":476},"55":{"loc":{"start":{"line":481,"column":10},"end":{"line":507,"column":null}},"type":"if","locations":[{"start":{"line":481,"column":10},"end":{"line":507,"column":null}},{"start":{},"end":{}}],"line":481},"56":{"loc":{"start":{"line":481,"column":14},"end":{"line":481,"column":78}},"type":"binary-expr","locations":[{"start":{"line":481,"column":14},"end":{"line":481,"column":47}},{"start":{"line":481,"column":47},"end":{"line":481,"column":78}}],"line":481},"57":{"loc":{"start":{"line":485,"column":12},"end":{"line":506,"column":null}},"type":"if","locations":[{"start":{"line":485,"column":12},"end":{"line":506,"column":null}},{"start":{},"end":{}}],"line":485},"58":{"loc":{"start":{"line":487,"column":39},"end":{"line":489,"column":null}},"type":"cond-expr","locations":[{"start":{"line":488,"column":18},"end":{"line":488,"column":null}},{"start":{"line":489,"column":18},"end":{"line":489,"column":null}}],"line":487},"59":{"loc":{"start":{"line":491,"column":14},"end":{"line":505,"column":null}},"type":"if","locations":[{"start":{"line":491,"column":14},"end":{"line":505,"column":null}},{"start":{},"end":{}}],"line":491},"60":{"loc":{"start":{"line":492,"column":16},"end":{"line":504,"column":null}},"type":"if","locations":[{"start":{"line":492,"column":16},"end":{"line":504,"column":null}},{"start":{"line":498,"column":16},"end":{"line":504,"column":null}}],"line":492},"61":{"loc":{"start":{"line":498,"column":16},"end":{"line":504,"column":null}},"type":"if","locations":[{"start":{"line":498,"column":16},"end":{"line":504,"column":null}},{"start":{},"end":{}}],"line":498},"62":{"loc":{"start":{"line":511,"column":10},"end":{"line":513,"column":null}},"type":"if","locations":[{"start":{"line":511,"column":10},"end":{"line":513,"column":null}},{"start":{},"end":{}}],"line":511},"63":{"loc":{"start":{"line":516,"column":10},"end":{"line":518,"column":null}},"type":"if","locations":[{"start":{"line":516,"column":10},"end":{"line":518,"column":null}},{"start":{},"end":{}}],"line":516},"64":{"loc":{"start":{"line":524,"column":10},"end":{"line":539,"column":null}},"type":"if","locations":[{"start":{"line":524,"column":10},"end":{"line":539,"column":null}},{"start":{"line":533,"column":17},"end":{"line":539,"column":null}}],"line":524},"65":{"loc":{"start":{"line":524,"column":14},"end":{"line":524,"column":66}},"type":"binary-expr","locations":[{"start":{"line":524,"column":14},"end":{"line":524,"column":46}},{"start":{"line":524,"column":46},"end":{"line":524,"column":66}}],"line":524},"66":{"loc":{"start":{"line":531,"column":14},"end":{"line":531,"column":null}},"type":"binary-expr","locations":[{"start":{"line":531,"column":14},"end":{"line":531,"column":35}},{"start":{"line":531,"column":35},"end":{"line":531,"column":null}}],"line":531},"67":{"loc":{"start":{"line":536,"column":31},"end":{"line":536,"column":null}},"type":"binary-expr","locations":[{"start":{"line":536,"column":31},"end":{"line":536,"column":52}},{"start":{"line":536,"column":52},"end":{"line":536,"column":null}}],"line":536},"68":{"loc":{"start":{"line":541,"column":57},"end":{"line":541,"column":107}},"type":"binary-expr","locations":[{"start":{"line":541,"column":57},"end":{"line":541,"column":85}},{"start":{"line":541,"column":85},"end":{"line":541,"column":107}}],"line":541},"69":{"loc":{"start":{"line":542,"column":68},"end":{"line":542,"column":122}},"type":"binary-expr","locations":[{"start":{"line":542,"column":68},"end":{"line":542,"column":96}},{"start":{"line":542,"column":96},"end":{"line":542,"column":122}}],"line":542},"70":{"loc":{"start":{"line":549,"column":18},"end":{"line":549,"column":null}},"type":"cond-expr","locations":[{"start":{"line":549,"column":62},"end":{"line":549,"column":76}},{"start":{"line":549,"column":76},"end":{"line":549,"column":null}}],"line":549},"71":{"loc":{"start":{"line":549,"column":18},"end":{"line":549,"column":62}},"type":"binary-expr","locations":[{"start":{"line":549,"column":18},"end":{"line":549,"column":47}},{"start":{"line":549,"column":47},"end":{"line":549,"column":62}}],"line":549},"72":{"loc":{"start":{"line":556,"column":6},"end":{"line":622,"column":null}},"type":"if","locations":[{"start":{"line":556,"column":6},"end":{"line":622,"column":null}},{"start":{},"end":{}}],"line":556},"73":{"loc":{"start":{"line":557,"column":8},"end":{"line":560,"column":null}},"type":"binary-expr","locations":[{"start":{"line":557,"column":8},"end":{"line":557,"column":null}},{"start":{"line":558,"column":8},"end":{"line":558,"column":null}},{"start":{"line":559,"column":8},"end":{"line":559,"column":null}},{"start":{"line":560,"column":8},"end":{"line":560,"column":null}}],"line":557},"74":{"loc":{"start":{"line":565,"column":15},"end":{"line":565,"column":null}},"type":"binary-expr","locations":[{"start":{"line":565,"column":15},"end":{"line":565,"column":61}},{"start":{"line":565,"column":61},"end":{"line":565,"column":null}}],"line":565},"75":{"loc":{"start":{"line":568,"column":8},"end":{"line":621,"column":null}},"type":"if","locations":[{"start":{"line":568,"column":8},"end":{"line":621,"column":null}},{"start":{},"end":{}}],"line":568},"76":{"loc":{"start":{"line":568,"column":12},"end":{"line":568,"column":73}},"type":"binary-expr","locations":[{"start":{"line":568,"column":12},"end":{"line":568,"column":34}},{"start":{"line":568,"column":34},"end":{"line":568,"column":73}}],"line":568},"77":{"loc":{"start":{"line":573,"column":10},"end":{"line":611,"column":null}},"type":"if","locations":[{"start":{"line":573,"column":10},"end":{"line":611,"column":null}},{"start":{"line":581,"column":10},"end":{"line":611,"column":null}}],"line":573},"78":{"loc":{"start":{"line":581,"column":10},"end":{"line":611,"column":null}},"type":"if","locations":[{"start":{"line":581,"column":10},"end":{"line":611,"column":null}},{"start":{"line":589,"column":17},"end":{"line":611,"column":null}}],"line":581},"79":{"loc":{"start":{"line":600,"column":12},"end":{"line":610,"column":null}},"type":"if","locations":[{"start":{"line":600,"column":12},"end":{"line":610,"column":null}},{"start":{},"end":{}}],"line":600},"80":{"loc":{"start":{"line":600,"column":16},"end":{"line":600,"column":102}},"type":"binary-expr","locations":[{"start":{"line":600,"column":16},"end":{"line":600,"column":66}},{"start":{"line":600,"column":66},"end":{"line":600,"column":102}}],"line":600},"81":{"loc":{"start":{"line":615,"column":12},"end":{"line":615,"column":null}},"type":"if","locations":[{"start":{"line":615,"column":12},"end":{"line":615,"column":null}},{"start":{},"end":{}}],"line":615},"82":{"loc":{"start":{"line":626,"column":6},"end":{"line":646,"column":null}},"type":"if","locations":[{"start":{"line":626,"column":6},"end":{"line":646,"column":null}},{"start":{},"end":{}}],"line":626},"83":{"loc":{"start":{"line":627,"column":8},"end":{"line":629,"column":null}},"type":"binary-expr","locations":[{"start":{"line":627,"column":8},"end":{"line":627,"column":null}},{"start":{"line":628,"column":8},"end":{"line":628,"column":null}},{"start":{"line":629,"column":8},"end":{"line":629,"column":null}}],"line":627},"84":{"loc":{"start":{"line":633,"column":15},"end":{"line":633,"column":null}},"type":"binary-expr","locations":[{"start":{"line":633,"column":15},"end":{"line":633,"column":53}},{"start":{"line":633,"column":53},"end":{"line":633,"column":null}}],"line":633},"85":{"loc":{"start":{"line":636,"column":8},"end":{"line":645,"column":null}},"type":"if","locations":[{"start":{"line":636,"column":8},"end":{"line":645,"column":null}},{"start":{},"end":{}}],"line":636},"86":{"loc":{"start":{"line":636,"column":12},"end":{"line":636,"column":71}},"type":"binary-expr","locations":[{"start":{"line":636,"column":12},"end":{"line":636,"column":33}},{"start":{"line":636,"column":33},"end":{"line":636,"column":71}}],"line":636},"87":{"loc":{"start":{"line":642,"column":12},"end":{"line":642,"column":null}},"type":"if","locations":[{"start":{"line":642,"column":12},"end":{"line":642,"column":null}},{"start":{},"end":{}}],"line":642},"88":{"loc":{"start":{"line":656,"column":6},"end":{"line":656,"column":null}},"type":"if","locations":[{"start":{"line":656,"column":6},"end":{"line":656,"column":null}},{"start":{},"end":{}}],"line":656},"89":{"loc":{"start":{"line":659,"column":6},"end":{"line":675,"column":null}},"type":"if","locations":[{"start":{"line":659,"column":6},"end":{"line":675,"column":null}},{"start":{},"end":{}}],"line":659},"90":{"loc":{"start":{"line":660,"column":27},"end":{"line":660,"column":51}},"type":"binary-expr","locations":[{"start":{"line":660,"column":27},"end":{"line":660,"column":47}},{"start":{"line":660,"column":47},"end":{"line":660,"column":51}}],"line":660},"91":{"loc":{"start":{"line":661,"column":8},"end":{"line":674,"column":null}},"type":"if","locations":[{"start":{"line":661,"column":8},"end":{"line":674,"column":null}},{"start":{},"end":{}}],"line":661},"92":{"loc":{"start":{"line":669,"column":25},"end":{"line":669,"column":49}},"type":"binary-expr","locations":[{"start":{"line":669,"column":25},"end":{"line":669,"column":45}},{"start":{"line":669,"column":45},"end":{"line":669,"column":49}}],"line":669},"93":{"loc":{"start":{"line":670,"column":33},"end":{"line":672,"column":null}},"type":"cond-expr","locations":[{"start":{"line":671,"column":17},"end":{"line":671,"column":null}},{"start":{"line":672,"column":16},"end":{"line":672,"column":null}}],"line":670},"94":{"loc":{"start":{"line":670,"column":33},"end":{"line":670,"column":null}},"type":"binary-expr","locations":[{"start":{"line":670,"column":33},"end":{"line":670,"column":62}},{"start":{"line":670,"column":62},"end":{"line":670,"column":null}}],"line":670},"95":{"loc":{"start":{"line":671,"column":17},"end":{"line":671,"column":null}},"type":"cond-expr","locations":[{"start":{"line":671,"column":45},"end":{"line":671,"column":68}},{"start":{"line":671,"column":68},"end":{"line":671,"column":null}}],"line":671},"96":{"loc":{"start":{"line":682,"column":29},"end":{"line":684,"column":null}},"type":"cond-expr","locations":[{"start":{"line":683,"column":13},"end":{"line":683,"column":null}},{"start":{"line":684,"column":12},"end":{"line":684,"column":null}}],"line":682},"97":{"loc":{"start":{"line":683,"column":13},"end":{"line":683,"column":null}},"type":"cond-expr","locations":[{"start":{"line":683,"column":41},"end":{"line":683,"column":64}},{"start":{"line":683,"column":64},"end":{"line":683,"column":null}}],"line":683},"98":{"loc":{"start":{"line":692,"column":10},"end":{"line":692,"column":null}},"type":"if","locations":[{"start":{"line":692,"column":10},"end":{"line":692,"column":null}},{"start":{},"end":{}}],"line":692},"99":{"loc":{"start":{"line":693,"column":10},"end":{"line":693,"column":null}},"type":"if","locations":[{"start":{"line":693,"column":10},"end":{"line":693,"column":null}},{"start":{},"end":{}}],"line":693},"100":{"loc":{"start":{"line":695,"column":31},"end":{"line":695,"column":null}},"type":"binary-expr","locations":[{"start":{"line":695,"column":31},"end":{"line":695,"column":49}},{"start":{"line":695,"column":49},"end":{"line":695,"column":null}}],"line":695},"101":{"loc":{"start":{"line":698,"column":10},"end":{"line":700,"column":null}},"type":"if","locations":[{"start":{"line":698,"column":10},"end":{"line":700,"column":null}},{"start":{},"end":{}}],"line":698},"102":{"loc":{"start":{"line":698,"column":14},"end":{"line":698,"column":64}},"type":"binary-expr","locations":[{"start":{"line":698,"column":14},"end":{"line":698,"column":34}},{"start":{"line":698,"column":34},"end":{"line":698,"column":64}}],"line":698},"103":{"loc":{"start":{"line":710,"column":10},"end":{"line":712,"column":null}},"type":"if","locations":[{"start":{"line":710,"column":10},"end":{"line":712,"column":null}},{"start":{},"end":{}}],"line":710},"104":{"loc":{"start":{"line":728,"column":6},"end":{"line":728,"column":null}},"type":"if","locations":[{"start":{"line":728,"column":6},"end":{"line":728,"column":null}},{"start":{},"end":{}}],"line":728},"105":{"loc":{"start":{"line":732,"column":13},"end":{"line":732,"column":null}},"type":"binary-expr","locations":[{"start":{"line":732,"column":13},"end":{"line":732,"column":55}},{"start":{"line":732,"column":55},"end":{"line":732,"column":null}}],"line":732},"106":{"loc":{"start":{"line":734,"column":6},"end":{"line":734,"column":null}},"type":"if","locations":[{"start":{"line":734,"column":6},"end":{"line":734,"column":null}},{"start":{},"end":{}}],"line":734},"107":{"loc":{"start":{"line":743,"column":23},"end":{"line":743,"column":null}},"type":"binary-expr","locations":[{"start":{"line":743,"column":23},"end":{"line":743,"column":43}},{"start":{"line":743,"column":43},"end":{"line":743,"column":null}}],"line":743},"108":{"loc":{"start":{"line":747,"column":6},"end":{"line":789,"column":null}},"type":"if","locations":[{"start":{"line":747,"column":6},"end":{"line":789,"column":null}},{"start":{"line":770,"column":13},"end":{"line":789,"column":null}}],"line":747},"109":{"loc":{"start":{"line":756,"column":20},"end":{"line":756,"column":null}},"type":"cond-expr","locations":[{"start":{"line":756,"column":58},"end":{"line":756,"column":77}},{"start":{"line":756,"column":77},"end":{"line":756,"column":null}}],"line":756},"110":{"loc":{"start":{"line":773,"column":10},"end":{"line":773,"column":null}},"type":"if","locations":[{"start":{"line":773,"column":10},"end":{"line":773,"column":null}},{"start":{},"end":{}}],"line":773},"111":{"loc":{"start":{"line":796,"column":19},"end":{"line":796,"column":null}},"type":"cond-expr","locations":[{"start":{"line":796,"column":57},"end":{"line":796,"column":76}},{"start":{"line":796,"column":76},"end":{"line":796,"column":null}}],"line":796},"112":{"loc":{"start":{"line":825,"column":25},"end":{"line":825,"column":49}},"type":"binary-expr","locations":[{"start":{"line":825,"column":25},"end":{"line":825,"column":45}},{"start":{"line":825,"column":45},"end":{"line":825,"column":49}}],"line":825},"113":{"loc":{"start":{"line":826,"column":6},"end":{"line":828,"column":null}},"type":"if","locations":[{"start":{"line":826,"column":6},"end":{"line":828,"column":null}},{"start":{},"end":{}}],"line":826},"114":{"loc":{"start":{"line":826,"column":10},"end":{"line":826,"column":81}},"type":"binary-expr","locations":[{"start":{"line":826,"column":10},"end":{"line":826,"column":24}},{"start":{"line":826,"column":24},"end":{"line":826,"column":42}},{"start":{"line":826,"column":42},"end":{"line":826,"column":81}}],"line":826},"115":{"loc":{"start":{"line":834,"column":21},"end":{"line":834,"column":45}},"type":"binary-expr","locations":[{"start":{"line":834,"column":21},"end":{"line":834,"column":41}},{"start":{"line":834,"column":41},"end":{"line":834,"column":45}}],"line":834},"116":{"loc":{"start":{"line":835,"column":10},"end":{"line":837,"column":null}},"type":"cond-expr","locations":[{"start":{"line":836,"column":14},"end":{"line":836,"column":null}},{"start":{"line":837,"column":14},"end":{"line":837,"column":null}}],"line":835},"117":{"loc":{"start":{"line":845,"column":25},"end":{"line":845,"column":49}},"type":"binary-expr","locations":[{"start":{"line":845,"column":25},"end":{"line":845,"column":45}},{"start":{"line":845,"column":45},"end":{"line":845,"column":49}}],"line":845},"118":{"loc":{"start":{"line":846,"column":6},"end":{"line":846,"column":null}},"type":"if","locations":[{"start":{"line":846,"column":6},"end":{"line":846,"column":null}},{"start":{},"end":{}}],"line":846},"119":{"loc":{"start":{"line":857,"column":21},"end":{"line":857,"column":45}},"type":"binary-expr","locations":[{"start":{"line":857,"column":21},"end":{"line":857,"column":41}},{"start":{"line":857,"column":41},"end":{"line":857,"column":45}}],"line":857},"120":{"loc":{"start":{"line":858,"column":29},"end":{"line":860,"column":null}},"type":"cond-expr","locations":[{"start":{"line":859,"column":13},"end":{"line":859,"column":null}},{"start":{"line":860,"column":12},"end":{"line":860,"column":null}}],"line":858},"121":{"loc":{"start":{"line":858,"column":29},"end":{"line":858,"column":null}},"type":"binary-expr","locations":[{"start":{"line":858,"column":29},"end":{"line":858,"column":58}},{"start":{"line":858,"column":58},"end":{"line":858,"column":null}}],"line":858},"122":{"loc":{"start":{"line":859,"column":13},"end":{"line":859,"column":null}},"type":"cond-expr","locations":[{"start":{"line":859,"column":41},"end":{"line":859,"column":64}},{"start":{"line":859,"column":64},"end":{"line":859,"column":null}}],"line":859},"123":{"loc":{"start":{"line":869,"column":10},"end":{"line":869,"column":null}},"type":"if","locations":[{"start":{"line":869,"column":10},"end":{"line":869,"column":null}},{"start":{},"end":{}}],"line":869},"124":{"loc":{"start":{"line":870,"column":10},"end":{"line":870,"column":null}},"type":"if","locations":[{"start":{"line":870,"column":10},"end":{"line":870,"column":null}},{"start":{},"end":{}}],"line":870},"125":{"loc":{"start":{"line":870,"column":14},"end":{"line":870,"column":65}},"type":"binary-expr","locations":[{"start":{"line":870,"column":14},"end":{"line":870,"column":44}},{"start":{"line":870,"column":44},"end":{"line":870,"column":65}}],"line":870},"126":{"loc":{"start":{"line":889,"column":6},"end":{"line":889,"column":null}},"type":"if","locations":[{"start":{"line":889,"column":6},"end":{"line":889,"column":null}},{"start":{},"end":{}}],"line":889},"127":{"loc":{"start":{"line":889,"column":10},"end":{"line":889,"column":77}},"type":"binary-expr","locations":[{"start":{"line":889,"column":10},"end":{"line":889,"column":31}},{"start":{"line":889,"column":31},"end":{"line":889,"column":77}}],"line":889},"128":{"loc":{"start":{"line":890,"column":6},"end":{"line":890,"column":null}},"type":"if","locations":[{"start":{"line":890,"column":6},"end":{"line":890,"column":null}},{"start":{},"end":{}}],"line":890},"129":{"loc":{"start":{"line":890,"column":10},"end":{"line":890,"column":82}},"type":"binary-expr","locations":[{"start":{"line":890,"column":10},"end":{"line":890,"column":48}},{"start":{"line":890,"column":48},"end":{"line":890,"column":82}}],"line":890},"130":{"loc":{"start":{"line":895,"column":13},"end":{"line":895,"column":null}},"type":"binary-expr","locations":[{"start":{"line":895,"column":13},"end":{"line":895,"column":55}},{"start":{"line":895,"column":55},"end":{"line":895,"column":null}}],"line":895},"131":{"loc":{"start":{"line":897,"column":6},"end":{"line":897,"column":null}},"type":"if","locations":[{"start":{"line":897,"column":6},"end":{"line":897,"column":null}},{"start":{},"end":{}}],"line":897},"132":{"loc":{"start":{"line":905,"column":6},"end":{"line":938,"column":null}},"type":"if","locations":[{"start":{"line":905,"column":6},"end":{"line":938,"column":null}},{"start":{"line":916,"column":6},"end":{"line":938,"column":null}}],"line":905},"133":{"loc":{"start":{"line":916,"column":6},"end":{"line":938,"column":null}},"type":"if","locations":[{"start":{"line":916,"column":6},"end":{"line":938,"column":null}},{"start":{"line":927,"column":13},"end":{"line":938,"column":null}}],"line":916},"134":{"loc":{"start":{"line":941,"column":23},"end":{"line":941,"column":null}},"type":"binary-expr","locations":[{"start":{"line":941,"column":23},"end":{"line":941,"column":43}},{"start":{"line":941,"column":43},"end":{"line":941,"column":null}}],"line":941},"135":{"loc":{"start":{"line":945,"column":6},"end":{"line":987,"column":null}},"type":"if","locations":[{"start":{"line":945,"column":6},"end":{"line":987,"column":null}},{"start":{"line":968,"column":13},"end":{"line":987,"column":null}}],"line":945},"136":{"loc":{"start":{"line":971,"column":10},"end":{"line":971,"column":null}},"type":"if","locations":[{"start":{"line":971,"column":10},"end":{"line":971,"column":null}},{"start":{},"end":{}}],"line":971},"137":{"loc":{"start":{"line":1001,"column":6},"end":{"line":1008,"column":null}},"type":"if","locations":[{"start":{"line":1001,"column":6},"end":{"line":1008,"column":null}},{"start":{},"end":{}}],"line":1001},"138":{"loc":{"start":{"line":1001,"column":10},"end":{"line":1001,"column":112}},"type":"binary-expr","locations":[{"start":{"line":1001,"column":10},"end":{"line":1001,"column":34}},{"start":{"line":1001,"column":34},"end":{"line":1001,"column":69}},{"start":{"line":1001,"column":69},"end":{"line":1001,"column":112}}],"line":1001}},"s":{"0":3,"1":355,"2":322,"3":0,"4":38,"5":38,"6":356,"7":38,"8":38,"9":38,"10":38,"11":7,"12":31,"13":12,"14":19,"15":19,"16":0,"17":38,"18":19,"19":19,"20":38,"21":356,"22":38,"23":38,"24":0,"25":0,"26":0,"27":0,"28":0,"29":0,"30":0,"31":0,"32":0,"33":0,"34":0,"35":0,"36":0,"37":0,"38":0,"39":0,"40":0,"41":34,"42":34,"43":34,"44":0,"45":34,"46":34,"47":34,"48":34,"49":34,"50":0,"51":34,"52":34,"53":34,"54":34,"55":10,"56":24,"57":6,"58":6,"59":18,"60":18,"61":18,"62":59,"63":213,"64":34,"65":34,"66":18,"67":18,"68":18,"69":18,"70":3,"71":3,"72":3,"73":15,"74":4,"75":4,"76":4,"77":11,"78":11,"79":11,"80":18,"81":18,"82":18,"83":18,"84":18,"85":18,"86":18,"87":18,"88":0,"89":18,"90":18,"91":18,"92":0,"93":18,"94":34,"95":0,"96":0,"97":0,"98":0,"99":0,"100":0,"101":0,"102":0,"103":0,"104":0,"105":0,"106":0,"107":0,"108":0,"109":0,"110":0,"111":0,"112":0,"113":0,"114":34,"115":0,"116":0,"117":0,"118":0,"119":0,"120":0,"121":0,"122":0,"123":0,"124":0,"125":0,"126":0,"127":0,"128":0,"129":0,"130":0,"131":0,"132":0,"133":0,"134":0,"135":0,"136":0,"137":0,"138":0,"139":0,"140":0,"141":0,"142":124,"143":178,"144":54,"145":124,"146":4128,"147":124,"148":123,"149":123,"150":123,"151":177,"152":54,"153":123,"154":4122,"155":3999,"156":123,"157":123,"158":123,"159":123,"160":75,"161":48,"162":48,"163":123,"164":4122,"165":123,"166":12,"167":12,"168":78,"169":12,"170":0,"171":0,"172":0,"173":0,"174":0,"175":0,"176":0,"177":0,"178":0,"179":0,"180":0,"181":0,"182":123,"183":0,"184":123,"185":0,"186":123,"187":123,"188":123,"189":42,"190":81,"191":123,"192":2245,"193":123,"194":2245,"195":123,"196":123,"197":135,"198":123,"199":2,"200":2,"201":4,"202":2,"203":2,"204":0,"205":0,"206":0,"207":2,"208":0,"209":0,"210":0,"211":2,"212":2,"213":2,"214":2,"215":0,"216":2,"217":4,"218":2,"219":2,"220":123,"221":135,"222":123,"223":2,"224":2,"225":2,"226":0,"227":0,"228":0,"229":0,"230":0,"231":0,"232":123,"233":0,"234":0,"235":0,"236":0,"237":0,"238":0,"239":0,"240":0,"241":0,"242":0,"243":0,"244":0,"245":0,"246":0,"247":0,"248":0,"249":0,"250":3,"251":3,"252":0,"253":3,"254":0,"255":3,"256":3,"257":3,"258":0,"259":3,"260":3,"261":0,"262":3,"263":0,"264":0,"265":0,"266":0,"267":0,"268":0,"269":0,"270":0,"271":0,"272":0,"273":0,"274":0,"275":0,"276":0,"277":0,"278":0,"279":0,"280":0,"281":0,"282":0,"283":0,"284":0,"285":0,"286":0,"287":0,"288":0,"289":0,"290":0,"291":0,"292":0,"293":0,"294":0,"295":0,"296":0,"297":0,"298":0,"299":0,"300":0,"301":0,"302":0,"303":0,"304":0,"305":0,"306":0,"307":0,"308":0,"309":0,"310":0,"311":0,"312":0,"313":0,"314":0,"315":0,"316":0,"317":0,"318":0,"319":0,"320":0,"321":0,"322":0,"323":0,"324":0,"325":0,"326":0,"327":0,"328":0,"329":0,"330":0,"331":0,"332":0,"333":0,"334":0,"335":0,"336":0,"337":0,"338":0,"339":0,"340":0,"341":0,"342":0,"343":0,"344":0,"345":0,"346":0,"347":0,"348":0,"349":0,"350":0,"351":0,"352":0,"353":0,"354":0,"355":0,"356":0,"357":0,"358":0,"359":0,"360":0,"361":0,"362":0,"363":0,"364":0,"365":0},"f":{"0":355,"1":322,"2":356,"3":356,"4":0,"5":0,"6":0,"7":0,"8":0,"9":34,"10":34,"11":59,"12":213,"13":18,"14":18,"15":18,"16":18,"17":0,"18":0,"19":0,"20":0,"21":0,"22":0,"23":0,"24":0,"25":0,"26":0,"27":0,"28":0,"29":0,"30":178,"31":4128,"32":177,"33":4122,"34":123,"35":78,"36":0,"37":0,"38":0,"39":2245,"40":2245,"41":135,"42":4,"43":4,"44":135,"45":2,"46":0,"47":0,"48":0,"49":0,"50":0,"51":0,"52":0,"53":3,"54":0,"55":0,"56":0,"57":0,"58":0,"59":0,"60":0,"61":0,"62":0,"63":0,"64":0,"65":0,"66":0,"67":0,"68":0,"69":0,"70":0},"b":{"0":[355,225,209],"1":[0,38,0,0,0,34,0,124,123,0,3,0,0,0,0,0,0],"2":[7,31],"3":[12,19],"4":[19,0],"5":[19,19],"6":[38,19],"7":[7,31],"8":[38,0],"9":[0,0],"10":[0,0],"11":[0,0],"12":[0,0],"13":[0,0],"14":[0,0],"15":[0,0],"16":[0,0],"17":[0,34],"18":[34,0],"19":[0,34],"20":[10,24],"21":[6,18],"22":[18,0],"23":[18,18],"24":[18,16],"25":[34,18],"26":[18,0],"27":[3,15],"28":[4,11],"29":[18,0],"30":[18,0],"31":[0,18],"32":[0,18],"33":[0,34],"34":[34,10],"35":[0,0],"36":[0,0],"37":[0,0],"38":[0,0],"39":[0,0],"40":[0,0],"41":[0,0],"42":[0,0],"43":[0,0],"44":[0,0],"45":[0,0],"46":[0,0],"47":[54,124],"48":[124,4004],"49":[54,123],"50":[3999,123],"51":[75,48],"52":[48,0],"53":[75,48],"54":[12,111],"55":[0,12],"56":[12,12],"57":[0,0],"58":[0,0],"59":[0,0],"60":[0,0],"61":[0,0],"62":[0,123],"63":[0,123],"64":[42,81],"65":[123,42],"66":[42,0],"67":[81,0],"68":[2245,114],"69":[2245,2131],"70":[9,114],"71":[123,9],"72":[2,121],"73":[123,123,42,2],"74":[4,2],"75":[2,0],"76":[2,2],"77":[0,2],"78":[0,2],"79":[0,2],"80":[2,0],"81":[2,2],"82":[2,121],"83":[123,123,58],"84":[2,0],"85":[0,2],"86":[2,0],"87":[0,0],"88":[0,0],"89":[0,0],"90":[0,0],"91":[0,0],"92":[0,0],"93":[0,0],"94":[0,0],"95":[0,0],"96":[0,0],"97":[0,0],"98":[0,3],"99":[0,3],"100":[3,0],"101":[0,3],"102":[3,3],"103":[0,3],"104":[0,0],"105":[0,0],"106":[0,0],"107":[0,0],"108":[0,0],"109":[0,0],"110":[0,0],"111":[0,0],"112":[0,0],"113":[0,0],"114":[0,0,0],"115":[0,0],"116":[0,0],"117":[0,0],"118":[0,0],"119":[0,0],"120":[0,0],"121":[0,0],"122":[0,0],"123":[0,0],"124":[0,0],"125":[0,0],"126":[0,0],"127":[0,0],"128":[0,0],"129":[0,0],"130":[0,0],"131":[0,0],"132":[0,0],"133":[0,
[...]
,"column":103}},"type":"binary-expr","locations":[{"start":{"line":209,"column":17},"end":{"line":209,"column":45}},{"start":{"line":209,"column":45},"end":{"line":209,"column":58}},{"start":{"line":209,"column":58},"end":{"line":209,"column":71}},{"start":{"line":209,"column":71},"end":{"line":209,"column":86}},{"start":{"line":209,"column":86},"end":{"line":209,"column":103}}],"line":209},"21":{"loc":{"start":{"line":214,"column":6},"end":{"line":214,"column":null}},"type":"if","locations":[{"start":{"line":214,"column":6},"end":{"line":214,"column":null}},{"start":{},"end":{}}],"line":214},"22":{"loc":{"start":{"line":214,"column":10},"end":{"line":214,"column":38}},"type":"binary-expr","locations":[{"start":{"line":214,"column":10},"end":{"line":214,"column":25}},{"start":{"line":214,"column":25},"end":{"line":214,"column":38}}],"line":214},"23":{"loc":{"start":{"line":222,"column":8},"end":{"line":226,"column":null}},"type":"if","locations":[{"start":{"line":222,"column":8},"end":{"line":226,"column":null}},{"start":{"line":224,"column":8},"end":{"line":226,"column":null}}],"line":222},"24":{"loc":{"start":{"line":224,"column":8},"end":{"line":226,"column":null}},"type":"if","locations":[{"start":{"line":224,"column":8},"end":{"line":226,"column":null}},{"start":{},"end":{}}],"line":224},"25":{"loc":{"start":{"line":244,"column":6},"end":{"line":254,"column":null}},"type":"if","locations":[{"start":{"line":244,"column":6},"end":{"line":254,"column":null}},{"start":{"line":249,"column":6},"end":{"line":254,"column":null}}],"line":244},"26":{"loc":{"start":{"line":249,"column":6},"end":{"line":254,"column":null}},"type":"if","locations":[{"start":{"line":249,"column":6},"end":{"line":254,"column":null}},{"start":{},"end":{}}],"line":249},"27":{"loc":{"start":{"line":261,"column":4},"end":{"line":263,"column":null}},"type":"if","locations":[{"start":{"line":261,"column":4},"end":{"line":263,"column":null}},{"start":{},"end":{}}],"line":261},"28":{"loc":{"start":{"line":261,"column":8},"end":{"line":261,"column":64}},"type":"binary-expr","locations":[{"start":{"line":261,"column":8},"end":{"line":261,"column":37}},{"start":{"line":261,"column":37},"end":{"line":261,"column":64}}],"line":261},"29":{"loc":{"start":{"line":265,"column":4},"end":{"line":265,"column":null}},"type":"if","locations":[{"start":{"line":265,"column":4},"end":{"line":265,"column":null}},{"start":{},"end":{}}],"line":265},"30":{"loc":{"start":{"line":266,"column":4},"end":{"line":266,"column":null}},"type":"if","locations":[{"start":{"line":266,"column":4},"end":{"line":266,"column":null}},{"start":{},"end":{}}],"line":266},"31":{"loc":{"start":{"line":271,"column":12},"end":{"line":271,"column":41}},"type":"binary-expr","locations":[{"start":{"line":271,"column":12},"end":{"line":271,"column":35}},{"start":{"line":271,"column":35},"end":{"line":271,"column":41}}],"line":271},"32":{"loc":{"start":{"line":271,"column":41},"end":{"line":271,"column":null}},"type":"binary-expr","locations":[{"start":{"line":271,"column":41},"end":{"line":271,"column":64}},{"start":{"line":271,"column":64},"end":{"line":271,"column":null}}],"line":271}},"s":{"0":885,"1":885,"2":885,"3":885,"4":35188,"5":14947,"6":237,"7":237,"8":237,"9":237,"10":237,"11":78,"12":78,"13":159,"14":159,"15":237,"16":237,"17":134,"18":103,"19":103,"20":885,"21":90,"22":90,"23":90,"24":0,"25":90,"26":90,"27":853,"28":90,"29":3253,"30":1680,"31":1680,"32":1680,"33":0,"34":1680,"35":1680,"36":1680,"37":1680,"38":1680,"39":1684,"40":1061,"41":623,"42":623,"43":1684,"44":1684,"45":1680,"46":1680,"47":1680,"48":1680,"49":1680,"50":1680,"51":1680,"52":1680,"53":1680,"54":1680,"55":1680,"56":1058,"57":1058,"58":622,"59":621,"60":621,"61":90,"62":90,"63":1909,"64":4,"65":4,"66":1905,"67":1020,"68":885,"69":885,"70":885,"71":237,"72":648,"73":648,"74":648,"75":0,"76":0,"77":0,"78":0,"79":0,"80":0,"81":90,"82":0,"83":0,"84":0,"85":0,"86":0,"87":0,"88":0,"89":0,"90":0,"91":0,"92":0,"93":0,"94":0,"95":0,"96":0,"97":0,"98":0,"99":0,"100":0,"101":0,"102":0,"103":0,"104":0,"105":0,"106":0,"107":0,"108":0,"109":0,"110":0,"111":0,"112":0,"113":0,"114":0,"115":0,"116":0,"117":0,"118":0,"119":0,"120":0,"121":0,"122":0,"123":0,"124":0,"125":0,"126":0,"127":0,"128":0,"129":0,"130":0,"131":0,"132":0,"133":0,"134":0,"135":0,"136":0,"137":0},"f":{"0":885,"1":35188,"2":14947,"3":237,"4":237,"5":90,"6":853,"7":3253,"8":1680,"9":1684,"10":1909,"11":0,"12":0,"13":0,"14":0,"15":0,"16":0,"17":0,"18":0,"19":0},"b":{"0":[14947,1029,14869,1648],"1":[78,159],"2":[134,103],"3":[103,0],"4":[90],"5":[0,90],"6":[0,90],"7":[3253,1680,1680],"8":[0,1680],"9":[1680,1680],"10":[1061,623],"11":[623,0],"12":[1058,622],"13":[621,1],"14":[4,1905],"15":[4,0],"16":[1020,885],"17":[885,0],"18":[237,648],"19":[0,0],"20":[0,0,0,0,0],"21":[0,0],"22":[0,0],"23":[0,0],"24":[0,0],"25":[0,0],"26":[0,0],"27":[0,0],"28":[0,0],"29":[0,0],"30":[0,0],"31":[0,0],"32":[0,0]},"meta":{"lastBranch":33,"lastFunction":20,"lastStatement":138,"seen":{"f:15:9:15:Infinity":0,"s:20:13:20:Infinity":0,"s:21:15:21:Infinity":1,"s:22:18:22:Infinity":2,"s:24:2:54:Infinity":3,"f:25:12:25:17":1,"s:25:17:25:41":4,"f:26:12:26:Infinity":2,"s:27:7:28:Infinity":5,"b:27:7:27:32:27:32:27:Infinity:28:7:28:32:28:32:28:Infinity":0,"f:30:13:30:22":3,"s:31:22:31:Infinity":6,"s:34:23:34:Infinity":7,"s:35:27:35:Infinity":8,"s:36:6:44:Infinity":9,"f:36:27:36:36":4,"b:37:8:43:Infinity:40:15:43:Infinity":1,"s:37:8:43:Infinity":10,"s:38:10:38:Infinity":11,"s:39:10:39:Infinity":12,"s:41:10:41:Infinity":13,"s:42:10:42:Infinity":14,"s:46:6:46:Infinity":15,"b:49:6:53:Infinity:51:6:53:Infinity":2,"s:49:6:53:Infinity":16,"s:50:8:50:Infinity":17,"b:51:6:53:Infinity:undefined:undefined:undefined:undefined":3,"s:51:6:53:Infinity":18,"s:52:8:52:Infinity":19,"s:56:2:56:Infinity":20,"f:59:16:59:Infinity":5,"b:62:39:62:Infinity":4,"s:65:33:67:Infinity":21,"b:66:6:66:Infinity:67:6:67:Infinity":5,"s:69:52:69:Infinity":22,"b:72:2:74:Infinity:undefined:undefined:undefined:undefined":6,"s:72:2:74:Infinity":23,"s:73:4:73:Infinity":24,"s:76:48:76:Infinity":25,"s:79:2:91:Infinity":26,"f:79:16:79:24":6,"s:80:4:90:Infinity":27,"s:94:2:136:Infinity":28,"f:95:12:95:17":7,"s:95:17:95:67":29,"b:95:17:95:45:95:45:95:58:95:58:95:67":7,"f:96:13:96:22":8,"s:97:25:97:Infinity":30,"s:98:25:98:Infinity":31,"b:100:6:100:Infinity:undefined:undefined:undefined:undefined":8,"s:100:6:100:Infinity":32,"b:100:10:100:25:100:25:100:38":9,"s:100:38:100:Infinity":33,"s:102:21:102:Infinity":34,"s:103:21:103:Infinity":35,"s:104:20:104:Infinity":36,"s:105:20:105:Infinity":37,"s:107:6:115:Infinity":38,"f:107:27:107:36":9,"b:108:8:112:Infinity:110:8:112:Infinity":10,"s:108:8:112:Infinity":39,"s:109:10:109:Infinity":40,"b:110:8:112:Infinity:undefined:undefined:undefined:undefined":11,"s:110:8:112:Infinity":41,"s:111:10:111:Infinity":42,"s:113:8:113:Infinity":43,"s:114:8:114:Infinity":44,"s:117:6:117:Infinity":45,"s:118:6:118:Infinity":46,"s:119:6:119:Infinity":47,"s:120:6:120:Infinity":48,"s:121:6:121:Infinity":49,"s:122:6:122:Infinity":50,"s:123:6:123:Infinity":51,"s:124:6:124:Infinity":52,"s:125:6:125:Infinity":53,"s:126:6:126:Infinity":54,"b:129:6:135:Infinity:132:6:135:Infinity":12,"s:129:6:135:Infinity":55,"s:130:8:130:Infinity":56,"s:131:8:131:Infinity":57,"b:132:6:135:Infinity:undefined:undefined:undefined:undefined":13,"s:132:6:135:Infinity":58,"s:133:8:133:Infinity":59,"s:134:8:134:Infinity":60,"s:139:25:139:Infinity":61,"s:142:2:172:Infinity":62,"f:142:22:142:23":10,"b:144:4:150:Infinity:147:11:150:Infinity":14,"s:144:4:150:Infinity":63,"b:146:6:146:Infinity:undefined:undefined:undefined:undefined":15,"s:146:6:146:Infinity":64,"s:146:35:146:Infinity":65,"b:149:6:149:Infinity:undefined:undefined:undefined:undefined":16,"s:149:6:149:Infinity":66,"s:149:27:149:Infinity":67,"b:153:4:171:Infinity:163:11:171:Infinity":17,"s:153:4:171:Infinity":68,"s:155:18:155:Infinity":69,"b:156:6:158:Infinity:undefined:undefined:undefined:undefined":18,"s:156:6:158:Infinity":70,"s:157:8:157:Infinity":71,"s:160:25:160:Infinity":72,"s:161:25:161:Infinity":73,"s:162:6:162:Infinity":74,"s:165:25:165:Infinity":75,"s:166:25:166:Infinity":76,"b:167:6:167:Infinity:undefined:undefined:undefined:undefined":19,"s:167:6:167:Infinity":77,"s:167:37:167:Infinity":78,"s:169:18:169:Infinity":79,"s:170:6:170:Infinity":80,"s:174:2:174:Infinity":81,"f:185:9:185:Infinity":11,"s:190:76:190:Infinity":82,"s:192:2:205:Infinity":83,"f:192:16:192:24":12,"s:193:4:204:Infinity":84,"s:208:2:255:Infinity":85,"f:209:12:209:17":13,"s:209:17:209:103":86,"b:209:17:209:45:209:45:209:58:209:58:209:71:209:71:209:86:209:86:209:103":20,"f:210:13:210:22":14,"s:211:25:211:Infinity":87,"s:212:25:212:Infinity":88,"b:214:6:214:Infinity:undefined:undefined:undefined:undefined":21,"s:214:6:214:Infinity":89,"b:214:10:214:25:214:25:214:38":22,"s:214:38:214:Infinity":90,"s:216:21:216:Infinity":91,"s:217:21:217:Infinity":92,"s:218:20:218:Infinity":93,"s:219:20:219:Infinity":94,"s:221:6:229:Infinity":95,"f:221:27:221:36":15,"b:222:8:226:Infinity:224:8:226:Infinity":23,"s:222:8:226:Infinity":96,"s:223:10:223:Infinity":97,"b:224:8:226:Infinity:undefined:undefined:undefined:undefined":24,"s:224:8:226:Infinity":98,"s:225:10:225:Infinity":99,"s:227:8:227:Infinity":100,"s:228:8:228:Infinity":101,"s:231:6:231:Infinity":102,"s:232:6:232:Infinity":103,"s:233:6:233:Infinity":104,"s:234:6:234:Infinity":105,"s:235:6:235:Infinity":106,"s:236:6:236:Infinity":107,"s:237:6:237:Infinity":108,"s:238:6:238:Infinity":109,"s:239:6:239:Infinity":110,"s:240:6:240:Infinity":111,"s:243:27:243:Infinity":112,"b:244:6:254:Infinity:249:6:254:Infinity":25,"s:244:6:254:Infinity":113,"s:245:8:245:Infinity":114,"s:246:8:246:Infinity":115,"s:247:8:247:Infinity":116,"s:248:8:248:Infinity":117,"b:249:6:254:Infinity:undefined:undefined:undefined:undefined":26,"s:249:6:254:Infinity":118,"s:250:8:250:Infinity":119,"s:251:8:251:Infinity":120,"s:252:8:252:Infinity":121,"s:253:8:253:Infinity":122,"s:258:25:258:Infinity":123,"s:259:2:272:Infinity":124,"f:259:22:259:23":16,"b:261:4:263:Infinity:undefined:undefined:undefined:undefined":27,"s:261:4:263:Infinity":125,"b:261:8:261:37:261:37:261:64":28,"s:262:6:262:Infinity":126,"b:265:4:265:Infinity:undefined:undefined:undefined:undefined":29,"s:265:4:265:Infinity":127,"s:265:35:265:Infinity":128,"b:266:4:266:Infinity:undefined:undefined:undefined:undefined":30,"s:266:4:266:Infinity":129,"s:266:35:266:Infinity":130,"s:269:18:269:Infinity":131,"f:269:29:269:34":17,"s:269:34:269:51":132,"s:270:18:270:Infinity":133,"f:270:29:270:34":18,"s:270:34:270:51":134,"s:271:4:271:Infinity":135,"b:271:12:271:35:271:35:271:41":31,"b:271:41:271:64:271:64:271:Infinity":32,"s:276:2:276:Infinity":136,"f:276:28:276:29":19,"s:276:56:276:60":137}}}
,"/home/user/Beachl-Turnier/src/utils/swissSystem.ts": {"path":"/home/user/Beachl-Turnier/src/utils/swissSystem.ts","statementMap":{"0":{"start":{"line":11,"column":27},"end":{"line":11,"column":null}},"1":{"start":{"line":14,"column":22},"end":{"line":24,"column":null}},"2":{"start":{"line":15,"column":22},"end":{"line":15,"column":null}},"3":{"start":{"line":15,"column":42},"end":{"line":15,"column":59}},"4":{"start":{"line":16,"column":22},"end":{"line":16,"column":null}},"5":{"start":{"line":16,"column":42},"end":{"line":16,"column":59}},"6":{"start":{"line":17,"column":4},"end":{"line":17,"column":null}},"7":{"start":{"line":17,"column":34},"end":{"line":17,"column":null}},"8":{"start":{"line":19,"column":4},"end":{"line":19,"column":null}},"9":{"start":{"line":19,"column":47},"end":{"line":19,"column":null}},"10":{"start":{"line":20,"column":21},"end":{"line":20,"column":null}},"11":{"start":{"line":21,"column":21},"end":{"line":21,"column":null}},"12":{"start":{"line":22,"column":4},"end":{"line":22,"column":null}},"13":{"start":{"line":22,"column":31},"end":{"line":22,"column":null}},"14":{"start":{"line":23,"column":4},"end":{"line":23,"column":null}},"15":{"start":{"line":27,"column":22},"end":{"line":27,"column":null}},"16":{"start":{"line":28,"column":2},"end":{"line":33,"column":null}},"17":{"start":{"line":29,"column":4},"end":{"line":32,"column":null}},"18":{"start":{"line":30,"column":6},"end":{"line":30,"column":null}},"19":{"start":{"line":31,"column":6},"end":{"line":31,"column":null}},"20":{"start":{"line":36,"column":17},"end":{"line":36,"column":null}},"21":{"start":{"line":37,"column":37},"end":{"line":37,"column":null}},"22":{"start":{"line":39,"column":2},"end":{"line":55,"column":null}},"23":{"start":{"line":39,"column":15},"end":{"line":39,"column":18}},"24":{"start":{"line":40,"column":18},"end":{"line":40,"column":null}},"25":{"start":{"line":41,"column":4},"end":{"line":41,"column":null}},"26":{"start":{"line":41,"column":30},"end":{"line":41,"column":null}},"27":{"start":{"line":43,"column":4},"end":{"line":54,"column":null}},"28":{"start":{"line":43,"column":17},"end":{"line":43,"column":24}},"29":{"start":{"line":44,"column":20},"end":{"line":44,"column":null}},"30":{"start":{"line":45,"column":6},"end":{"line":45,"column":null}},"31":{"start":{"line":45,"column":32},"end":{"line":45,"column":null}},"32":{"start":{"line":47,"column":22},"end":{"line":47,"column":null}},"33":{"start":{"line":48,"column":6},"end":{"line":53,"column":null}},"34":{"start":{"line":49,"column":8},"end":{"line":49,"column":null}},"35":{"start":{"line":50,"column":8},"end":{"line":50,"column":null}},"36":{"start":{"line":51,"column":8},"end":{"line":51,"column":null}},"37":{"start":{"line":52,"column":8},"end":{"line":52,"column":null}},"38":{"start":{"line":59,"column":19},"end":{"line":59,"column":null}},"39":{"start":{"line":59,"column":43},"end":{"line":59,"column":60}},"40":{"start":{"line":60,"column":2},"end":{"line":62,"column":null}},"41":{"start":{"line":60,"column":15},"end":{"line":60,"column":18}},"42":{"start":{"line":61,"column":4},"end":{"line":61,"column":null}},"43":{"start":{"line":65,"column":27},"end":{"line":65,"column":null}},"44":{"start":{"line":66,"column":2},"end":{"line":78,"column":null}},"45":{"start":{"line":67,"column":4},"end":{"line":77,"column":null}},"46":{"start":{"line":80,"column":2},"end":{"line":80,"column":null}}},"fnMap":{"0":{"name":"generateSwissRoundMatches","decl":{"start":{"line":4,"column":16},"end":{"line":4,"column":null}},"loc":{"start":{"line":10,"column":11},"end":{"line":81,"column":null}},"line":10},"1":{"name":"(anonymous_1)","decl":{"start":{"line":14,"column":38},"end":{"line":14,"column":39}},"loc":{"start":{"line":14,"column":48},"end":{"line":24,"column":3}},"line":14},"2":{"name":"(anonymous_2)","decl":{"start":{"line":15,"column":37},"end":{"line":15,"column":42}},"loc":{"start":{"line":15,"column":42},"end":{"line":15,"column":59}},"line":15},"3":{"name":"(anonymous_3)","decl":{"start":{"line":16,"column":37},"end":{"line":16,"column":42}},"loc":{"start":{"line":16,"column":42},"end":{"line":16,"column":59}},"line":16},"4":{"name":"(anonymous_4)","decl":{"start":{"line":28,"column":26},"end":{"line":28,"column":31}},"loc":{"start":{"line":28,"column":31},"end":{"line":33,"column":3}},"line":28},"5":{"name":"(anonymous_5)","decl":{"start":{"line":59,"column":38},"end":{"line":59,"column":43}},"loc":{"start":{"line":59,"column":43},"end":{"line":59,"column":60}},"line":59},"6":{"name":"(anonymous_6)","decl":{"start":{"line":66,"column":21},"end":{"line":66,"column":22}},"loc":{"start":{"line":66,"column":38},"end":{"line":78,"column":3}},"line":66}},"branchMap":{"0":{"loc":{"start":{"line":17,"column":4},"end":{"line":17,"column":null}},"type":"if","locations":[{"start":{"line":17,"column":4},"end":{"line":17,"column":null}},{"start":{},"end":{}}],"line":17},"1":{"loc":{"start":{"line":17,"column":8},"end":{"line":17,"column":34}},"type":"binary-expr","locations":[{"start":{"line":17,"column":8},"end":{"line":17,"column":22}},{"start":{"line":17,"column":22},"end":{"line":17,"column":34}}],"line":17},"2":{"loc":{"start":{"line":19,"column":4},"end":{"line":19,"column":null}},"type":"if","locations":[{"start":{"line":19,"column":4},"end":{"line":19,"column":null}},{"start":{},"end":{}}],"line":19},"3":{"loc":{"start":{"line":22,"column":4},"end":{"line":22,"column":null}},"type":"if","locations":[{"start":{"line":22,"column":4},"end":{"line":22,"column":null}},{"start":{},"end":{}}],"line":22},"4":{"loc":{"start":{"line":29,"column":4},"end":{"line":32,"column":null}},"type":"if","locations":[{"start":{"line":29,"column":4},"end":{"line":32,"column":null}},{"start":{},"end":{}}],"line":29},"5":{"loc":{"start":{"line":29,"column":8},"end":{"line":29,"column":32}},"type":"binary-expr","locations":[{"start":{"line":29,"column":8},"end":{"line":29,"column":21}},{"start":{"line":29,"column":21},"end":{"line":29,"column":32}}],"line":29},"6":{"loc":{"start":{"line":41,"column":4},"end":{"line":41,"column":null}},"type":"if","locations":[{"start":{"line":41,"column":4},"end":{"line":41,"column":null}},{"start":{},"end":{}}],"line":41},"7":{"loc":{"start":{"line":45,"column":6},"end":{"line":45,"column":null}},"type":"if","locations":[{"start":{"line":45,"column":6},"end":{"line":45,"column":null}},{"start":{},"end":{}}],"line":45},"8":{"loc":{"start":{"line":48,"column":6},"end":{"line":53,"column":null}},"type":"if","locations":[{"start":{"line":48,"column":6},"end":{"line":53,"column":null}},{"start":{},"end":{}}],"line":48},"9":{"loc":{"start":{"line":73,"column":19},"end":{"line":73,"column":null}},"type":"cond-expr","locations":[{"start":{"line":73,"column":44},"end":{"line":73,"column":56}},{"start":{"line":73,"column":56},"end":{"line":73,"column":null}}],"line":73}},"s":{"0":9,"1":9,"2":69,"3":285,"4":69,"5":256,"6":69,"7":0,"8":69,"9":0,"10":69,"11":69,"12":69,"13":24,"14":45,"15":9,"16":9,"17":11,"18":11,"19":11,"20":9,"21":9,"22":9,"23":9,"24":58,"25":58,"26":26,"27":32,"28":32,"29":26,"30":26,"31":0,"32":26,"33":26,"34":26,"35":26,"36":26,"37":26,"38":9,"39":58,"40":9,"41":9,"42":0,"43":9,"44":9,"45":26,"46":9},"f":{"0":9,"1":69,"2":285,"3":256,"4":11,"5":58,"6":26},"b":{"0":[0,69],"1":[69,69],"2":[0,69],"3":[24,45],"4":[11,0],"5":[11,11],"6":[26,32],"7":[0,26],"8":[26,0],"9":[26,0]},"meta":{"lastBranch":10,"lastFunction":7,"lastStatement":47,"seen":{"f:4:16:4:Infinity":0,"s:11:27:11:Infinity":0,"s:14:22:24:Infinity":1,"f:14:38:14:39":1,"s:15:22:15:Infinity":2,"f:15:37:15:42":2,"s:15:42:15:59":3,"s:16:22:16:Infinity":4,"f:16:37:16:42":3,"s:16:42:16:59":5,"b:17:4:17:Infinity:undefined:undefined:undefined:undefined":0,"s:17:4:17:Infinity":6,"b:17:8:17:22:17:22:17:34":1,"s:17:34:17:Infinity":7,"b:19:4:19:Infinity:undefined:undefined:undefined:undefined":2,"s:19:4:19:Infinity":8,"s:19:47:19:Infinity":9,"s:20:21:20:Infinity":10,"s:21:21:21:Infinity":11,"b:22:4:22:Infinity:undefined:undefined:undefined:undefined":3,"s:22:4:22:Infinity":12,"s:22:31:22:Infinity":13,"s:23:4:23:Infinity":14,"s:27:22:27:Infinity":15,"s:28:2:33:Infinity":16,"f:28:26:28:31":4,"b:29:4:32:Infinity:undefined:undefined:undefined:undefined":4,"s:29:4:32:Infinity":17,"b:29:8:29:21:29:21:29:32":5,"s:30:6:30:Infinity":18,"s:31:6:31:Infinity":19,"s:36:17:36:Infinity":20,"s:37:37:37:Infinity":21,"s:39:2:55:Infinity":22,"s:39:15:39:18":23,"s:40:18:40:Infinity":24,"b:41:4:41:Infinity:undefined:undefined:undefined:undefined":6,"s:41:4:41:Infinity":25,"s:41:30:41:Infinity":26,"s:43:4:54:Infinity":27,"s:43:17:43:24":28,"s:44:20:44:Infinity":29,"b:45:6:45:Infinity:undefined:undefined:undefined:undefined":7,"s:45:6:45:Infinity":30,"s:45:32:45:Infinity":31,"s:47:22:47:Infinity":32,"b:48:6:53:Infinity:undefined:undefined:undefined:undefined":8,"s:48:6:53:Infinity":33,"s:49:8:49:Infinity":34,"s:50:8:50:Infinity":35,"s:51:8:51:Infinity":36,"s:52:8:52:Infinity":37,"s:59:19:59:Infinity":38,"f:59:38:59:43":5,"s:59:43:59:60":39,"s:60:2:62:Infinity":40,"s:60:15:60:18":41,"s:61:4:61:Infinity":42,"s:65:27:65:Infinity":43,"s:66:2:78:Infinity":44,"f:66:21:66:22":6,"s:67:4:77:Infinity":45,"b:73:44:73:56:73:56:73:Infinity":9,"s:80:2:80:Infinity":46}}}
}
