TN:
SF:src/context/tournamentActions.ts
FNF:0
FNH:0
DA:62,0
LF:1
LH:0
BRF:0
BRH:0
end_of_record
TN:
SF:src/context/tournamentReducer.ts
FN:15,(anonymous_0)
FN:18,tournamentReducer
FN:25,(anonymous_2)
FN:74,(anonymous_3)
FN:131,(anonymous_4)
FN:141,(anonymous_5)
FN:152,(anonymous_6)
FN:173,(anonymous_7)
FN:178,(anonymous_8)
FN:190,(anonymous_9)
FN:198,(anonymous_10)
FN:214,(anonymous_11)
FN:215,(anonymous_12)
FN:243,(anonymous_13)
FN:287,(anonymous_14)
FN:289,(anonymous_15)
FN:292,(anonymous_16)
FN:313,(anonymous_17)
FN:335,(anonymous_18)
FN:337,(anonymous_19)
FN:339,(anonymous_20)
FN:366,(anonymous_21)
FN:373,(anonymous_22)
FN:377,(anonymous_23)
FN:378,(anonymous_24)
FN:380,(anonymous_25)
FN:383,(anonymous_26)
FN:387,(anonymous_27)
FN:397,(anonymous_28)
FN:401,(anonymous_29)
FN:435,(anonymous_30)
FN:438,(anonymous_31)
FN:458,(anonymous_32)
FN:461,(anonymous_33)
FN:466,(anonymous_34)
FN:480,(anonymous_35)
FN:482,(anonymous_36)
FN:483,(anonymous_37)
FN:488,(anonymous_38)
FN:541,(anonymous_39)
FN:542,(anonymous_40)
FN:555,(anonymous_41)
FN:565,(anonymous_42)
FN:614,(anonymous_43)
FN:625,(anonymous_44)
FN:633,(anonymous_45)
FN:641,(anonymous_46)
FN:655,(anonymous_47)
FN:660,(anonymous_48)
FN:662,(anonymous_49)
FN:664,(anonymous_50)
FN:669,(anonymous_51)
FN:678,(anonymous_52)
FN:691,(anonymous_53)
FN:726,(anonymous_54)
FN:732,(anonymous_55)
FN:772,(anonymous_56)
FN:774,(anonymous_57)
FN:814,(anonymous_58)
FN:825,(anonymous_59)
FN:834,(anonymous_60)
FN:845,(anonymous_61)
FN:849,(anonymous_62)
FN:851,(anonymous_63)
FN:857,(anonymous_64)
FN:868,(anonymous_65)
FN:887,(anonymous_66)
FN:895,(anonymous_67)
FN:970,(anonymous_68)
FN:972,(anonymous_69)
FN:1025,(anonymous_70)
FNF:71
FNH:26
FNDA:355,(anonymous_0)
FNDA:322,tournamentReducer
FNDA:356,(anonymous_2)
FNDA:356,(anonymous_3)
FNDA:0,(anonymous_4)
FNDA:0,(anonymous_5)
FNDA:0,(anonymous_6)
FNDA:0,(anonymous_7)
FNDA:0,(anonymous_8)
FNDA:34,(anonymous_9)
FNDA:34,(anonymous_10)
FNDA:59,(anonymous_11)
FNDA:213,(anonymous_12)
FNDA:18,(anonymous_13)
FNDA:18,(anonymous_14)
FNDA:18,(anonymous_15)
FNDA:18,(anonymous_16)
FNDA:0,(anonymous_17)
FNDA:0,(anonymous_18)
FNDA:0,(anonymous_19)
FNDA:0,(anonymous_20)
FNDA:0,(anonymous_21)
FNDA:0,(anonymous_22)
FNDA:0,(anonymous_23)
FNDA:0,(anonymous_24)
FNDA:0,(anonymous_25)
FNDA:0,(anonymous_26)
FNDA:0,(anonymous_27)
FNDA:0,(anonymous_28)
FNDA:0,(anonymous_29)
FNDA:178,(anonymous_30)
FNDA:4128,(anonymous_31)
FNDA:177,(anonymous_32)
FNDA:4122,(anonymous_33)
FNDA:123,(anonymous_34)
FNDA:78,(anonymous_35)
FNDA:0,(anonymous_36)
FNDA:0,(anonymous_37)
FNDA:0,(anonymous_38)
FNDA:2245,(anonymous_39)
FNDA:2245,(anonymous_40)
FNDA:135,(anonymous_41)
FNDA:4,(anonymous_42)
FNDA:4,(anonymous_43)
FNDA:135,(anonymous_44)
FNDA:2,(anonymous_45)
FNDA:0,(anonymous_46)
FNDA:0,(anonymous_47)
FNDA:0,(anonymous_48)
FNDA:0,(anonymous_49)
FNDA:0,(anonymous_50)
FNDA:0,(anonymous_51)
FNDA:0,(anonymous_52)
FNDA:3,(anonymous_53)
FNDA:0,(anonymous_54)
FNDA:0,(anonymous_55)
FNDA:0,(anonymous_56)
FNDA:0,(anonymous_57)
FNDA:0,(anonymous_58)
FNDA:0,(anonymous_59)
FNDA:0,(anonymous_60)
FNDA:0,(anonymous_61)
FNDA:0,(anonymous_62)
FNDA:0,(anonymous_63)
FNDA:0,(anonymous_64)
FNDA:0,(anonymous_65)
FNDA:0,(anonymous_66)
FNDA:0,(anonymous_67)
FNDA:0,(anonymous_68)
FNDA:0,(anonymous_69)
FNDA:0,(anonymous_70)
DA:15,3
DA:16,355
DA:19,322
DA:21,0
DA:24,38
DA:25,356
DA:31,38
DA:32,38
DA:33,38
DA:37,38
DA:38,7
DA:39,31
DA:40,12
DA:41,19
DA:42,19
DA:44,0
DA:49,38
DA:50,19
DA:55,19
DA:61,38
DA:74,356
DA:101,38
DA:117,38
DA:126,0
DA:129,0
DA:132,0
DA:140,0
DA:141,0
DA:144,0
DA:150,0
DA:153,0
DA:155,0
DA:157,0
DA:174,0
DA:175,0
DA:179,0
DA:190,34
DA:191,34
DA:193,34
DA:194,34
DA:195,34
DA:198,34
DA:199,34
DA:201,34
DA:202,34
DA:203,34
DA:205,34
DA:206,10
DA:207,24
DA:208,6
DA:209,6
DA:210,18
DA:212,18
DA:214,18
DA:215,213
DA:231,34
DA:242,34
DA:243,18
DA:244,18
DA:249,18
DA:250,3
DA:254,3
DA:255,3
DA:256,15
DA:257,4
DA:261,4
DA:262,4
DA:265,11
DA:269,11
DA:270,11
DA:274,18
DA:275,18
DA:284,18
DA:287,18
DA:288,18
DA:289,18
DA:290,18
DA:292,18
DA:293,18
DA:294,18
DA:312,34
DA:313,0
DA:314,0
DA:315,0
DA:319,0
DA:322,0
DA:323,0
DA:332,0
DA:335,0
DA:336,0
DA:337,0
DA:338,0
DA:339,0
DA:340,0
DA:341,0
DA:358,34
DA:366,0
DA:367,0
DA:369,0
DA:370,0
DA:372,0
DA:373,0
DA:374,0
DA:376,0
DA:377,0
DA:378,0
DA:380,0
DA:383,0
DA:384,0
DA:385,0
DA:387,0
DA:397,0
DA:398,0
DA:401,0
DA:413,0
DA:425,0
DA:433,124
DA:436,178
DA:438,124
DA:439,4128
DA:444,124
DA:454,123
DA:455,123
DA:458,123
DA:459,177
DA:461,123
DA:462,4122
DA:464,123
DA:465,123
DA:466,123
DA:467,123
DA:468,48
DA:471,123
DA:472,4122
DA:476,123
DA:477,12
DA:480,78
DA:481,12
DA:482,0
DA:483,0
DA:485,0
DA:487,0
DA:488,0
DA:491,0
DA:492,0
DA:493,0
DA:498,0
DA:499,0
DA:511,123
DA:512,0
DA:516,123
DA:517,0
DA:521,123
DA:522,123
DA:524,123
DA:526,42
DA:534,81
DA:541,2245
DA:542,2245
DA:544,123
DA:555,135
DA:556,123
DA:563,2
DA:564,2
DA:565,4
DA:568,2
DA:573,2
DA:574,0
DA:579,0
DA:580,0
DA:581,2
DA:582,0
DA:587,0
DA:588,0
DA:591,2
DA:596,2
DA:597,2
DA:600,2
DA:601,0
DA:614,2
DA:615,4
DA:616,2
DA:625,135
DA:626,123
DA:632,2
DA:633,2
DA:636,2
DA:637,0
DA:638,0
DA:641,0
DA:642,0
DA:643,0
DA:648,123
DA:655,0
DA:656,0
DA:659,0
DA:660,0
DA:661,0
DA:662,0
DA:663,0
DA:664,0
DA:666,0
DA:669,0
DA:678,0
DA:679,0
DA:689,3
DA:692,3
DA:693,3
DA:695,3
DA:696,3
DA:698,3
DA:699,0
DA:702,3
DA:710,3
DA:711,0
DA:714,3
DA:725,0
DA:726,0
DA:728,0
DA:731,0
DA:732,0
DA:734,0
DA:737,0
DA:742,0
DA:743,0
DA:744,0
DA:747,0
DA:748,0
DA:749,0
DA:769,0
DA:772,0
DA:773,0
DA:774,0
DA:775,0
DA:792,0
DA:802,0
DA:811,0
DA:814,0
DA:824,0
DA:825,0
DA:826,0
DA:827,0
DA:830,0
DA:832,0
DA:835,0
DA:844,0
DA:845,0
DA:846,0
DA:849,0
DA:850,0
DA:851,0
DA:854,0
DA:857,0
DA:865,0
DA:866,0
DA:869,0
DA:870,0
DA:872,0
DA:886,0
DA:887,0
DA:889,0
DA:890,0
DA:893,0
DA:894,0
DA:895,0
DA:897,0
DA:905,0
DA:907,0
DA:912,0
DA:913,0
DA:914,0
DA:915,0
DA:916,0
DA:918,0
DA:923,0
DA:924,0
DA:925,0
DA:926,0
DA:929,0
DA:934,0
DA:935,0
DA:936,0
DA:937,0
DA:940,0
DA:941,0
DA:942,0
DA:945,0
DA:946,0
DA:947,0
DA:967,0
DA:970,0
DA:971,0
DA:972,0
DA:973,0
DA:990,0
DA:1000,0
DA:1001,0
DA:1002,0
DA:1011,0
DA:1022,0
DA:1025,0
DA:1035,0
LF:302
LH:129
BRDA:16,0,0,355
BRDA:16,0,1,225
BRDA:16,0,2,209
BRDA:19,1,0,0
BRDA:19,1,1,38
BRDA:19,1,2,0
BRDA:19,1,3,0
BRDA:19,1,4,0
BRDA:19,1,5,34
BRDA:19,1,6,0
BRDA:19,1,7,124
BRDA:19,1,8,123
BRDA:19,1,9,0
BRDA:19,1,10,3
BRDA:19,1,11,0
BRDA:19,1,12,0
BRDA:19,1,13,0
BRDA:19,1,14,0
BRDA:19,1,15,0
BRDA:19,1,16,0
BRDA:37,2,0,7
BRDA:37,2,1,31
BRDA:39,3,0,12
BRDA:39,3,1,19
BRDA:41,4,0,19
BRDA:41,4,1,0
BRDA:49,5,0,19
BRDA:49,5,1,19
BRDA:49,6,0,38
BRDA:49,6,1,19
BRDA:85,7,0,7
BRDA:85,7,1,31
BRDA:120,8,0,38
BRDA:120,8,1,0
BRDA:132,9,0,0
BRDA:132,9,1,0
BRDA:144,10,0,0
BRDA:144,10,1,0
BRDA:146,11,0,0
BRDA:146,11,1,0
BRDA:153,12,0,0
BRDA:153,12,1,0
BRDA:155,13,0,0
BRDA:155,13,1,0
BRDA:173,14,0,0
BRDA:173,14,1,0
BRDA:174,15,0,0
BRDA:174,15,1,0
BRDA:179,16,0,0
BRDA:179,16,1,0
BRDA:191,17,0,0
BRDA:191,17,1,34
BRDA:195,18,0,34
BRDA:195,18,1,0
BRDA:199,19,0,0
BRDA:199,19,1,34
BRDA:205,20,0,10
BRDA:205,20,1,24
BRDA:207,21,0,6
BRDA:207,21,1,18
BRDA:210,22,0,18
BRDA:210,22,1,0
BRDA:210,23,0,18
BRDA:210,23,1,18
BRDA:242,24,0,18
BRDA:242,24,1,16
BRDA:242,25,0,34
BRDA:242,25,1,18
BRDA:244,26,0,18
BRDA:244,26,1,0
BRDA:249,27,0,3
BRDA:249,27,1,15
BRDA:256,28,0,4
BRDA:256,28,1,11
BRDA:274,29,0,18
BRDA:274,29,1,0
BRDA:288,30,0,18
BRDA:288,30,1,0
BRDA:290,31,0,0
BRDA:290,31,1,18
BRDA:293,32,0,0
BRDA:293,32,1,18
BRDA:312,33,0,0
BRDA:312,33,1,34
BRDA:312,34,0,34
BRDA:312,34,1,10
BRDA:314,35,0,0
BRDA:314,35,1,0
BRDA:322,36,0,0
BRDA:322,36,1,0
BRDA:336,37,0,0
BRDA:336,37,1,0
BRDA:338,38,0,0
BRDA:338,38,1,0
BRDA:340,39,0,0
BRDA:340,39,1,0
BRDA:367,40,0,0
BRDA:367,40,1,0
BRDA:370,41,0,0
BRDA:370,41,1,0
BRDA:372,42,0,0
BRDA:372,42,1,0
BRDA:374,43,0,0
BRDA:374,43,1,0
BRDA:384,44,0,0
BRDA:384,44,1,0
BRDA:398,45,0,0
BRDA:398,45,1,0
BRDA:417,46,0,0
BRDA:417,46,1,0
BRDA:436,47,0,54
BRDA:436,47,1,124
BRDA:439,48,0,124
BRDA:439,48,1,4004
BRDA:459,49,0,54
BRDA:459,49,1,123
BRDA:462,50,0,3999
BRDA:462,50,1,123
BRDA:467,51,0,75
BRDA:467,51,1,48
BRDA:467,52,0,48
BRDA:467,52,1,0
BRDA:471,53,0,75
BRDA:471,53,1,48
BRDA:476,54,0,12
BRDA:476,54,1,111
BRDA:481,55,0,0
BRDA:481,55,1,12
BRDA:481,56,0,12
BRDA:481,56,1,12
BRDA:485,57,0,0
BRDA:485,57,1,0
BRDA:487,58,0,0
BRDA:487,58,1,0
BRDA:491,59,0,0
BRDA:491,59,1,0
BRDA:492,60,0,0
BRDA:492,60,1,0
BRDA:498,61,0,0
BRDA:498,61,1,0
BRDA:511,62,0,0
BRDA:511,62,1,123
BRDA:516,63,0,0
BRDA:516,63,1,123
BRDA:524,64,0,42
BRDA:524,64,1,81
BRDA:524,65,0,123
BRDA:524,65,1,42
BRDA:531,66,0,42
BRDA:531,66,1,0
BRDA:536,67,0,81
BRDA:536,67,1,0
BRDA:541,68,0,2245
BRDA:541,68,1,114
BRDA:542,69,0,2245
BRDA:542,69,1,2131
BRDA:549,70,0,9
BRDA:549,70,1,114
BRDA:549,71,0,123
BRDA:549,71,1,9
BRDA:556,72,0,2
BRDA:556,72,1,121
BRDA:557,73,0,123
BRDA:557,73,1,123
BRDA:557,73,2,42
BRDA:557,73,3,2
BRDA:565,74,0,4
BRDA:565,74,1,2
BRDA:568,75,0,2
BRDA:568,75,1,0
BRDA:568,76,0,2
BRDA:568,76,1,2
BRDA:573,77,0,0
BRDA:573,77,1,2
BRDA:581,78,0,0
BRDA:581,78,1,2
BRDA:600,79,0,0
BRDA:600,79,1,2
BRDA:600,80,0,2
BRDA:600,80,1,0
BRDA:615,81,0,2
BRDA:615,81,1,2
BRDA:626,82,0,2
BRDA:626,82,1,121
BRDA:627,83,0,123
BRDA:627,83,1,123
BRDA:627,83,2,58
BRDA:633,84,0,2
BRDA:633,84,1,0
BRDA:636,85,0,0
BRDA:636,85,1,2
BRDA:636,86,0,2
BRDA:636,86,1,0
BRDA:642,87,0,0
BRDA:642,87,1,0
BRDA:656,88,0,0
BRDA:656,88,1,0
BRDA:659,89,0,0
BRDA:659,89,1,0
BRDA:660,90,0,0
BRDA:660,90,1,0
BRDA:661,91,0,0
BRDA:661,91,1,0
BRDA:669,92,0,0
BRDA:669,92,1,0
BRDA:670,93,0,0
BRDA:670,93,1,0
BRDA:670,94,0,0
BRDA:670,94,1,0
BRDA:671,95,0,0
BRDA:671,95,1,0
BRDA:682,96,0,0
BRDA:682,96,1,0
BRDA:683,97,0,0
BRDA:683,97,1,0
BRDA:692,98,0,0
BRDA:692,98,1,3
BRDA:693,99,0,0
BRDA:693,99,1,3
BRDA:695,100,0,3
BRDA:695,100,1,0
BRDA:698,101,0,0
BRDA:698,101,1,3
BRDA:698,102,0,3
BRDA:698,102,1,3
BRDA:710,103,0,0
BRDA:710,103,1,3
BRDA:728,104,0,0
BRDA:728,104,1,0
BRDA:732,105,0,0
BRDA:732,105,1,0
BRDA:734,106,0,0
BRDA:734,106,1,0
BRDA:743,107,0,0
BRDA:743,107,1,0
BRDA:747,108,0,0
BRDA:747,108,1,0
BRDA:756,109,0,0
BRDA:756,109,1,0
BRDA:773,110,0,0
BRDA:773,110,1,0
BRDA:796,111,0,0
BRDA:796,111,1,0
BRDA:825,112,0,0
BRDA:825,112,1,0
BRDA:826,113,0,0
BRDA:826,113,1,0
BRDA:826,114,0,0
BRDA:826,114,1,0
BRDA:826,114,2,0
BRDA:834,115,0,0
BRDA:834,115,1,0
BRDA:835,116,0,0
BRDA:835,116,1,0
BRDA:845,117,0,0
BRDA:845,117,1,0
BRDA:846,118,0,0
BRDA:846,118,1,0
BRDA:857,119,0,0
BRDA:857,119,1,0
BRDA:858,120,0,0
BRDA:858,120,1,0
BRDA:858,121,0,0
BRDA:858,121,1,0
BRDA:859,122,0,0
BRDA:859,122,1,0
BRDA:869,123,0,0
BRDA:869,123,1,0
BRDA:870,124,0,0
BRDA:870,124,1,0
BRDA:870,125,0,0
BRDA:870,125,1,0
BRDA:889,126,0,0
BRDA:889,126,1,0
BRDA:889,127,0,0
BRDA:889,127,1,0
BRDA:890,128,0,0
BRDA:890,128,1,0
BRDA:890,129,0,0
BRDA:890,129,1,0
BRDA:895,130,0,0
BRDA:895,130,1,0
BRDA:897,131,0,0
BRDA:897,131,1,0
BRDA:905,132,0,0
BRDA:905,132,1,0
BRDA:916,133,0,0
BRDA:916,133,1,0
BRDA:941,134,0,0
BRDA:941,134,1,0
BRDA:945,135,0,0
BRDA:945,135,1,0
BRDA:971,136,0,0
BRDA:971,136,1,0
BRDA:1001,137,0,0
BRDA:1001,137,1,0
BRDA:1001,138,0,0
BRDA:1001,138,1,0
BRDA:1001,138,2,0
BRF:299
BRH:112
end_of_record
TN:
SF:src/utils/groupPhase.ts
FN:14,generateSnakeDraftGroups
FN:18,(anonymous_1)
FN:62,generateRandomGroups
FN:66,(anonymous_3)
FN:79,(anonymous_4)
FN:90,generateGroups
FN:102,(anonymous_6)
FN:112,generateGroupMatches
FN:120,(anonymous_8)
FN:178,generateGroupPhaseMatches
FN:203,(anonymous_10)
FN:235,calculateGroupStandings
FN:242,(anonymous_12)
FN:244,(anonymous_13)
FN:244,(anonymous_14)
FN:246,(anonymous_15)
FN:249,(anonymous_16)
FN:251,(anonymous_17)
FN:261,(anonymous_18)
FN:268,(anonymous_19)
FN:299,(anonymous_20)
FN:331,(anonymous_21)
FN:342,getHeadToHeadResult
FN:344,(anonymous_23)
FN:358,calculateAllGroupStandings
FN:385,getTeamsByGroupRank
FN:389,(anonymous_26)
FN:395,validateGroupConfig
FN:423,getGroupPhaseMatchCount
FNF:29
FNH:29
FNDA:88,generateSnakeDraftGroups
FNDA:1145,(anonymous_1)
FNDA:2,generateRandomGroups
FNDA:71,(anonymous_3)
FNDA:28,(anonymous_4)
FNDA:21,generateGroups
FNDA:4,(anonymous_6)
FNDA:272,generateGroupMatches
FNDA:4075,(anonymous_8)
FNDA:76,generateGroupPhaseMatches
FNDA:272,(anonymous_10)
FNDA:169,calculateGroupStandings
FNDA:3534,(anonymous_12)
FNDA:468,(anonymous_13)
FNDA:936,(anonymous_14)
FNDA:2524,(anonymous_15)
FNDA:530,(anonymous_16)
FNDA:1714,(anonymous_17)
FNDA:936,(anonymous_18)
FNDA:936,(anonymous_19)
FNDA:635,(anonymous_20)
FNDA:530,(anonymous_21)
FNDA:216,getHeadToHeadResult
FNDA:572,(anonymous_23)
FNDA:42,calculateAllGroupStandings
FNDA:2,getTeamsByGroupRank
FNDA:32,(anonymous_26)
FNDA:4,validateGroupConfig
FNDA:4,getGroupPhaseMatchCount
DA:18,1145
DA:20,88
DA:21,88
DA:24,88
DA:25,320
DA:33,88
DA:34,88
DA:36,88
DA:37,347
DA:39,347
DA:41,176
DA:42,640
DA:43,640
DA:47,171
DA:48,593
DA:49,593
DA:53,347
DA:56,88
DA:66,71
DA:67,2
DA:69,2
DA:70,2
DA:71,7
DA:79,2
DA:80,28
DA:81,28
DA:84,2
DA:95,21
DA:96,20
DA:97,1
DA:98,0
DA:101,1
DA:102,4
DA:119,272
DA:120,4075
DA:121,272
DA:123,272
DA:126,272
DA:127,272
DA:128,42
DA:131,272
DA:132,272
DA:133,272
DA:136,272
DA:137,272
DA:139,272
DA:141,272
DA:142,816
DA:144,816
DA:145,1632
DA:146,1632
DA:149,1632
DA:150,126
DA:153,1506
DA:168,816
DA:171,272
DA:183,76
DA:186,76
DA:187,76
DA:189,76
DA:190,272
DA:197,272
DA:198,272
DA:203,272
DA:205,76
DA:206,76
DA:208,76
DA:209,441
DA:210,1590
DA:211,1506
DA:212,1506
DA:213,1506
DA:214,1506
DA:215,1506
DA:221,76
DA:222,76
DA:223,1506
DA:224,324
DA:226,1506
DA:229,76
DA:242,3534
DA:243,169
DA:244,936
DA:246,2524
DA:249,169
DA:250,530
DA:251,1714
DA:254,530
DA:255,530
DA:256,530
DA:257,530
DA:258,530
DA:259,530
DA:261,530
DA:262,936
DA:263,936
DA:265,936
DA:266,468
DA:268,936
DA:269,936
DA:270,936
DA:272,936
DA:273,936
DA:275,936
DA:276,468
DA:281,530
DA:283,530
DA:299,169
DA:301,635
DA:304,216
DA:306,216
DA:307,216
DA:310,112
DA:311,112
DA:312,112
DA:315,0
DA:316,0
DA:317,0
DA:320,0
DA:321,0
DA:325,8
DA:326,8
DA:327,8
DA:331,169
DA:332,530
DA:335,169
DA:343,216
DA:344,572
DA:348,216
DA:350,104
DA:351,44
DA:352,0
DA:365,42
DA:367,42
DA:368,168
DA:375,168
DA:378,42
DA:389,32
DA:400,4
DA:402,4
DA:403,1
DA:406,3
DA:407,1
DA:410,2
DA:411,1
DA:417,1
DA:425,4
DA:426,4
LF:148
LH:141
BRDA:27,0,0,320
BRDA:27,0,1,0
BRDA:39,1,0,176
BRDA:39,1,1,171
BRDA:41,2,0,176
BRDA:41,2,1,640
BRDA:47,3,0,171
BRDA:47,3,1,620
BRDA:73,4,0,7
BRDA:73,4,1,0
BRDA:95,5,0,20
BRDA:95,5,1,1
BRDA:97,6,0,0
BRDA:97,6,1,1
BRDA:104,7,0,4
BRDA:104,7,1,0
BRDA:123,8,0,0
BRDA:123,8,1,272
BRDA:127,9,0,42
BRDA:127,9,1,230
BRDA:149,10,0,126
BRDA:149,10,1,1506
BRDA:149,11,0,1632
BRDA:149,11,1,1590
BRDA:210,12,0,1506
BRDA:210,12,1,84
BRDA:214,13,0,371
BRDA:214,13,1,1135
BRDA:223,14,0,324
BRDA:223,14,1,1182
BRDA:223,15,0,1506
BRDA:223,15,1,1430
BRDA:242,16,0,3534
BRDA:242,16,1,888
BRDA:251,17,0,1714
BRDA:251,17,1,1246
BRDA:265,18,0,468
BRDA:265,18,1,468
BRDA:269,19,0,468
BRDA:269,19,1,468
BRDA:270,20,0,468
BRDA:270,20,1,468
BRDA:275,21,0,468
BRDA:275,21,1,468
BRDA:275,22,0,468
BRDA:275,22,1,0
BRDA:281,23,0,0
BRDA:281,23,1,530
BRDA:301,24,0,419
BRDA:301,24,1,216
BRDA:304,25,0,216
BRDA:304,25,1,0
BRDA:307,26,0,104
BRDA:307,26,1,112
BRDA:312,27,0,104
BRDA:312,27,1,8
BRDA:317,28,0,0
BRDA:317,28,1,0
BRDA:321,29,0,0
BRDA:321,29,1,0
BRDA:344,30,0,572
BRDA:344,30,1,79
BRDA:344,30,2,558
BRDA:344,30,3,211
BRDA:348,31,0,112
BRDA:348,31,1,104
BRDA:348,32,0,216
BRDA:348,32,1,104
BRDA:350,33,0,60
BRDA:350,33,1,44
BRDA:351,34,0,44
BRDA:351,34,1,0
BRDA:402,35,0,1
BRDA:402,35,1,3
BRDA:406,36,0,1
BRDA:406,36,1,2
BRDA:410,37,0,1
BRDA:410,37,1,1
BRDA:410,38,0,2
BRDA:410,38,1,1
BRF:80
BRH:67
end_of_record
TN:
SF:src/utils/knockout.ts
FN:46,getEliminatedRanks
FN:55,generateFlexibleBracket
FN:65,(anonymous_2)
FN:67,(anonymous_3)
FN:94,generate2GroupBracket
FN:185,generate3GroupBracket
FN:198,(anonymous_6)
FN:200,(anonymous_7)
FN:207,(anonymous_8)
FN:351,generateLargeBracket
FN:371,(anonymous_10)
FN:372,(anonymous_11)
FN:390,(anonymous_12)
FN:494,generateKnockoutTournament
FN:517,(anonymous_14)
FN:518,(anonymous_15)
FN:538,(anonymous_16)
FN:583,generateSSVBBracket
FN:592,(anonymous_18)
FN:594,(anonymous_19)
FN:840,updateKnockoutBracket
FN:844,(anonymous_21)
FN:851,(anonymous_22)
FN:887,getKnockoutRoundLabel
FN:907,calculateKnockoutPlacements
FN:915,(anonymous_25)
FN:916,(anonymous_26)
FN:917,(anonymous_27)
FN:918,(anonymous_28)
FN:938,(anonymous_29)
FN:939,(anonymous_30)
FN:940,(anonymous_31)
FN:943,(anonymous_32)
FN:950,(anonymous_33)
FN:951,(anonymous_34)
FN:952,(anonymous_35)
FN:955,(anonymous_36)
FN:961,(anonymous_37)
FN:971,getSSVBKnockoutMatchCount
FN:979,getGroupLetter
FN:986,getRankLabel
FN:994,generateKnockoutTournamentPlaceholder
FN:1053,generateFlexibleBracketPlaceholder
FN:1079,generate2GroupBracketPlaceholder
FN:1181,generate3GroupBracketPlaceholder
FN:1281,generateLargeBracketPlaceholder
FN:1298,(anonymous_46)
FN:1427,generateSSVBBracketPlaceholder
FN:1456,(anonymous_48)
FN:1490,(anonymous_49)
FN:1627,populateKnockoutTeams
FN:1646,(anonymous_51)
FN:1647,(anonymous_52)
FN:1668,(anonymous_53)
FN:1669,(anonymous_54)
FN:1688,(anonymous_55)
FN:1690,(anonymous_56)
FN:1696,(anonymous_57)
FN:1719,(anonymous_58)
FNF:59
FNH:28
FNDA:7,getEliminatedRanks
FNDA:0,generateFlexibleBracket
FNDA:0,(anonymous_2)
FNDA:0,(anonymous_3)
FNDA:0,generate2GroupBracket
FNDA:0,generate3GroupBracket
FNDA:0,(anonymous_6)
FNDA:0,(anonymous_7)
FNDA:0,(anonymous_8)
FNDA:0,generateLargeBracket
FNDA:0,(anonymous_10)
FNDA:0,(anonymous_11)
FNDA:0,(anonymous_12)
FNDA:0,generateKnockoutTournament
FNDA:0,(anonymous_14)
FNDA:0,(anonymous_15)
FNDA:0,(anonymous_16)
FNDA:0,generateSSVBBracket
FNDA:0,(anonymous_18)
FNDA:0,(anonymous_19)
FNDA:15,updateKnockoutBracket
FNDA:82,(anonymous_21)
FNDA:164,(anonymous_22)
FNDA:0,getKnockoutRoundLabel
FNDA:1,calculateKnockoutPlacements
FNDA:3,(anonymous_25)
FNDA:4,(anonymous_26)
FNDA:4,(anonymous_27)
FNDA:4,(anonymous_28)
FNDA:0,(anonymous_29)
FNDA:0,(anonymous_30)
FNDA:0,(anonymous_31)
FNDA:0,(anonymous_32)
FNDA:0,(anonymous_33)
FNDA:0,(anonymous_34)
FNDA:0,(anonymous_35)
FNDA:0,(anonymous_36)
FNDA:0,(anonymous_37)
FNDA:2,getSSVBKnockoutMatchCount
FNDA:211,getGroupLetter
FNDA:254,getRankLabel
FNDA:31,generateKnockoutTournamentPlaceholder
FNDA:31,generateFlexibleBracketPlaceholder
FNDA:7,generate2GroupBracketPlaceholder
FNDA:5,generate3GroupBracketPlaceholder
FNDA:3,generateLargeBracketPlaceholder
FNDA:12,(anonymous_46)
FNDA:16,generateSSVBBracketPlaceholder
FNDA:64,(anonymous_48)
FNDA:64,(anonymous_49)
FNDA:7,populateKnockoutTeams
FNDA:102,(anonymous_51)
FNDA:820,(anonymous_52)
FNDA:0,(anonymous_53)
FNDA:0,(anonymous_54)
FNDA:76,(anonymous_55)
FNDA:572,(anonymous_56)
FNDA:76,(anonymous_57)
FNDA:78,(anonymous_58)
DA:49,7
DA:62,0
DA:65,0
DA:66,0
DA:67,0
DA:68,0
DA:69,0
DA:72,0
DA:74,0
DA:76,0
DA:78,0
DA:83,0
DA:85,0
DA:99,0
DA:100,0
DA:101,0
DA:104,0
DA:132,0
DA:135,0
DA:136,0
DA:154,0
DA:158,0
DA:176,0
DA:178,0
DA:193,0
DA:194,0
DA:195,0
DA:198,0
DA:200,0
DA:201,0
DA:202,0
DA:203,0
DA:204,0
DA:206,0
DA:207,0
DA:211,0
DA:213,0
DA:215,0
DA:228,0
DA:241,0
DA:243,0
DA:256,0
DA:271,0
DA:284,0
DA:298,0
DA:301,0
DA:302,0
DA:320,0
DA:324,0
DA:342,0
DA:344,0
DA:360,0
DA:361,0
DA:362,0
DA:365,0
DA:366,0
DA:367,0
DA:371,0
DA:372,0
DA:373,0
DA:374,0
DA:375,0
DA:376,0
DA:379,0
DA:380,0
DA:381,0
DA:382,0
DA:386,0
DA:390,0
DA:403,0
DA:406,0
DA:442,0
DA:445,0
DA:446,0
DA:464,0
DA:468,0
DA:486,0
DA:488,0
DA:499,0
DA:500,0
DA:503,0
DA:504,0
DA:505,0
DA:509,0
DA:510,0
DA:511,0
DA:514,0
DA:517,0
DA:518,0
DA:519,0
DA:521,0
DA:522,0
DA:524,0
DA:525,0
DA:526,0
DA:535,0
DA:538,0
DA:550,0
DA:558,0
DA:577,0
DA:589,0
DA:592,0
DA:593,0
DA:594,0
DA:595,0
DA:596,0
DA:600,0
DA:601,0
DA:608,0
DA:663,0
DA:673,0
DA:740,0
DA:746,0
DA:783,0
DA:789,0
DA:808,0
DA:827,0
DA:829,0
DA:844,82
DA:845,15
DA:847,15
DA:851,15
DA:852,164
DA:854,108
DA:855,108
DA:858,108
DA:859,6
DA:862,6
DA:863,6
DA:867,108
DA:868,11
DA:871,11
DA:872,11
DA:876,108
DA:877,11
DA:880,108
DA:888,0
DA:890,0
DA:892,0
DA:894,0
DA:896,0
DA:898,0
DA:900,0
DA:912,1
DA:915,3
DA:916,4
DA:917,4
DA:918,4
DA:921,1
DA:922,1
DA:923,1
DA:924,1
DA:928,1
DA:929,1
DA:930,1
DA:933,1
DA:937,1
DA:938,0
DA:939,0
DA:940,0
DA:942,1
DA:943,0
DA:944,0
DA:949,1
DA:950,0
DA:951,0
DA:952,0
DA:954,1
DA:955,0
DA:956,0
DA:961,1
DA:962,0
DA:965,1
DA:973,2
DA:980,211
DA:987,254
DA:998,31
DA:999,31
DA:1001,31
DA:1002,31
DA:1003,0
DA:1007,31
DA:1015,31
DA:1017,31
DA:1025,31
DA:1047,31
DA:1059,31
DA:1061,7
DA:1063,5
DA:1065,16
DA:1070,3
DA:1072,0
DA:1083,7
DA:1084,7
DA:1085,7
DA:1088,7
DA:1124,7
DA:1127,7
DA:1128,7
DA:1148,7
DA:1152,7
DA:1172,7
DA:1174,7
DA:1185,5
DA:1186,5
DA:1187,5
DA:1190,5
DA:1225,5
DA:1228,5
DA:1229,5
DA:1249,5
DA:1253,5
DA:1273,5
DA:1275,5
DA:1286,3
DA:1287,3
DA:1288,3
DA:1291,3
DA:1298,3
DA:1299,12
DA:1302,12
DA:1306,12
DA:1328,3
DA:1331,3
DA:1371,3
DA:1374,3
DA:1375,3
DA:1395,3
DA:1399,3
DA:1419,3
DA:1421,3
DA:1433,16
DA:1435,16
DA:1436,16
DA:1442,16
DA:1449,16
DA:1456,64
DA:1476,16
DA:1483,16
DA:1490,64
DA:1512,16
DA:1518,16
DA:1563,16
DA:1569,16
DA:1570,15
DA:1592,15
DA:1595,16
DA:1618,16
DA:1620,16
DA:1632,7
DA:1633,7
DA:1634,0
DA:1638,7
DA:1639,7
DA:1640,7
DA:1643,7
DA:1646,7
DA:1647,820
DA:1648,102
DA:1650,102
DA:1651,24
DA:1653,78
DA:1654,78
DA:1655,78
DA:1665,7
DA:1666,7
DA:1668,0
DA:1669,0
DA:1670,0
DA:1671,0
DA:1672,0
DA:1673,0
DA:1677,0
DA:1678,0
DA:1679,0
DA:1680,0
DA:1681,0
DA:1682,0
DA:1688,7
DA:1689,76
DA:1690,572
DA:1691,76
DA:1692,76
DA:1696,7
DA:1697,76
DA:1700,76
DA:1701,50
DA:1703,76
DA:1704,26
DA:1708,76
DA:1709,26
DA:1710,50
DA:1712,24
DA:1715,76
DA:1719,78
DA:1731,7
LF:296
LH:146
BRDA:67,0,0,0
BRDA:67,0,1,0
BRDA:68,1,0,0
BRDA:68,1,1,0
BRDA:69,2,0,0
BRDA:69,2,1,0
BRDA:72,3,0,0
BRDA:72,3,1,0
BRDA:72,3,2,0
BRDA:72,3,3,0
BRDA:72,3,4,0
BRDA:72,3,5,0
BRDA:72,3,6,0
BRDA:72,3,7,0
BRDA:135,4,0,0
BRDA:135,4,1,0
BRDA:164,5,0,0
BRDA:164,5,1,0
BRDA:201,6,0,0
BRDA:201,6,1,0
BRDA:213,7,0,0
BRDA:213,7,1,0
BRDA:241,8,0,0
BRDA:241,8,1,0
BRDA:301,9,0,0
BRDA:301,9,1,0
BRDA:330,10,0,0
BRDA:330,10,1,0
BRDA:373,11,0,0
BRDA:373,11,1,0
BRDA:380,12,0,0
BRDA:380,12,1,0
BRDA:381,13,0,0
BRDA:381,13,1,0
BRDA:394,14,0,0
BRDA:394,14,1,0
BRDA:395,15,0,0
BRDA:395,15,1,0
BRDA:399,16,0,0
BRDA:399,16,1,0
BRDA:399,17,0,0
BRDA:399,17,1,0
BRDA:445,18,0,0
BRDA:445,18,1,0
BRDA:474,19,0,0
BRDA:474,19,1,0
BRDA:503,20,0,0
BRDA:503,20,1,0
BRDA:504,21,0,0
BRDA:504,21,1,0
BRDA:504,22,0,0
BRDA:504,22,1,0
BRDA:519,23,0,0
BRDA:519,23,1,0
BRDA:521,24,0,0
BRDA:521,24,1,0
BRDA:594,25,0,0
BRDA:594,25,1,0
BRDA:595,26,0,0
BRDA:595,26,1,0
BRDA:596,27,0,0
BRDA:596,27,1,0
BRDA:845,28,0,0
BRDA:845,28,1,15
BRDA:845,29,0,15
BRDA:845,29,1,15
BRDA:847,30,0,11
BRDA:847,30,1,4
BRDA:852,31,0,56
BRDA:852,31,1,108
BRDA:858,32,0,6
BRDA:858,32,1,102
BRDA:859,33,0,4
BRDA:859,33,1,2
BRDA:867,34,0,11
BRDA:867,34,1,97
BRDA:868,35,0,9
BRDA:868,35,1,2
BRDA:876,36,0,11
BRDA:876,36,1,97
BRDA:876,37,0,108
BRDA:876,37,1,17
BRDA:876,37,2,17
BRDA:876,37,3,11
BRDA:888,38,0,0
BRDA:888,38,1,0
BRDA:888,38,2,0
BRDA:888,38,3,0
BRDA:888,38,4,0
BRDA:888,38,5,0
BRDA:921,39,0,1
BRDA:921,39,1,0
BRDA:921,40,0,1
BRDA:921,40,1,1
BRDA:923,41,0,1
BRDA:923,41,1,0
BRDA:924,42,0,1
BRDA:924,42,1,0
BRDA:928,43,0,1
BRDA:928,43,1,0
BRDA:928,44,0,1
BRDA:928,44,1,1
BRDA:930,45,0,1
BRDA:930,45,1,0
BRDA:933,46,0,1
BRDA:933,46,1,0
BRDA:938,47,0,0
BRDA:938,47,1,0
BRDA:939,48,0,0
BRDA:939,48,1,0
BRDA:942,49,0,0
BRDA:942,49,1,1
BRDA:950,50,0,0
BRDA:950,50,1,0
BRDA:951,51,0,0
BRDA:951,51,1,0
BRDA:954,52,0,0
BRDA:954,52,1,1
BRDA:973,53,0,1
BRDA:973,53,1,1
BRDA:1001,54,0,31
BRDA:1001,54,1,0
BRDA:1002,55,0,0
BRDA:1002,55,1,31
BRDA:1002,56,0,31
BRDA:1002,56,1,31
BRDA:1059,57,0,7
BRDA:1059,57,1,5
BRDA:1059,57,2,16
BRDA:1059,57,3,1
BRDA:1059,57,4,2
BRDA:1059,57,5,2
BRDA:1059,57,6,3
BRDA:1059,57,7,0
BRDA:1127,58,0,7
BRDA:1127,58,1,0
BRDA:1160,59,0,7
BRDA:1160,59,1,0
BRDA:1228,60,0,5
BRDA:1228,60,1,0
BRDA:1261,61,0,5
BRDA:1261,61,1,0
BRDA:1299,62,0,12
BRDA:1299,62,1,0
BRDA:1302,63,0,7
BRDA:1302,63,1,5
BRDA:1314,64,0,12
BRDA:1314,64,1,0
BRDA:1317,65,0,7
BRDA:1317,65,1,5
BRDA:1374,66,0,3
BRDA:1374,66,1,0
BRDA:1407,67,0,3
BRDA:1407,67,1,0
BRDA:1473,68,0,4
BRDA:1473,68,1,60
BRDA:1509,69,0,4
BRDA:1509,69,1,60
BRDA:1538,70,0,1
BRDA:1538,70,1,15
BRDA:1559,71,0,1
BRDA:1559,71,1,15
BRDA:1569,72,0,15
BRDA:1569,72,1,1
BRDA:1590,73,0,1
BRDA:1590,73,1,14
BRDA:1603,74,0,15
BRDA:1603,74,1,1
BRDA:1615,75,0,1
BRDA:1615,75,1,15
BRDA:1632,76,0,7
BRDA:1632,76,1,0
BRDA:1633,77,0,0
BRDA:1633,77,1,7
BRDA:1633,78,0,7
BRDA:1633,78,1,7
BRDA:1648,79,0,0
BRDA:1648,79,1,102
BRDA:1650,80,0,24
BRDA:1650,80,1,78
BRDA:1666,81,0,0
BRDA:1666,81,1,7
BRDA:1670,82,0,0
BRDA:1670,82,1,0
BRDA:1679,83,0,0
BRDA:1679,83,1,0
BRDA:1681,84,0,0
BRDA:1681,84,1,0
BRDA:1690,85,0,572
BRDA:1690,85,1,150
BRDA:1691,86,0,0
BRDA:1691,86,1,76
BRDA:1692,87,0,76
BRDA:1692,87,1,0
BRDA:1700,88,0,50
BRDA:1700,88,1,26
BRDA:1703,89,0,26
BRDA:1703,89,1,50
BRDA:1708,90,0,26
BRDA:1708,90,1,50
BRDA:1708,91,0,76
BRDA:1708,91,1,50
BRDA:1708,91,2,26
BRDA:1710,92,0,24
BRDA:1710,92,1,26
BRDA:1710,93,0,50
BRDA:1710,93,1,24
BRDA:1710,93,2,24
BRF:208
BRH:100
end_of_record
TN:
SF:src/utils/placementTree.ts
FN:43,generatePlacementTreeTournament
FN:62,(anonymous_1)
FN:63,(anonymous_2)
FN:82,(anonymous_3)
FN:126,createSeedOrder
FN:130,(anonymous_5)
FN:135,(anonymous_6)
FN:136,(anonymous_7)
FN:138,(anonymous_8)
FN:139,(anonymous_9)
FN:151,generatePlacementTreeMatches
FN:166,(anonymous_11)
FN:202,generateRound1Matches
FN:242,generateSubsequentRoundMatches
FN:257,(anonymous_14)
FN:286,(anonymous_15)
FN:290,(anonymous_16)
FN:293,(anonymous_17)
FN:351,(anonymous_18)
FN:360,updatePlacementTreeBracket
FN:364,(anonymous_20)
FN:371,(anonymous_21)
FN:407,calculatePlacementTreePlacements
FN:414,(anonymous_23)
FN:418,(anonymous_24)
FN:432,(anonymous_25)
FN:438,getPlacementRoundLabel
FN:463,getPlacementTreeMatchCount
FN:470,getGroupLetter
FN:477,getRankLabel
FN:485,generatePlacementTreeTournamentPlaceholder
FN:538,generatePlacementTreeMatchesPlaceholder
FN:614,generateSubsequentRoundMatchesPlaceholder
FN:629,(anonymous_33)
FN:657,(anonymous_34)
FN:660,(anonymous_35)
FN:663,(anonymous_36)
FN:725,(anonymous_37)
FN:734,populatePlacementTreeTeams
FN:749,(anonymous_39)
FN:750,(anonymous_40)
FN:763,(anonymous_41)
FN:765,(anonymous_42)
FN:771,(anonymous_43)
FN:791,(anonymous_44)
FNF:45
FNH:31
FNDA:0,generatePlacementTreeTournament
FNDA:0,(anonymous_1)
FNDA:0,(anonymous_2)
FNDA:0,(anonymous_3)
FNDA:4,createSeedOrder
FNDA:64,(anonymous_5)
FNDA:256,(anonymous_6)
FNDA:48,(anonymous_7)
FNDA:144,(anonymous_8)
FNDA:96,(anonymous_9)
FNDA:0,generatePlacementTreeMatches
FNDA:0,(anonymous_11)
FNDA:0,generateRound1Matches
FNDA:0,generateSubsequentRoundMatches
FNDA:0,(anonymous_14)
FNDA:0,(anonymous_15)
FNDA:0,(anonymous_16)
FNDA:0,(anonymous_17)
FNDA:0,(anonymous_18)
FNDA:2,updatePlacementTreeBracket
FNDA:2,(anonymous_20)
FNDA:64,(anonymous_21)
FNDA:1,calculatePlacementTreePlacements
FNDA:4,(anonymous_23)
FNDA:2,(anonymous_24)
FNDA:3,(anonymous_25)
FNDA:0,getPlacementRoundLabel
FNDA:5,getPlacementTreeMatchCount
FNDA:280,getGroupLetter
FNDA:280,getRankLabel
FNDA:19,generatePlacementTreeTournamentPlaceholder
FNDA:19,generatePlacementTreeMatchesPlaceholder
FNDA:56,generateSubsequentRoundMatchesPlaceholder
FNDA:436,(anonymous_33)
FNDA:436,(anonymous_34)
FNDA:436,(anonymous_35)
FNDA:606,(anonymous_36)
FNDA:392,(anonymous_37)
FNDA:4,populatePlacementTreeTeams
FNDA:64,(anonymous_39)
FNDA:544,(anonymous_40)
FNDA:64,(anonymous_41)
FNDA:544,(anonymous_42)
FNDA:128,(anonymous_43)
FNDA:64,(anonymous_44)
DA:48,0
DA:49,0
DA:52,0
DA:55,0
DA:56,0
DA:60,0
DA:62,0
DA:63,0
DA:64,0
DA:66,0
DA:67,0
DA:68,0
DA:76,0
DA:82,0
DA:94,0
DA:119,0
DA:130,64
DA:131,4
DA:133,4
DA:134,16
DA:135,256
DA:138,144
DA:139,96
DA:140,48
DA:142,16
DA:145,16
DA:155,0
DA:156,0
DA:157,0
DA:161,0
DA:165,0
DA:166,0
DA:167,0
DA:176,0
DA:177,0
DA:178,0
DA:181,0
DA:183,0
DA:184,0
DA:191,0
DA:192,0
DA:193,0
DA:196,0
DA:207,0
DA:208,0
DA:209,0
DA:210,0
DA:212,0
DA:213,0
DA:214,0
DA:216,0
DA:233,0
DA:236,0
DA:249,0
DA:250,0
DA:251,0
DA:254,0
DA:255,0
DA:257,0
DA:258,0
DA:259,0
DA:260,0
DA:261,0
DA:263,0
DA:265,0
DA:266,0
DA:267,0
DA:268,0
DA:270,0
DA:275,0
DA:277,0
DA:278,0
DA:279,0
DA:282,0
DA:285,0
DA:286,0
DA:289,0
DA:290,0
DA:293,0
DA:296,0
DA:297,0
DA:300,0
DA:303,0
DA:309,0
DA:310,0
DA:311,0
DA:312,0
DA:313,0
DA:314,0
DA:316,0
DA:320,0
DA:321,0
DA:322,0
DA:324,0
DA:346,0
DA:351,0
DA:353,0
DA:364,2
DA:365,2
DA:367,2
DA:371,2
DA:372,64
DA:374,48
DA:375,48
DA:378,48
DA:379,4
DA:382,4
DA:383,4
DA:387,48
DA:388,0
DA:391,0
DA:392,0
DA:396,48
DA:397,0
DA:400,48
DA:411,1
DA:414,1
DA:415,4
DA:418,1
DA:419,2
DA:421,2
DA:422,2
DA:424,2
DA:426,2
DA:427,2
DA:428,2
DA:432,3
DA:439,0
DA:440,0
DA:443,0
DA:445,0
DA:447,0
DA:449,0
DA:451,0
DA:453,0
DA:455,0
DA:464,5
DA:471,280
DA:478,280
DA:489,19
DA:490,19
DA:492,19
DA:493,19
DA:496,19
DA:503,19
DA:505,19
DA:532,19
DA:543,19
DA:544,19
DA:547,19
DA:551,19
DA:552,19
DA:553,19
DA:554,76
DA:555,280
DA:560,19
DA:561,19
DA:563,19
DA:564,140
DA:565,140
DA:567,140
DA:588,140
DA:590,19
DA:593,19
DA:595,19
DA:596,56
DA:603,56
DA:604,56
DA:605,56
DA:608,19
DA:621,56
DA:622,56
DA:623,56
DA:626,56
DA:627,56
DA:629,56
DA:630,436
DA:631,436
DA:632,436
DA:633,133
DA:635,436
DA:637,436
DA:638,436
DA:639,436
DA:640,133
DA:642,436
DA:647,56
DA:649,56
DA:650,266
DA:651,266
DA:654,266
DA:656,266
DA:657,436
DA:659,266
DA:660,436
DA:663,606
DA:666,266
DA:667,266
DA:669,266
DA:670,266
DA:674,266
DA:675,128
DA:676,138
DA:677,38
DA:678,100
DA:679,68
DA:681,32
DA:685,266
DA:686,448
DA:687,448
DA:689,448
DA:692,448
DA:696,448
DA:720,448
DA:725,392
DA:727,56
DA:739,4
DA:742,4
DA:743,4
DA:744,4
DA:747,4
DA:749,4
DA:750,544
DA:751,64
DA:753,64
DA:754,64
DA:755,64
DA:763,4
DA:764,64
DA:765,544
DA:766,64
DA:767,64
DA:771,4
DA:772,128
DA:775,128
DA:776,32
DA:778,128
DA:779,32
DA:783,128
DA:784,32
DA:787,128
DA:791,64
DA:803,4
LF:243
LH:143
BRDA:52,0,0,0
BRDA:52,0,1,0
BRDA:64,1,0,0
BRDA:64,1,1,0
BRDA:258,2,0,0
BRDA:258,2,1,0
BRDA:260,3,0,0
BRDA:260,3,1,0
BRDA:265,4,0,0
BRDA:265,4,1,0
BRDA:267,5,0,0
BRDA:267,5,1,0
BRDA:285,6,0,0
BRDA:285,6,1,0
BRDA:289,7,0,0
BRDA:289,7,1,0
BRDA:293,8,0,0
BRDA:293,8,1,0
BRDA:293,9,0,0
BRDA:293,9,1,0
BRDA:300,10,0,0
BRDA:300,10,1,0
BRDA:303,11,0,0
BRDA:303,11,1,0
BRDA:309,12,0,0
BRDA:309,12,1,0
BRDA:311,13,0,0
BRDA:311,13,1,0
BRDA:313,14,0,0
BRDA:313,14,1,0
BRDA:337,15,0,0
BRDA:337,15,1,0
BRDA:338,16,0,0
BRDA:338,16,1,0
BRDA:339,17,0,0
BRDA:339,17,1,0
BRDA:351,18,0,0
BRDA:351,18,1,0
BRDA:351,19,0,0
BRDA:351,19,1,0
BRDA:365,20,0,0
BRDA:365,20,1,2
BRDA:365,21,0,2
BRDA:365,21,1,2
BRDA:367,22,0,2
BRDA:367,22,1,0
BRDA:372,23,0,16
BRDA:372,23,1,48
BRDA:378,24,0,4
BRDA:378,24,1,44
BRDA:379,25,0,2
BRDA:379,25,1,2
BRDA:387,26,0,0
BRDA:387,26,1,48
BRDA:388,27,0,0
BRDA:388,27,1,0
BRDA:396,28,0,0
BRDA:396,28,1,48
BRDA:396,29,0,48
BRDA:396,29,1,4
BRDA:396,29,2,4
BRDA:396,29,3,0
BRDA:415,30,0,4
BRDA:415,30,1,2
BRDA:419,31,0,0
BRDA:419,31,1,2
BRDA:419,32,0,2
BRDA:419,32,1,2
BRDA:421,33,0,2
BRDA:421,33,1,0
BRDA:422,34,0,0
BRDA:422,34,1,2
BRDA:426,35,0,2
BRDA:426,35,1,0
BRDA:427,36,0,2
BRDA:427,36,1,0
BRDA:439,37,0,0
BRDA:439,37,1,0
BRDA:439,38,0,0
BRDA:439,38,1,0
BRDA:443,39,0,0
BRDA:443,39,1,0
BRDA:443,39,2,0
BRDA:443,39,3,0
BRDA:443,39,4,0
BRDA:443,39,5,0
BRDA:492,40,0,19
BRDA:492,40,1,0
BRDA:630,41,0,436
BRDA:630,41,1,0
BRDA:632,42,0,133
BRDA:632,42,1,303
BRDA:637,43,0,436
BRDA:637,43,1,0
BRDA:639,44,0,133
BRDA:639,44,1,303
BRDA:656,45,0,266
BRDA:656,45,1,133
BRDA:659,46,0,266
BRDA:659,46,1,133
BRDA:663,47,0,606
BRDA:663,47,1,0
BRDA:663,48,0,606
BRDA:663,48,1,0
BRDA:669,49,0,128
BRDA:669,49,1,138
BRDA:670,50,0,128
BRDA:670,50,1,138
BRDA:674,51,0,128
BRDA:674,51,1,138
BRDA:676,52,0,38
BRDA:676,52,1,100
BRDA:678,53,0,68
BRDA:678,53,1,32
BRDA:689,54,0,224
BRDA:689,54,1,224
BRDA:692,55,0,224
BRDA:692,55,1,224
BRDA:711,56,0,448
BRDA:711,56,1,128
BRDA:712,57,0,448
BRDA:712,57,1,128
BRDA:713,58,0,128
BRDA:713,58,1,320
BRDA:725,59,0,392
BRDA:725,59,1,0
BRDA:725,60,0,392
BRDA:725,60,1,0
BRDA:739,61,0,4
BRDA:739,61,1,0
BRDA:751,62,0,0
BRDA:751,62,1,64
BRDA:765,63,0,544
BRDA:765,63,1,160
BRDA:766,64,0,0
BRDA:766,64,1,64
BRDA:767,65,0,64
BRDA:767,65,1,0
BRDA:775,66,0,32
BRDA:775,66,1,96
BRDA:778,67,0,32
BRDA:778,67,1,96
BRDA:783,68,0,32
BRDA:783,68,1,96
BRDA:783,69,0,128
BRDA:783,69,1,32
BRDA:783,69,2,32
BRF:147
BRH:74
end_of_record
TN:
SF:src/utils/playoff.ts
FN:9,generatePlayoffTournament
FN:18,(anonymous_1)
FN:19,(anonymous_2)
FN:56,(anonymous_3)
FN:91,getPlayoffMatchLabel
FN:101,generatePlayoffTournamentPlaceholder
FN:167,populatePlayoffTeams
FN:177,(anonymous_7)
FN:178,(anonymous_8)
FN:191,(anonymous_9)
FN:219,(anonymous_10)
FNF:11
FNH:0
FNDA:0,generatePlayoffTournament
FNDA:0,(anonymous_1)
FNDA:0,(anonymous_2)
FNDA:0,(anonymous_3)
FNDA:0,getPlayoffMatchLabel
FNDA:0,generatePlayoffTournamentPlaceholder
FNDA:0,populatePlayoffTeams
FNDA:0,(anonymous_7)
FNDA:0,(anonymous_8)
FNDA:0,(anonymous_9)
FNDA:0,(anonymous_10)
DA:13,0
DA:14,0
DA:17,0
DA:18,0
DA:19,0
DA:20,0
DA:21,0
DA:22,0
DA:30,0
DA:31,0
DA:32,0
DA:33,0
DA:35,0
DA:36,0
DA:40,0
DA:56,0
DA:68,0
DA:85,0
DA:92,0
DA:93,0
DA:94,0
DA:105,0
DA:106,0
DA:108,0
DA:111,0
DA:112,0
DA:113,0
DA:114,0
DA:118,0
DA:138,0
DA:140,0
DA:160,0
DA:172,0
DA:173,0
DA:174,0
DA:177,0
DA:178,0
DA:179,0
DA:181,0
DA:182,0
DA:183,0
DA:191,0
DA:192,0
DA:195,0
DA:196,0
DA:197,0
DA:198,0
DA:199,0
DA:202,0
DA:203,0
DA:204,0
DA:205,0
DA:206,0
DA:211,0
DA:212,0
DA:215,0
DA:219,0
DA:231,0
LF:58
LH:0
BRDA:24,0,0,0
BRDA:24,0,1,0
BRDA:36,1,0,0
BRDA:36,1,1,0
BRDA:114,2,0,0
BRDA:114,2,1,0
BRDA:179,3,0,0
BRDA:179,3,1,0
BRDA:195,4,0,0
BRDA:195,4,1,0
BRDA:197,5,0,0
BRDA:197,5,1,0
BRDA:199,6,0,0
BRDA:199,6,1,0
BRDA:202,7,0,0
BRDA:202,7,1,0
BRDA:204,8,0,0
BRDA:204,8,1,0
BRDA:206,9,0,0
BRDA:206,9,1,0
BRDA:211,10,0,0
BRDA:211,10,1,0
BRDA:211,11,0,0
BRDA:211,11,1,0
BRF:24
BRH:0
end_of_record
TN:
SF:src/utils/refereeAssignment.ts
FN:25,buildOpponentHistory
FN:30,(anonymous_1)
FN:52,hasPlayedAgainst
FN:71,assignIntermediateRoundReferees
FN:82,(anonymous_4)
FN:83,(anonymous_5)
FN:85,(anonymous_6)
FN:125,assignQuarterfinalReferees
FN:133,(anonymous_8)
FN:172,assignSemifinalReferees
FN:182,(anonymous_10)
FN:183,(anonymous_11)
FN:184,(anonymous_12)
FN:186,(anonymous_13)
FN:223,assignFinalsReferees
FN:233,(anonymous_15)
FN:234,(anonymous_16)
FN:235,(anonymous_17)
FN:237,(anonymous_18)
FN:273,assignAllKnockoutReferees
FN:282,(anonymous_20)
FN:283,(anonymous_21)
FN:308,(anonymous_22)
FN:310,(anonymous_23)
FN:319,updateRefereeAssignmentsAfterRound
FN:328,(anonymous_25)
FN:329,(anonymous_26)
FN:337,(anonymous_27)
FN:339,(anonymous_28)
FN:349,(anonymous_29)
FN:351,(anonymous_30)
FN:360,(anonymous_31)
FN:362,(anonymous_32)
FN:377,getRefereeTeamName
FN:382,(anonymous_34)
FNF:35
FNH:0
FNDA:0,buildOpponentHistory
FNDA:0,(anonymous_1)
FNDA:0,hasPlayedAgainst
FNDA:0,assignIntermediateRoundReferees
FNDA:0,(anonymous_4)
FNDA:0,(anonymous_5)
FNDA:0,(anonymous_6)
FNDA:0,assignQuarterfinalReferees
FNDA:0,(anonymous_8)
FNDA:0,assignSemifinalReferees
FNDA:0,(anonymous_10)
FNDA:0,(anonymous_11)
FNDA:0,(anonymous_12)
FNDA:0,(anonymous_13)
FNDA:0,assignFinalsReferees
FNDA:0,(anonymous_15)
FNDA:0,(anonymous_16)
FNDA:0,(anonymous_17)
FNDA:0,(anonymous_18)
FNDA:0,assignAllKnockoutReferees
FNDA:0,(anonymous_20)
FNDA:0,(anonymous_21)
FNDA:0,(anonymous_22)
FNDA:0,(anonymous_23)
FNDA:0,updateRefereeAssignmentsAfterRound
FNDA:0,(anonymous_25)
FNDA:0,(anonymous_26)
FNDA:0,(anonymous_27)
FNDA:0,(anonymous_28)
FNDA:0,(anonymous_29)
FNDA:0,(anonymous_30)
FNDA:0,(anonymous_31)
FNDA:0,(anonymous_32)
FNDA:0,getRefereeTeamName
FNDA:0,(anonymous_34)
DA:28,0
DA:30,0
DA:31,0
DA:34,0
DA:35,0
DA:37,0
DA:40,0
DA:41,0
DA:43,0
DA:46,0
DA:58,0
DA:59,0
DA:61,0
DA:62,0
DA:64,0
DA:77,0
DA:78,0
DA:81,0
DA:82,0
DA:83,0
DA:85,0
DA:87,0
DA:90,0
DA:91,0
DA:93,0
DA:94,0
DA:95,0
DA:100,0
DA:101,0
DA:102,0
DA:103,0
DA:104,0
DA:109,0
DA:110,0
DA:114,0
DA:118,0
DA:130,0
DA:131,0
DA:133,0
DA:134,0
DA:137,0
DA:138,0
DA:140,0
DA:141,0
DA:142,0
DA:147,0
DA:148,0
DA:149,0
DA:150,0
DA:151,0
DA:156,0
DA:157,0
DA:161,0
DA:165,0
DA:177,0
DA:178,0
DA:181,0
DA:182,0
DA:183,0
DA:184,0
DA:186,0
DA:187,0
DA:189,0
DA:190,0
DA:192,0
DA:193,0
DA:194,0
DA:198,0
DA:199,0
DA:200,0
DA:201,0
DA:202,0
DA:207,0
DA:208,0
DA:212,0
DA:216,0
DA:228,0
DA:229,0
DA:232,0
DA:233,0
DA:234,0
DA:235,0
DA:237,0
DA:238,0
DA:240,0
DA:241,0
DA:243,0
DA:244,0
DA:245,0
DA:249,0
DA:250,0
DA:251,0
DA:252,0
DA:253,0
DA:258,0
DA:259,0
DA:263,0
DA:267,0
DA:279,0
DA:282,0
DA:283,0
DA:287,0
DA:290,0
DA:298,0
DA:308,0
DA:310,0
DA:324,0
DA:326,0
DA:328,0
DA:329,0
DA:331,0
DA:337,0
DA:339,0
DA:340,0
DA:341,0
DA:343,0
DA:347,0
DA:349,0
DA:350,0
DA:351,0
DA:354,0
DA:360,0
DA:362,0
DA:363,0
DA:365,0
DA:367,0
DA:371,0
DA:381,0
DA:382,0
DA:383,0
LF:130
LH:0
BRDA:31,0,0,0
BRDA:31,0,1,0
BRDA:31,1,0,0
BRDA:31,1,1,0
BRDA:34,2,0,0
BRDA:34,2,1,0
BRDA:40,3,0,0
BRDA:40,3,1,0
BRDA:59,4,0,0
BRDA:59,4,1,0
BRDA:61,5,0,0
BRDA:61,5,1,0
BRDA:61,6,0,0
BRDA:61,6,1,0
BRDA:62,7,0,0
BRDA:62,7,1,0
BRDA:62,8,0,0
BRDA:62,8,1,0
BRDA:91,9,0,0
BRDA:91,9,1,0
BRDA:93,10,0,0
BRDA:93,10,1,0
BRDA:100,11,0,0
BRDA:100,11,1,0
BRDA:102,12,0,0
BRDA:102,12,1,0
BRDA:109,13,0,0
BRDA:109,13,1,0
BRDA:138,14,0,0
BRDA:138,14,1,0
BRDA:140,15,0,0
BRDA:140,15,1,0
BRDA:147,16,0,0
BRDA:147,16,1,0
BRDA:149,17,0,0
BRDA:149,17,1,0
BRDA:156,18,0,0
BRDA:156,18,1,0
BRDA:182,19,0,0
BRDA:182,19,1,0
BRDA:183,20,0,0
BRDA:183,20,1,0
BRDA:190,21,0,0
BRDA:190,21,1,0
BRDA:192,22,0,0
BRDA:192,22,1,0
BRDA:198,23,0,0
BRDA:198,23,1,0
BRDA:200,24,0,0
BRDA:200,24,1,0
BRDA:207,25,0,0
BRDA:207,25,1,0
BRDA:233,26,0,0
BRDA:233,26,1,0
BRDA:234,27,0,0
BRDA:234,27,1,0
BRDA:241,28,0,0
BRDA:241,28,1,0
BRDA:243,29,0,0
BRDA:243,29,1,0
BRDA:249,30,0,0
BRDA:249,30,1,0
BRDA:251,31,0,0
BRDA:251,31,1,0
BRDA:258,32,0,0
BRDA:258,32,1,0
BRDA:312,33,0,0
BRDA:312,33,1,0
BRDA:326,34,0,0
BRDA:326,34,1,0
BRDA:340,35,0,0
BRDA:340,35,1,0
BRDA:340,36,0,0
BRDA:340,36,1,0
BRDA:347,37,0,0
BRDA:347,37,1,0
BRDA:351,38,0,0
BRDA:351,38,1,0
BRDA:363,39,0,0
BRDA:363,39,1,0
BRDA:363,40,0,0
BRDA:363,40,1,0
BRDA:363,40,2,0
BRDA:381,41,0,0
BRDA:381,41,1,0
BRDA:383,42,0,0
BRDA:383,42,1,0
BRF:87
BRH:0
end_of_record
TN:
SF:src/utils/roundRobin.ts
FN:4,generateRoundRobinMatches
FNF:1
FNH:1
FNDA:38,generateRoundRobinMatches
DA:5,38
DA:6,38
DA:9,38
DA:10,38
DA:11,12
DA:14,38
DA:15,38
DA:16,38
DA:19,38
DA:20,38
DA:22,38
DA:24,38
DA:25,236
DA:26,236
DA:28,236
DA:29,1073
DA:30,1073
DA:33,1073
DA:34,100
DA:37,973
DA:49,1073
DA:53,236
DA:56,38
LF:23
LH:23
BRDA:10,0,0,12
BRDA:10,0,1,26
BRDA:33,1,0,100
BRDA:33,1,1,973
BRDA:33,2,0,1073
BRDA:33,2,1,1029
BRDA:43,3,0,801
BRDA:43,3,1,172
BRF:8
BRH:8
end_of_record
TN:
SF:src/utils/scheduling.ts
FN:16,calculateMatchDuration
FN:41,parseTimeToMinutes
FN:49,formatMinutesToTime
FN:58,calculateMatchStartTime
FN:77,(anonymous_4)
FN:83,(anonymous_5)
FN:100,calculateTournamentEndTime
FN:129,checkTimeOverrun
FN:161,estimateTournamentDuration
FN:216,estimateSSVBTournamentDuration
FN:305,calculateMatchStartTimeWithPhases
FN:338,(anonymous_11)
FN:343,(anonymous_12)
FN:358,calculateKnockoutMatchStartTime
FN:386,(anonymous_14)
FN:387,(anonymous_15)
FN:394,(anonymous_16)
FN:395,(anonymous_17)
FN:397,(anonymous_18)
FNF:19
FNH:0
FNDA:0,calculateMatchDuration
FNDA:0,parseTimeToMinutes
FNDA:0,formatMinutesToTime
FNDA:0,calculateMatchStartTime
FNDA:0,(anonymous_4)
FNDA:0,(anonymous_5)
FNDA:0,calculateTournamentEndTime
FNDA:0,checkTimeOverrun
FNDA:0,estimateTournamentDuration
FNDA:0,estimateSSVBTournamentDuration
FNDA:0,calculateMatchStartTimeWithPhases
FNDA:0,(anonymous_11)
FNDA:0,(anonymous_12)
FNDA:0,calculateKnockoutMatchStartTime
FNDA:0,(anonymous_14)
FNDA:0,(anonymous_15)
FNDA:0,(anonymous_16)
FNDA:0,(anonymous_17)
FNDA:0,(anonymous_18)
DA:4,0
DA:22,0
DA:24,0
DA:26,0
DA:27,0
DA:29,0
DA:32,0
DA:33,0
DA:34,0
DA:42,0
DA:43,0
DA:50,0
DA:51,0
DA:52,0
DA:63,0
DA:64,0
DA:66,0
DA:67,0
DA:69,0
DA:77,0
DA:78,0
DA:79,0
DA:83,0
DA:84,0
DA:88,0
DA:91,0
DA:92,0
DA:94,0
DA:101,0
DA:102,0
DA:104,0
DA:105,0
DA:107,0
DA:115,0
DA:118,0
DA:120,0
DA:121,0
DA:123,0
DA:135,0
DA:136,0
DA:137,0
DA:140,0
DA:141,0
DA:142,0
DA:145,0
DA:146,0
DA:147,0
DA:149,0
DA:178,0
DA:180,0
DA:181,0
DA:183,0
DA:184,0
DA:185,0
DA:187,0
DA:188,0
DA:189,0
DA:190,0
DA:193,0
DA:196,0
DA:203,0
DA:204,0
DA:205,0
DA:207,0
DA:208,0
DA:210,0
DA:238,0
DA:239,0
DA:241,0
DA:243,0
DA:247,0
DA:248,0
DA:255,0
DA:256,0
DA:257,0
DA:261,0
DA:268,0
DA:269,0
DA:273,0
DA:280,0
DA:281,0
DA:285,0
DA:286,0
DA:287,0
DA:288,0
DA:290,0
DA:311,0
DA:312,0
DA:314,0
DA:315,0
DA:317,0
DA:325,0
DA:326,0
DA:338,0
DA:339,0
DA:340,0
DA:343,0
DA:344,0
DA:346,0
DA:347,0
DA:350,0
DA:352,0
DA:367,0
DA:372,0
DA:380,0
DA:383,0
DA:385,0
DA:386,0
DA:387,0
DA:388,0
DA:389,0
DA:393,0
DA:394,0
DA:395,0
DA:397,0
DA:398,0
DA:400,0
LF:117
LH:0
BRDA:24,0,0,0
BRDA:24,0,1,0
BRDA:26,1,0,0
BRDA:26,1,1,0
BRDA:27,2,0,0
BRDA:27,2,1,0
BRDA:29,3,0,0
BRDA:29,3,1,0
BRDA:32,4,0,0
BRDA:32,4,1,0
BRDA:33,5,0,0
BRDA:33,5,1,0
BRDA:33,6,0,0
BRDA:33,6,1,0
BRDA:64,7,0,0
BRDA:64,7,1,0
BRDA:78,8,0,0
BRDA:78,8,1,0
BRDA:84,9,0,0
BRDA:84,9,1,0
BRDA:102,10,0,0
BRDA:102,10,1,0
BRDA:102,11,0,0
BRDA:102,11,1,0
BRDA:136,12,0,0
BRDA:136,12,1,0
BRDA:141,13,0,0
BRDA:141,13,1,0
BRDA:178,14,0,0
BRDA:178,14,1,0
BRDA:181,15,0,0
BRDA:181,15,1,0
BRDA:184,16,0,0
BRDA:184,16,1,0
BRDA:185,17,0,0
BRDA:185,17,1,0
BRDA:241,18,0,0
BRDA:241,18,1,0
BRDA:241,19,0,0
BRDA:241,19,1,0
BRDA:256,20,0,0
BRDA:256,20,1,0
BRDA:312,21,0,0
BRDA:312,21,1,0
BRDA:325,22,0,0
BRDA:325,22,1,0
BRDA:325,23,0,0
BRDA:325,23,1,0
BRDA:339,24,0,0
BRDA:339,24,1,0
BRDA:344,25,0,0
BRDA:344,25,1,0
BRDA:347,26,0,0
BRDA:347,26,1,0
BRDA:367,27,0,0
BRDA:367,27,1,0
BRDA:380,28,0,0
BRDA:380,28,1,0
BRDA:380,29,0,0
BRDA:380,29,1,0
BRF:60
BRH:0
end_of_record
TN:
SF:src/utils/scoreValidation.ts
FN:9,isValidScoreValue
FN:13,validateScoreInputs
FN:27,validateSingleSet
FN:55,validateScores
FN:63,validateBestOfThreeScores
FN:115,getRequiredSetsCount
FNF:6
FNH:0
FNDA:0,isValidScoreValue
FNDA:0,validateScoreInputs
FNDA:0,validateSingleSet
FNDA:0,validateScores
FNDA:0,validateBestOfThreeScores
FNDA:0,getRequiredSetsCount
DA:10,0
DA:14,0
DA:15,0
DA:17,0
DA:18,0
DA:20,0
DA:21,0
DA:24,0
DA:32,0
DA:33,0
DA:34,0
DA:36,0
DA:37,0
DA:40,0
DA:41,0
DA:44,0
DA:45,0
DA:48,0
DA:49,0
DA:52,0
DA:56,0
DA:57,0
DA:58,0
DA:60,0
DA:67,0
DA:70,0
DA:71,0
DA:74,0
DA:75,0
DA:77,0
DA:78,0
DA:82,0
DA:83,0
DA:84,0
DA:87,0
DA:88,0
DA:89,0
DA:90,0
DA:95,0
DA:96,0
DA:100,0
DA:101,0
DA:103,0
DA:105,0
DA:107,0
DA:108,0
DA:112,0
DA:116,0
DA:117,0
DA:121,0
DA:122,0
DA:124,0
DA:127,0
DA:128,0
DA:132,0
LF:55
LH:0
BRDA:10,0,0,0
BRDA:10,0,1,0
BRDA:17,1,0,0
BRDA:17,1,1,0
BRDA:20,2,0,0
BRDA:20,2,1,0
BRDA:36,3,0,0
BRDA:36,3,1,0
BRDA:40,4,0,0
BRDA:40,4,1,0
BRDA:40,5,0,0
BRDA:40,5,1,0
BRDA:44,6,0,0
BRDA:44,6,1,0
BRDA:44,7,0,0
BRDA:44,7,1,0
BRDA:48,8,0,0
BRDA:48,8,1,0
BRDA:58,9,0,0
BRDA:58,9,1,0
BRDA:67,10,0,0
BRDA:77,11,0,0
BRDA:77,11,1,0
BRDA:77,12,0,0
BRDA:77,12,1,0
BRDA:82,13,0,0
BRDA:82,13,1,0
BRDA:84,14,0,0
BRDA:84,14,1,0
BRDA:87,15,0,0
BRDA:87,15,1,0
BRDA:89,16,0,0
BRDA:89,16,1,0
BRDA:95,17,0,0
BRDA:95,17,1,0
BRDA:95,18,0,0
BRDA:95,18,1,0
BRDA:101,19,0,0
BRDA:101,19,1,0
BRDA:101,20,0,0
BRDA:101,20,1,0
BRDA:101,20,2,0
BRDA:103,21,0,0
BRDA:103,21,1,0
BRDA:104,22,0,0
BRDA:104,22,1,0
BRDA:107,23,0,0
BRDA:107,23,1,0
BRDA:107,24,0,0
BRDA:107,24,1,0
BRDA:116,25,0,0
BRDA:116,25,1,0
BRDA:121,26,0,0
BRDA:121,26,1,0
BRDA:122,27,0,0
BRDA:122,27,1,0
BRDA:123,28,0,0
BRDA:123,28,1,0
BRDA:127,29,0,0
BRDA:127,29,1,0
BRDA:127,30,0,0
BRDA:127,30,1,0
BRF:62
BRH:0
end_of_record
TN:
SF:src/utils/shortMainRound.ts
FN:44,generateShortMainRoundTournament
FN:67,(anonymous_1)
FN:68,(anonymous_2)
FN:88,(anonymous_3)
FN:131,categorizeTeams
FN:140,(anonymous_5)
FN:146,(anonymous_6)
FN:148,(anonymous_7)
FN:149,(anonymous_8)
FN:151,(anonymous_9)
FN:175,generateShortMainRoundMatches
FN:185,(anonymous_11)
FN:206,(anonymous_12)
FN:646,updateShortMainRoundBracket
FN:650,(anonymous_14)
FN:657,(anonymous_15)
FN:690,calculateShortMainRoundPlacements
FN:697,(anonymous_17)
FN:699,(anonymous_18)
FN:711,(anonymous_19)
FN:717,getShortMainRoundLabel
FN:755,getShortMainRoundMatchCount
FN:764,getGroupLetter
FN:771,getRankLabel
FN:779,generateShortMainRoundTournamentPlaceholder
FN:834,generateShortMainRoundMatchesPlaceholder
FN:860,(anonymous_26)
FN:888,(anonymous_27)
FN:920,(anonymous_28)
FN:1281,populateShortMainRoundTeams
FN:1297,(anonymous_30)
FN:1298,(anonymous_31)
FN:1311,(anonymous_32)
FN:1313,(anonymous_33)
FN:1319,(anonymous_34)
FN:1342,(anonymous_35)
FN:1372,generateFlexibleShortMainRoundPlaceholder
FNF:37
FNH:23
FNDA:0,generateShortMainRoundTournament
FNDA:0,(anonymous_1)
FNDA:0,(anonymous_2)
FNDA:0,(anonymous_3)
FNDA:0,categorizeTeams
FNDA:0,(anonymous_5)
FNDA:0,(anonymous_6)
FNDA:0,(anonymous_7)
FNDA:0,(anonymous_8)
FNDA:0,(anonymous_9)
FNDA:0,generateShortMainRoundMatches
FNDA:0,(anonymous_11)
FNDA:0,(anonymous_12)
FNDA:2,updateShortMainRoundBracket
FNDA:2,(anonymous_14)
FNDA:48,(anonymous_15)
FNDA:1,calculateShortMainRoundPlacements
FNDA:4,(anonymous_17)
FNDA:2,(anonymous_18)
FNDA:3,(anonymous_19)
FNDA:0,getShortMainRoundLabel
FNDA:1,getShortMainRoundMatchCount
FNDA:144,getGroupLetter
FNDA:165,getRankLabel
FNDA:15,generateShortMainRoundTournamentPlaceholder
FNDA:15,generateShortMainRoundMatchesPlaceholder
FNDA:36,(anonymous_26)
FNDA:18,(anonymous_27)
FNDA:36,(anonymous_28)
FNDA:4,populateShortMainRoundTeams
FNDA:64,(anonymous_30)
FNDA:544,(anonymous_31)
FNDA:64,(anonymous_32)
FNDA:544,(anonymous_33)
FNDA:96,(anonymous_34)
FNDA:64,(anonymous_35)
FNDA:6,generateFlexibleShortMainRoundPlaceholder
DA:49,0
DA:50,0
DA:53,0
DA:54,0
DA:55,0
DA:59,0
DA:62,0
DA:63,0
DA:66,0
DA:67,0
DA:68,0
DA:69,0
DA:71,0
DA:72,0
DA:73,0
DA:81,0
DA:88,0
DA:100,0
DA:125,0
DA:135,0
DA:136,0
DA:137,0
DA:140,0
DA:141,0
DA:142,0
DA:143,0
DA:146,0
DA:147,0
DA:148,0
DA:149,0
DA:151,0
DA:152,0
DA:159,0
DA:160,0
DA:161,0
DA:162,0
DA:164,0
DA:169,0
DA:180,0
DA:181,0
DA:182,0
DA:185,0
DA:186,0
DA:194,0
DA:199,0
DA:206,0
DA:222,0
DA:225,0
DA:226,0
DA:256,0
DA:263,0
DA:264,0
DA:334,0
DA:337,0
DA:375,0
DA:378,0
DA:418,0
DA:425,0
DA:463,0
DA:466,0
DA:504,0
DA:507,0
DA:547,0
DA:554,0
DA:573,0
DA:576,0
DA:595,0
DA:598,0
DA:638,0
DA:640,0
DA:650,2
DA:651,2
DA:653,2
DA:657,2
DA:658,48
DA:660,36
DA:661,36
DA:663,36
DA:664,2
DA:667,2
DA:668,2
DA:671,36
DA:672,2
DA:675,2
DA:676,2
DA:679,36
DA:680,2
DA:683,36
DA:694,1
DA:697,4
DA:699,1
DA:700,2
DA:702,2
DA:703,2
DA:705,2
DA:706,2
DA:707,2
DA:711,3
DA:718,0
DA:720,0
DA:722,0
DA:724,0
DA:726,0
DA:728,0
DA:730,0
DA:731,0
DA:732,0
DA:734,0
DA:736,0
DA:737,0
DA:738,0
DA:740,0
DA:742,0
DA:743,0
DA:744,0
DA:746,0
DA:748,0
DA:758,1
DA:765,144
DA:772,165
DA:783,15
DA:784,15
DA:786,15
DA:787,15
DA:788,0
DA:792,15
DA:798,15
DA:800,15
DA:827,15
DA:840,15
DA:841,6
DA:844,9
DA:845,9
DA:846,9
DA:853,9
DA:860,36
DA:880,9
DA:883,9
DA:888,18
DA:906,9
DA:913,9
DA:920,36
DA:940,9
DA:943,9
DA:985,9
DA:988,9
DA:1032,9
DA:1039,9
DA:1081,9
DA:1084,9
DA:1126,9
DA:1129,9
DA:1173,9
DA:1180,9
DA:1201,9
DA:1204,9
DA:1225,9
DA:1228,9
DA:1272,9
DA:1274,9
DA:1286,4
DA:1287,4
DA:1288,0
DA:1292,4
DA:1293,4
DA:1294,4
DA:1297,4
DA:1298,544
DA:1299,64
DA:1301,64
DA:1302,64
DA:1303,64
DA:1311,4
DA:1312,64
DA:1313,544
DA:1314,64
DA:1315,64
DA:1319,4
DA:1320,96
DA:1323,96
DA:1324,40
DA:1326,96
DA:1327,24
DA:1331,96
DA:1332,24
DA:1333,72
DA:1335,0
DA:1338,96
DA:1342,64
DA:1354,4
DA:1376,6
DA:1377,6
DA:1378,6
DA:1385,6
DA:1389,3
DA:1425,3
DA:1428,3
DA:1448,3
DA:1451,3
DA:1471,3
DA:1473,3
DA:1480,3
DA:1482,0
DA:1483,0
DA:1484,0
DA:1485,0
DA:1486,0
DA:1489,0
DA:1493,0
DA:1515,0
DA:1518,0
DA:1558,0
DA:1561,0
DA:1581,0
DA:1584,0
DA:1604,0
DA:1606,0
DA:1610,3
DA:1645,3
DA:1648,3
DA:1668,3
DA:1671,3
DA:1691,3
DA:1693,3
LF:224
LH:117
BRDA:53,0,0,0
BRDA:53,0,1,0
BRDA:54,1,0,0
BRDA:54,1,1,0
BRDA:54,2,0,0
BRDA:54,2,1,0
BRDA:69,3,0,0
BRDA:69,3,1,0
BRDA:156,4,0,0
BRDA:156,4,1,0
BRDA:156,5,0,0
BRDA:156,5,1,0
BRDA:159,6,0,0
BRDA:159,6,1,0
BRDA:161,7,0,0
BRDA:161,7,1,0
BRDA:186,8,0,0
BRDA:186,8,1,0
BRDA:651,9,0,0
BRDA:651,9,1,2
BRDA:651,10,0,2
BRDA:651,10,1,2
BRDA:653,11,0,2
BRDA:653,11,1,0
BRDA:658,12,0,12
BRDA:658,12,1,36
BRDA:663,13,0,2
BRDA:663,13,1,34
BRDA:664,14,0,0
BRDA:664,14,1,2
BRDA:671,15,0,2
BRDA:671,15,1,34
BRDA:672,16,0,2
BRDA:672,16,1,0
BRDA:679,17,0,2
BRDA:679,17,1,34
BRDA:679,18,0,36
BRDA:679,18,1,4
BRDA:679,18,2,4
BRDA:679,18,3,2
BRDA:700,19,0,0
BRDA:700,19,1,2
BRDA:700,20,0,2
BRDA:700,20,1,2
BRDA:705,21,0,2
BRDA:705,21,1,0
BRDA:706,22,0,2
BRDA:706,22,1,0
BRDA:718,23,0,0
BRDA:718,23,1,0
BRDA:718,23,2,0
BRDA:718,23,3,0
BRDA:718,23,4,0
BRDA:718,23,5,0
BRDA:718,23,6,0
BRDA:718,23,7,0
BRDA:718,23,8,0
BRDA:730,24,0,0
BRDA:730,24,1,0
BRDA:731,25,0,0
BRDA:731,25,1,0
BRDA:731,26,0,0
BRDA:731,26,1,0
BRDA:732,27,0,0
BRDA:732,27,1,0
BRDA:732,28,0,0
BRDA:732,28,1,0
BRDA:736,29,0,0
BRDA:736,29,1,0
BRDA:737,30,0,0
BRDA:737,30,1,0
BRDA:737,31,0,0
BRDA:737,31,1,0
BRDA:738,32,0,0
BRDA:738,32,1,0
BRDA:738,33,0,0
BRDA:738,33,1,0
BRDA:742,34,0,0
BRDA:742,34,1,0
BRDA:743,35,0,0
BRDA:743,35,1,0
BRDA:743,36,0,0
BRDA:743,36,1,0
BRDA:744,37,0,0
BRDA:744,37,1,0
BRDA:744,38,0,0
BRDA:744,38,1,0
BRDA:786,39,0,15
BRDA:786,39,1,0
BRDA:787,40,0,0
BRDA:787,40,1,15
BRDA:787,41,0,15
BRDA:787,41,1,15
BRDA:840,42,0,6
BRDA:840,42,1,9
BRDA:1286,43,0,4
BRDA:1286,43,1,0
BRDA:1287,44,0,0
BRDA:1287,44,1,4
BRDA:1287,45,0,4
BRDA:1287,45,1,4
BRDA:1299,46,0,0
BRDA:1299,46,1,64
BRDA:1313,47,0,544
BRDA:1313,47,1,160
BRDA:1314,48,0,0
BRDA:1314,48,1,64
BRDA:1315,49,0,64
BRDA:1315,49,1,0
BRDA:1323,50,0,40
BRDA:1323,50,1,56
BRDA:1326,51,0,24
BRDA:1326,51,1,72
BRDA:1331,52,0,24
BRDA:1331,52,1,72
BRDA:1331,53,0,96
BRDA:1331,53,1,40
BRDA:1331,53,2,24
BRDA:1333,54,0,0
BRDA:1333,54,1,72
BRDA:1333,55,0,72
BRDA:1333,55,1,16
BRDA:1385,56,0,3
BRDA:1385,56,1,3
BRDA:1480,57,0,0
BRDA:1480,57,1,3
BRDA:1486,58,0,0
BRDA:1486,58,1,0
BRDA:1489,59,0,0
BRDA:1489,59,1,0
BRDA:1501,60,0,0
BRDA:1501,60,1,0
BRDA:1504,61,0,0
BRDA:1504,61,1,0
BRF:134
BRH:53
end_of_record
TN:
SF:src/utils/standings.ts
FN:15,getHeadToHead
FN:25,(anonymous_1)
FN:26,(anonymous_2)
FN:30,(anonymous_3)
FN:36,(anonymous_4)
FN:59,calculateStandings
FN:79,(anonymous_6)
FN:95,(anonymous_7)
FN:96,(anonymous_8)
FN:107,(anonymous_9)
FN:142,(anonymous_10)
FN:185,calculatePlayoffStandings
FN:192,(anonymous_12)
FN:209,(anonymous_13)
FN:210,(anonymous_14)
FN:221,(anonymous_15)
FN:259,(anonymous_16)
FN:269,(anonymous_17)
FN:270,(anonymous_18)
FN:276,(anonymous_19)
FNF:20
FNH:11
FNDA:885,getHeadToHead
FNDA:35188,(anonymous_1)
FNDA:14947,(anonymous_2)
FNDA:237,(anonymous_3)
FNDA:237,(anonymous_4)
FNDA:90,calculateStandings
FNDA:853,(anonymous_6)
FNDA:3253,(anonymous_7)
FNDA:1680,(anonymous_8)
FNDA:1684,(anonymous_9)
FNDA:1909,(anonymous_10)
FNDA:0,calculatePlayoffStandings
FNDA:0,(anonymous_12)
FNDA:0,(anonymous_13)
FNDA:0,(anonymous_14)
FNDA:0,(anonymous_15)
FNDA:0,(anonymous_16)
FNDA:0,(anonymous_17)
FNDA:0,(anonymous_18)
FNDA:0,(anonymous_19)
DA:20,885
DA:21,885
DA:22,885
DA:24,885
DA:25,35188
DA:27,14947
DA:31,237
DA:34,237
DA:35,237
DA:36,237
DA:37,237
DA:38,78
DA:39,78
DA:41,159
DA:42,159
DA:46,237
DA:49,237
DA:50,134
DA:51,103
DA:52,103
DA:56,885
DA:65,90
DA:69,90
DA:72,90
DA:73,0
DA:76,90
DA:79,90
DA:80,853
DA:94,90
DA:95,3253
DA:97,1680
DA:98,1680
DA:100,1680
DA:102,1680
DA:103,1680
DA:104,1680
DA:105,1680
DA:107,1680
DA:108,1684
DA:109,1061
DA:110,623
DA:111,623
DA:113,1684
DA:114,1684
DA:117,1680
DA:118,1680
DA:119,1680
DA:120,1680
DA:121,1680
DA:122,1680
DA:123,1680
DA:124,1680
DA:125,1680
DA:126,1680
DA:129,1680
DA:130,1058
DA:131,1058
DA:132,622
DA:133,621
DA:134,621
DA:139,90
DA:142,90
DA:144,1909
DA:146,4
DA:149,1905
DA:153,885
DA:155,885
DA:156,885
DA:157,237
DA:160,648
DA:161,648
DA:162,648
DA:165,0
DA:166,0
DA:167,0
DA:169,0
DA:170,0
DA:174,90
DA:190,0
DA:192,0
DA:193,0
DA:208,0
DA:209,0
DA:211,0
DA:212,0
DA:214,0
DA:216,0
DA:217,0
DA:218,0
DA:219,0
DA:221,0
DA:222,0
DA:223,0
DA:224,0
DA:225,0
DA:227,0
DA:228,0
DA:231,0
DA:232,0
DA:233,0
DA:234,0
DA:235,0
DA:236,0
DA:237,0
DA:238,0
DA:239,0
DA:240,0
DA:243,0
DA:244,0
DA:245,0
DA:246,0
DA:247,0
DA:248,0
DA:249,0
DA:250,0
DA:251,0
DA:252,0
DA:253,0
DA:258,0
DA:259,0
DA:261,0
DA:262,0
DA:265,0
DA:266,0
DA:269,0
DA:270,0
DA:271,0
DA:276,0
LF:128
LH:72
BRDA:27,0,0,14947
BRDA:27,0,1,1029
BRDA:27,0,2,14869
BRDA:27,0,3,1648
BRDA:37,1,0,78
BRDA:37,1,1,159
BRDA:49,2,0,134
BRDA:49,2,1,103
BRDA:51,3,0,103
BRDA:51,3,1,0
BRDA:62,4,0,90
BRDA:65,5,0,0
BRDA:65,5,1,90
BRDA:72,6,0,0
BRDA:72,6,1,90
BRDA:95,7,0,3253
BRDA:95,7,1,1680
BRDA:95,7,2,1680
BRDA:100,8,0,0
BRDA:100,8,1,1680
BRDA:100,9,0,1680
BRDA:100,9,1,1680
BRDA:108,10,0,1061
BRDA:108,10,1,623
BRDA:110,11,0,623
BRDA:110,11,1,0
BRDA:129,12,0,1058
BRDA:129,12,1,622
BRDA:132,13,0,621
BRDA:132,13,1,1
BRDA:144,14,0,4
BRDA:144,14,1,1905
BRDA:146,15,0,4
BRDA:146,15,1,0
BRDA:149,16,0,1020
BRDA:149,16,1,885
BRDA:153,17,0,885
BRDA:153,17,1,0
BRDA:156,18,0,237
BRDA:156,18,1,648
BRDA:167,19,0,0
BRDA:167,19,1,0
BRDA:209,20,0,0
BRDA:209,20,1,0
BRDA:209,20,2,0
BRDA:209,20,3,0
BRDA:209,20,4,0
BRDA:214,21,0,0
BRDA:214,21,1,0
BRDA:214,22,0,0
BRDA:214,22,1,0
BRDA:222,23,0,0
BRDA:222,23,1,0
BRDA:224,24,0,0
BRDA:224,24,1,0
BRDA:244,25,0,0
BRDA:244,25,1,0
BRDA:249,26,0,0
BRDA:249,26,1,0
BRDA:261,27,0,0
BRDA:261,27,1,0
BRDA:261,28,0,0
BRDA:261,28,1,0
BRDA:265,29,0,0
BRDA:265,29,1,0
BRDA:266,30,0,0
BRDA:266,30,1,0
BRDA:271,31,0,0
BRDA:271,31,1,0
BRDA:271,32,0,0
BRDA:271,32,1,0
BRF:71
BRH:33
end_of_record
TN:
SF:src/utils/swissSystem.ts
FN:4,generateSwissRoundMatches
FN:14,(anonymous_1)
FN:15,(anonymous_2)
FN:16,(anonymous_3)
FN:28,(anonymous_4)
FN:59,(anonymous_5)
FN:66,(anonymous_6)
FNF:7
FNH:7
FNDA:9,generateSwissRoundMatches
FNDA:69,(anonymous_1)
FNDA:285,(anonymous_2)
FNDA:256,(anonymous_3)
FNDA:11,(anonymous_4)
FNDA:58,(anonymous_5)
FNDA:26,(anonymous_6)
DA:11,9
DA:14,9
DA:15,285
DA:16,256
DA:17,69
DA:19,69
DA:20,69
DA:21,69
DA:22,69
DA:23,45
DA:27,9
DA:28,9
DA:29,11
DA:30,11
DA:31,11
DA:36,9
DA:37,9
DA:39,9
DA:40,58
DA:41,58
DA:43,32
DA:44,26
DA:45,26
DA:47,26
DA:48,26
DA:49,26
DA:50,26
DA:51,26
DA:52,26
DA:59,58
DA:60,9
DA:61,0
DA:65,9
DA:66,9
DA:67,26
DA:80,9
LF:36
LH:35
BRDA:17,0,0,0
BRDA:17,0,1,69
BRDA:17,1,0,69
BRDA:17,1,1,69
BRDA:19,2,0,0
BRDA:19,2,1,69
BRDA:22,3,0,24
BRDA:22,3,1,45
BRDA:29,4,0,11
BRDA:29,4,1,0
BRDA:29,5,0,11
BRDA:29,5,1,11
BRDA:41,6,0,26
BRDA:41,6,1,32
BRDA:45,7,0,0
BRDA:45,7,1,26
BRDA:48,8,0,26
BRDA:48,8,1,0
BRDA:73,9,0,26
BRDA:73,9,1,0
BRF:20
BRH:14
end_of_record
